Log file open, 02/15/18 10:46:21
LogWindows: Failed to load 'aqProf.dll' (GetLastError=126)
LogWindows: File 'aqProf.dll' does not exist
LogWindows: Failed to load 'VtuneApi.dll' (GetLastError=126)
LogWindows: File 'VtuneApi.dll' does not exist
LogWindows: Failed to load 'VtuneApi32e.dll' (GetLastError=126)
LogWindows: File 'VtuneApi32e.dll' does not exist
LogInit: Display: Running engine for game: Blocks
LogPlatformFile: Not using cached read wrapper
LogInit: Display: RandInit(-1878274708) SRandInit(-1878274707).
LogInit: Read version file with build ID '3709383'
LogInit: Overriding engine version to CL 3832480, compatible CL 3709383
LogInit: Registered custom module enumerator with build ID '3709383'
LogTaskGraph: Started task graph with 5 named threads and 14 total threads with 3 sets of task threads.
LogStats: Stats thread started at 3.759107
LogD3D11RHI: Aftermath initialized
LogPluginManager: Mounting plugin Paper2D
LogPluginManager: Mounting plugin LightPropagationVolume
LogPluginManager: Mounting plugin CodeLiteSourceCodeAccess
LogPluginManager: Mounting plugin GitSourceControl
LogPluginManager: Mounting plugin KDevelopSourceCodeAccess
LogPluginManager: Mounting plugin NullSourceCodeAccess
LogPluginManager: Mounting plugin PerforceSourceControl
LogPluginManager: Mounting plugin SubversionSourceControl
LogPluginManager: Mounting plugin UObjectPlugin
LogPluginManager: Mounting plugin VisualStudioCodeSourceCodeAccess
LogPluginManager: Mounting plugin VisualStudioSourceCodeAccess
LogPluginManager: Mounting plugin XCodeSourceCodeAccess
LogPluginManager: Mounting plugin AssetManagerEditor
LogPluginManager: Mounting plugin AudioCapture
LogPluginManager: Mounting plugin FacialAnimation
LogPluginManager: Mounting plugin GameplayTagsEditor
LogPluginManager: Mounting plugin MobileLauncherProfileWizard
LogPluginManager: Mounting plugin PluginBrowser
LogPluginManager: Mounting plugin SpeedTreeImporter
LogPluginManager: Mounting plugin AlembicImporter
LogPluginManager: Mounting plugin CharacterAI
LogPluginManager: Mounting plugin HTML5Networking
LogPluginManager: Mounting plugin AndroidMedia
LogPluginManager: Mounting plugin AvfMedia
LogPluginManager: Mounting plugin ImgMedia
LogPluginManager: Mounting plugin MediaCompositing
LogPluginManager: Mounting plugin MediaPlayerEditor
LogPluginManager: Mounting plugin WmfMedia
LogPluginManager: Mounting plugin TcpMessaging
LogPluginManager: Mounting plugin UdpMessaging
LogPluginManager: Mounting plugin ActorSequence
LogPluginManager: Mounting plugin LevelSequenceEditor
LogPluginManager: Mounting plugin MatineeToLevelSequence
LogPluginManager: Mounting plugin OnlineSubsystemGooglePlay
LogPluginManager: Mounting plugin OnlineSubsystemIOS
LogPluginManager: Mounting plugin OnlineSubsystem
LogPluginManager: Mounting plugin OnlineSubsystemNull
LogPluginManager: Mounting plugin OnlineSubsystemUtils
LogPluginManager: Mounting plugin AndroidDeviceProfileSelector
LogPluginManager: Mounting plugin AndroidMoviePlayer
LogPluginManager: Mounting plugin AndroidPermission
LogPluginManager: Mounting plugin AppleARKit
LogPluginManager: Mounting plugin AppleMoviePlayer
LogPluginManager: Mounting plugin ArchVisCharacter
LogPluginManager: Mounting plugin CableComponent
LogPluginManager: Mounting plugin CustomMeshComponent
LogPluginManager: Mounting plugin ExampleDeviceProfileSelector
LogPluginManager: Mounting plugin GoogleCloudMessaging
LogPluginManager: Mounting plugin ImmediatePhysics
LogPluginManager: Mounting plugin IOSDeviceProfileSelector
LogPluginManager: Mounting plugin LinuxDeviceProfileSelector
LogPluginManager: Mounting plugin LocationServicesBPLibrary
LogPluginManager: Mounting plugin MobilePatchingUtils
LogPluginManager: Mounting plugin OculusVR
LogPluginManager: Plugin shader directory ../../../Engine/Plugins/Runtime/Oculus/OculusVR/Shaders found
LogPluginManager: Mapping shader source directory ../../../Engine/Plugins/Runtime/Oculus/OculusVR/Shaders to virtual directory /Plugin/OculusVR
LogPluginManager: Mounting plugin PhysXVehicles
LogPluginManager: Mounting plugin ProceduralMeshComponent
LogPluginManager: Mounting plugin RuntimePhysXCooking
LogPluginManager: Mounting plugin SteamVR
LogPluginManager: Mounting plugin WindowsMoviePlayer
LogPluginManager: Mounting plugin AirSim
LogModuleManager: Display: Found up-to-date module file ../../../../../../Users/ASUS/Desktop/Cassiopée/stier/Binaries/Win64/UE4Editor-Blocks.dll (API version 3709383).
LogModuleManager: Display: Found up-to-date module file ../../../Engine/Plugins/2D/Paper2D/Binaries/Win64/UE4Editor-Paper2D.dll (API version 3709383).
LogModuleManager: Display: Found up-to-date module file ../../../Engine/Plugins/2D/Paper2D/Binaries/Win64/UE4Editor-Paper2DEditor.dll (API version 3709383).
LogModuleManager: Display: Found up-to-date module file ../../../Engine/Plugins/2D/Paper2D/Binaries/Win64/UE4Editor-PaperSpriteSheetImporter.dll (API version 3709383).
LogModuleManager: Display: Found up-to-date module file ../../../Engine/Plugins/2D/Paper2D/Binaries/Win64/UE4Editor-PaperTiledImporter.dll (API version 3709383).
LogModuleManager: Display: Found up-to-date module file ../../../Engine/Plugins/2D/Paper2D/Binaries/Win64/UE4Editor-SmartSnapping.dll (API version 3709383).
LogModuleManager: Display: Found up-to-date module file ../../../Engine/Plugins/Blendables/LightPropagationVolume/Binaries/Win64/UE4Editor-LightPropagationVolumeRuntime.dll (API version 3709383).
LogModuleManager: Display: Found up-to-date module file ../../../Engine/Plugins/Blendables/LightPropagationVolume/Binaries/Win64/UE4Editor-LightPropagationVolumeEditor.dll (API version 3709383).
LogModuleManager: Display: Found up-to-date module file ../../../Engine/Plugins/Developer/GitSourceControl/Binaries/Win64/UE4Editor-GitSourceControl.dll (API version 3709383).
LogModuleManager: Display: Found up-to-date module file ../../../Engine/Plugins/Developer/PerforceSourceControl/Binaries/Win64/UE4Editor-PerforceSourceControl.dll (API version 3709383).
LogModuleManager: Display: Found up-to-date module file ../../../Engine/Plugins/Developer/SubversionSourceControl/Binaries/Win64/UE4Editor-SubversionSourceControl.dll (API version 3709383).
LogModuleManager: Display: Found up-to-date module file ../../../Engine/Plugins/Developer/UObjectPlugin/Binaries/Win64/UE4Editor-UObjectPlugin.dll (API version 3709383).
LogModuleManager: Display: Found up-to-date module file ../../../Engine/Plugins/Developer/VisualStudioCodeSourceCodeAccess/Binaries/Win64/UE4Editor-VisualStudioCodeSourceCodeAccess.dll (API version 3709383).
LogModuleManager: Display: Found up-to-date module file ../../../Engine/Plugins/Developer/VisualStudioSourceCodeAccess/Binaries/Win64/UE4Editor-VisualStudioSourceCodeAccess.dll (API version 3709383).
LogModuleManager: Display: Found up-to-date module file ../../../Engine/Plugins/Editor/AssetManagerEditor/Binaries/Win64/UE4Editor-AssetManagerEditor.dll (API version 3709383).
LogModuleManager: Display: Found up-to-date module file ../../../Engine/Plugins/Editor/AudioCapture/Binaries/Win64/UE4Editor-AudioCapture.dll (API version 3709383).
LogModuleManager: Display: Found up-to-date module file ../../../Engine/Plugins/Editor/FacialAnimation/Binaries/Win64/UE4Editor-FacialAnimation.dll (API version 3709383).
LogModuleManager: Display: Found up-to-date module file ../../../Engine/Plugins/Editor/FacialAnimation/Binaries/Win64/UE4Editor-FacialAnimationEditor.dll (API version 3709383).
LogModuleManager: Display: Found up-to-date module file ../../../Engine/Plugins/Editor/GameplayTagsEditor/Binaries/Win64/UE4Editor-GameplayTagsEditor.dll (API version 3709383).
LogModuleManager: Display: Found up-to-date module file ../../../Engine/Plugins/Editor/MobileLauncherProfileWizard/Binaries/Win64/UE4Editor-MobileLauncherProfileWizard.dll (API version 3709383).
LogModuleManager: Display: Found up-to-date module file ../../../Engine/Plugins/Editor/PluginBrowser/Binaries/Win64/UE4Editor-PluginBrowser.dll (API version 3709383).
LogModuleManager: Display: Found up-to-date module file ../../../Engine/Plugins/Editor/SpeedTreeImporter/Binaries/Win64/UE4Editor-SpeedTreeImporter.dll (API version 3709383).
LogModuleManager: Display: Found up-to-date module file ../../../Engine/Plugins/Experimental/AlembicImporter/Binaries/Win64/UE4Editor-AlembicImporter.dll (API version 3709383).
LogModuleManager: Display: Found up-to-date module file ../../../Engine/Plugins/Experimental/AlembicImporter/Binaries/Win64/UE4Editor-AlembicLibrary.dll (API version 3709383).
LogModuleManager: Display: Found up-to-date module file ../../../Engine/Plugins/Experimental/CharacterAI/Binaries/Win64/UE4Editor-CharacterAI.dll (API version 3709383).
LogModuleManager: Display: Found up-to-date module file ../../../Engine/Plugins/Experimental/HTML5Networking/Binaries/Win64/UE4Editor-HTML5Networking.dll (API version 3709383).
LogModuleManager: Display: Found up-to-date module file ../../../Engine/Plugins/Media/AndroidMedia/Binaries/Win64/UE4Editor-AndroidMediaEditor.dll (API version 3709383).
LogModuleManager: Display: Found up-to-date module file ../../../Engine/Plugins/Media/AndroidMedia/Binaries/Win64/UE4Editor-AndroidMediaFactory.dll (API version 3709383).
LogModuleManager: Display: Found up-to-date module file ../../../Engine/Plugins/Media/AvfMedia/Binaries/Win64/UE4Editor-AvfMediaEditor.dll (API version 3709383).
LogModuleManager: Display: Found up-to-date module file ../../../Engine/Plugins/Media/AvfMedia/Binaries/Win64/UE4Editor-AvfMediaFactory.dll (API version 3709383).
LogModuleManager: Display: Found up-to-date module file ../../../Engine/Plugins/Media/AvfMedia/Binaries/Win64/UE4Editor-AvfMediaFactory.dll (API version 3709383).
LogModuleManager: Display: Found up-to-date module file ../../../Engine/Plugins/Media/ImgMedia/Binaries/Win64/UE4Editor-ImgMedia.dll (API version 3709383).
LogModuleManager: Display: Found up-to-date module file ../../../Engine/Plugins/Media/ImgMedia/Binaries/Win64/UE4Editor-ImgMediaEditor.dll (API version 3709383).
LogModuleManager: Display: Found up-to-date module file ../../../Engine/Plugins/Media/ImgMedia/Binaries/Win64/UE4Editor-ImgMediaFactory.dll (API version 3709383).
LogModuleManager: Display: Found up-to-date module file ../../../Engine/Plugins/Media/ImgMedia/Binaries/Win64/UE4Editor-ImgMediaFactory.dll (API version 3709383).
LogModuleManager: Display: Found up-to-date module file ../../../Engine/Plugins/Media/ImgMedia/Binaries/Win64/UE4Editor-OpenExrWrapper.dll (API version 3709383).
LogModuleManager: Display: Found up-to-date module file ../../../Engine/Plugins/Media/MediaCompositing/Binaries/Win64/UE4Editor-MediaCompositing.dll (API version 3709383).
LogModuleManager: Display: Found up-to-date module file ../../../Engine/Plugins/Media/MediaCompositing/Binaries/Win64/UE4Editor-MediaCompositingEditor.dll (API version 3709383).
LogModuleManager: Display: Found up-to-date module file ../../../Engine/Plugins/Media/MediaPlayerEditor/Binaries/Win64/UE4Editor-MediaPlayerEditor.dll (API version 3709383).
LogModuleManager: Display: Found up-to-date module file ../../../Engine/Plugins/Media/WmfMedia/Binaries/Win64/UE4Editor-WmfMedia.dll (API version 3709383).
LogModuleManager: Display: Found up-to-date module file ../../../Engine/Plugins/Media/WmfMedia/Binaries/Win64/UE4Editor-WmfMediaEditor.dll (API version 3709383).
LogModuleManager: Display: Found up-to-date module file ../../../Engine/Plugins/Media/WmfMedia/Binaries/Win64/UE4Editor-WmfMediaFactory.dll (API version 3709383).
LogModuleManager: Display: Found up-to-date module file ../../../Engine/Plugins/Media/WmfMedia/Binaries/Win64/UE4Editor-WmfMediaFactory.dll (API version 3709383).
LogModuleManager: Display: Found up-to-date module file ../../../Engine/Plugins/Messaging/TcpMessaging/Binaries/Win64/UE4Editor-TcpMessaging.dll (API version 3709383).
LogModuleManager: Display: Found up-to-date module file ../../../Engine/Plugins/Messaging/UdpMessaging/Binaries/Win64/UE4Editor-UdpMessaging.dll (API version 3709383).
LogModuleManager: Display: Found up-to-date module file ../../../Engine/Plugins/MovieScene/ActorSequence/Binaries/Win64/UE4Editor-ActorSequence.dll (API version 3709383).
LogModuleManager: Display: Found up-to-date module file ../../../Engine/Plugins/MovieScene/LevelSequenceEditor/Binaries/Win64/UE4Editor-LevelSequenceEditor.dll (API version 3709383).
LogModuleManager: Display: Found up-to-date module file ../../../Engine/Plugins/MovieScene/MatineeToLevelSequence/Binaries/Win64/UE4Editor-MatineeToLevelSequence.dll (API version 3709383).
LogModuleManager: Display: Found up-to-date module file ../../../Engine/Plugins/Online/OnlineSubsystem/Binaries/Win64/UE4Editor-OnlineSubsystem.dll (API version 3709383).
LogModuleManager: Display: Found up-to-date module file ../../../Engine/Plugins/Online/OnlineSubsystemNull/Binaries/Win64/UE4Editor-OnlineSubsystemNull.dll (API version 3709383).
LogModuleManager: Display: Found up-to-date module file ../../../Engine/Plugins/Online/OnlineSubsystemUtils/Binaries/Win64/UE4Editor-OnlineSubsystemUtils.dll (API version 3709383).
LogModuleManager: Display: Found up-to-date module file ../../../Engine/Plugins/Online/OnlineSubsystemUtils/Binaries/Win64/UE4Editor-OnlineBlueprintSupport.dll (API version 3709383).
LogModuleManager: Display: Found up-to-date module file ../../../Engine/Plugins/Runtime/AndroidDeviceProfileSelector/Binaries/Win64/UE4Editor-AndroidDeviceProfileSelector.dll (API version 3709383).
LogModuleManager: Display: Found up-to-date module file ../../../Engine/Plugins/Runtime/AndroidPermission/Binaries/Win64/UE4Editor-AndroidPermission.dll (API version 3709383).
LogModuleManager: Display: Found up-to-date module file ../../../Engine/Plugins/Runtime/AppleARKit/Binaries/Win64/UE4Editor-AppleARKit.dll (API version 3709383).
LogModuleManager: Display: Found up-to-date module file ../../../Engine/Plugins/Runtime/ArchVisCharacter/Binaries/Win64/UE4Editor-ArchVisCharacter.dll (API version 3709383).
LogModuleManager: Display: Found up-to-date module file ../../../Engine/Plugins/Runtime/CableComponent/Binaries/Win64/UE4Editor-CableComponent.dll (API version 3709383).
LogModuleManager: Display: Found up-to-date module file ../../../Engine/Plugins/Runtime/CustomMeshComponent/Binaries/Win64/UE4Editor-CustomMeshComponent.dll (API version 3709383).
LogModuleManager: Display: Found up-to-date module file ../../../Engine/Plugins/Runtime/ExampleDeviceProfileSelector/Binaries/Win64/UE4Editor-ExampleDeviceProfileSelector.dll (API version 3709383).
LogModuleManager: Display: Found up-to-date module file ../../../Engine/Plugins/Runtime/ImmediatePhysics/Binaries/Win64/UE4Editor-ImmediatePhysics.dll (API version 3709383).
LogModuleManager: Display: Found up-to-date module file ../../../Engine/Plugins/Runtime/ImmediatePhysics/Binaries/Win64/UE4Editor-ImmediatePhysicsEditor.dll (API version 3709383).
LogModuleManager: Display: Found up-to-date module file ../../../Engine/Plugins/Runtime/LocationServicesBPLibrary/Binaries/Win64/UE4Editor-LocationServicesBPLibrary.dll (API version 3709383).
LogModuleManager: Display: Found up-to-date module file ../../../Engine/Plugins/Runtime/MobilePatchingUtils/Binaries/Win64/UE4Editor-MobilePatchingUtils.dll (API version 3709383).
LogModuleManager: Display: Found up-to-date module file ../../../Engine/Plugins/Runtime/Oculus/OculusVR/Binaries/Win64/UE4Editor-OculusHMD.dll (API version 3709383).
LogModuleManager: Display: Found up-to-date module file ../../../Engine/Plugins/Runtime/Oculus/OculusVR/Binaries/Win64/UE4Editor-OculusInput.dll (API version 3709383).
LogModuleManager: Display: Found up-to-date module file ../../../Engine/Plugins/Runtime/Oculus/OculusVR/Binaries/Win64/UE4Editor-OculusEditor.dll (API version 3709383).
LogModuleManager: Display: Found up-to-date module file ../../../Engine/Plugins/Runtime/PhysXVehicles/Binaries/Win64/UE4Editor-PhysXVehicles.dll (API version 3709383).
LogModuleManager: Display: Found up-to-date module file ../../../Engine/Plugins/Runtime/PhysXVehicles/Binaries/Win64/UE4Editor-PhysXVehiclesEditor.dll (API version 3709383).
LogModuleManager: Display: Found up-to-date module file ../../../Engine/Plugins/Runtime/ProceduralMeshComponent/Binaries/Win64/UE4Editor-ProceduralMeshComponent.dll (API version 3709383).
LogModuleManager: Display: Found up-to-date module file ../../../Engine/Plugins/Runtime/ProceduralMeshComponent/Binaries/Win64/UE4Editor-ProceduralMeshComponentEditor.dll (API version 3709383).
LogModuleManager: Display: Found up-to-date module file ../../../Engine/Plugins/Runtime/RuntimePhysXCooking/Binaries/Win64/UE4Editor-RuntimePhysXCooking.dll (API version 3709383).
LogModuleManager: Display: Found up-to-date module file ../../../Engine/Plugins/Runtime/Steam/SteamVR/Binaries/Win64/UE4Editor-SteamVR.dll (API version 3709383).
LogModuleManager: Display: Found up-to-date module file ../../../Engine/Plugins/Runtime/Steam/SteamVR/Binaries/Win64/UE4Editor-SteamVRController.dll (API version 3709383).
LogModuleManager: Display: Found up-to-date module file ../../../Engine/Plugins/Runtime/WindowsMoviePlayer/Binaries/Win64/UE4Editor-WindowsMoviePlayer.dll (API version 3709383).
LogModuleManager: Display: Found up-to-date module file ../../../../../../Users/ASUS/Desktop/Cassiopée/stier/Plugins/AirSim/Binaries/Win64/UE4Editor-AirSim.dll (API version 3709383).
LogInit: Using libcurl 7.47.1
LogInit:  - built for x86_64-pc-win32
LogInit:  - supports SSL with OpenSSL/1.0.2g
LogInit:  - supports HTTP deflate (compression) using libz 1.2.8
LogInit:  - other features:
LogInit:      CURL_VERSION_SSL
LogInit:      CURL_VERSION_LIBZ
LogInit:      CURL_VERSION_IPV6
LogInit:      CURL_VERSION_ASYNCHDNS
LogInit:      CURL_VERSION_LARGEFILE
LogInit:      CURL_VERSION_IDN
LogInit:  CurlRequestOptions (configurable via config and command line):
LogInit:  - bVerifyPeer = false  - Libcurl will NOT verify peer certificate
LogInit:  - bUseHttpProxy = false  - Libcurl will NOT use HTTP proxy
LogInit:  - bDontReuseConnections = false  - Libcurl will reuse connections
LogInit:  - CertBundlePath = nullptr  - Libcurl will use whatever was configured at build time.
LogInit: Build: ++UE4+Release-4.18-CL-3832480
LogInit: Engine Version: 4.18.3-3832480+++UE4+Release-4.18
LogInit: Compatible Engine Version: 4.18.0-3709383+++UE4+Release-4.18
LogInit: Net CL: 3709383
LogDevObjectVersion: Number of dev versions registered: 16
LogDevObjectVersion:   Dev-Blueprints (B0D832E4-1F89-4F0D-ACCF-7EB736FD4AA2): 10
LogDevObjectVersion:   Dev-Build (E1C64328-A22C-4D53-A36C-8E866417BD8C): 0
LogDevObjectVersion:   Dev-Core (375EC13C-06E4-48FB-B500-84F0262A717E): 2
LogDevObjectVersion:   Dev-Editor (E4B068ED-F494-42E9-A231-DA0B2E46BB41): 20
LogDevObjectVersion:   Dev-Framework (CFFC743F-43B0-4480-9391-14DF171D2073): 30
LogDevObjectVersion:   Dev-Mobile (B02B49B5-BB20-44E9-A304-32B752E40360): 0
LogDevObjectVersion:   Dev-Networking (A4E4105C-59A1-49B5-A7C5-40C4547EDFEE): 0
LogDevObjectVersion:   Dev-Online (39C831C9-5AE6-47DC-9A44-9C173E1C8E7C): 0
LogDevObjectVersion:   Dev-Physics (78F01B33-EBEA-4F98-B9B4-84EACCB95AA2): 0
LogDevObjectVersion:   Dev-Platform (6631380F-2D4D-43E0-8009-CF276956A95A): 0
LogDevObjectVersion:   Dev-Rendering (12F88B9F-8875-4AFC-A67C-D90C383ABD29): 20
LogDevObjectVersion:   Dev-Sequencer (7B5AE74C-D270-4C10-A958-57980B212A5A): 4
LogDevObjectVersion:   Dev-VR (D7296918-1DD6-4BDD-9DE2-64A83CC13884): 0
LogDevObjectVersion:   Dev-LoadTimes (C2A15278-BFE7-4AFE-6C17-90FF531DF755): 1
LogDevObjectVersion:   Private-Geometry (6EACA3D4-40EC-4CC1-B786-8BED09428FC5): 1
LogDevObjectVersion:   Dev-AnimPhys (29E575DD-E0A3-4627-9D10-D276232CDCEA): 12
LogInit: Compiled (64-bit): Jan 12 2018 02:04:55
LogInit: Compiled with Visual C++: 19.00.24215.01
LogInit: Build Configuration: Development
LogInit: Branch Name: ++UE4+Release-4.18
LogInit: Command line:  
LogInit: Base directory: C:/Program Files/Epic Games/UE_4.18/Engine/Binaries/Win64/
LogInit: Installed Engine Build: 1
LogInit: Presizing for max 8388607 objects, including 0 objects not considered by GC, pre-allocating 0 bytes for permanent pool.
LogInit: Object subsystem initialized
[2018.02.15-09.46.27:560][  0]LogInit: Selected Device Profile: [Windows]
[2018.02.15-09.46.27:560][  0]LogInit: Applying CVar settings loaded from the selected device profile: [Windows]
[2018.02.15-09.46.27:696][  0]LogInit: Computer: DESKTOP-EBDG29O
[2018.02.15-09.46.27:696][  0]LogInit: User: ASUS
[2018.02.15-09.46.27:696][  0]LogInit: CPU Page size=4096, Cores=4
[2018.02.15-09.46.27:696][  0]LogInit: High frequency timer resolution =2.531245 MHz
[2018.02.15-09.46.27:696][  0]LogMemory: Memory total: Physical=7.9GB (8GB approx)
[2018.02.15-09.46.27:696][  0]LogMemory: Platform Memory Stats for Windows
[2018.02.15-09.46.27:696][  0]LogMemory: Process Physical Memory: 273.90 MB used, 273.90 MB peak
[2018.02.15-09.46.27:696][  0]LogMemory: Process Virtual Memory: 271.70 MB used, 271.70 MB peak
[2018.02.15-09.46.27:696][  0]LogMemory: Physical Memory: 3260.88 MB used,  4796.38 MB free, 8057.26 MB total
[2018.02.15-09.46.27:696][  0]LogMemory: Virtual Memory: 684.70 MB used,  4796.38 MB free, 134217728.00 MB total
[2018.02.15-09.46.29:550][  0]LogInit: Using OS detected language (fr-FR).
[2018.02.15-09.46.29:550][  0]LogInit: Using OS detected locale (fr-FR).
[2018.02.15-09.46.29:754][  0]LogTextLocalizationManager: No localization for 'fr-FR' exists, so 'en' will be used for the language.
[2018.02.15-09.46.29:755][  0]LogTextLocalizationManager: No localization for 'fr-FR' exists, so 'en' will be used for the locale.
[2018.02.15-09.46.30:662][  0]LogInit: Setting process to per monitor DPI aware
[2018.02.15-09.46.38:353][  0]LogD3D11RHI: D3D11 adapters:
[2018.02.15-09.46.38:701][  0]LogD3D11RHI:    0. 'NVIDIA GeForce GTX 950M' (Feature Level 11_0)
[2018.02.15-09.46.38:701][  0]LogD3D11RHI:       2018/0/4028 MB DedicatedVideo/DedicatedSystem/SharedSystem, Outputs:1, VendorId:0x10de
[2018.02.15-09.46.38:717][  0]LogD3D11RHI:    1. 'Intel(R) HD Graphics 530' (Feature Level 11_0)
[2018.02.15-09.46.38:717][  0]LogD3D11RHI:       128/0/4028 MB DedicatedVideo/DedicatedSystem/SharedSystem, Outputs:0, VendorId:0x8086
[2018.02.15-09.46.38:719][  0]LogD3D11RHI:    2. 'Microsoft Basic Render Driver' (Feature Level 11_0)
[2018.02.15-09.46.38:719][  0]LogD3D11RHI:       0/0/4028 MB DedicatedVideo/DedicatedSystem/SharedSystem, Outputs:0, VendorId:0x1414
[2018.02.15-09.46.38:719][  0]LogD3D11RHI: Chosen D3D11 Adapter: 0
[2018.02.15-09.46.38:725][  0]LogD3D11RHI: Creating new Direct3DDevice
[2018.02.15-09.46.38:725][  0]LogD3D11RHI:     GPU DeviceId: 0x139a (for the marketing name, search the web for "GPU Device Id")
[2018.02.15-09.46.38:725][  0]LogWindows: EnumDisplayDevices:
[2018.02.15-09.46.38:725][  0]LogWindows:    0. 'Intel(R) HD Graphics 530' (P:1 D:1)
[2018.02.15-09.46.38:725][  0]LogWindows:    1. 'Intel(R) HD Graphics 530' (P:0 D:0)
[2018.02.15-09.46.38:726][  0]LogWindows:    2. 'Intel(R) HD Graphics 530' (P:0 D:0)
[2018.02.15-09.46.38:726][  0]LogWindows: DebugString: GetVideoDriverDetailsInvalid PrimaryIsNotTheChoosenAdapter GetVideoDriverDetailsInvalid PrimaryIsNotTheChoosenAdapter GetVideoDriverDetailsInvalid PrimaryIsNotTheChoosenAdapter FoundDriverCount:0 
[2018.02.15-09.46.38:726][  0]LogD3D11RHI:     Adapter Name: NVIDIA GeForce GTX 950M
[2018.02.15-09.46.38:726][  0]LogD3D11RHI:   Driver Version: Unknown (internal:Unknown, unified:Unknown)
[2018.02.15-09.46.38:726][  0]LogD3D11RHI:      Driver Date: Unknown
[2018.02.15-09.46.38:726][  0]LogRHI: Texture pool is 1413 MB (70% of 2018 MB)
[2018.02.15-09.46.38:793][  0]LogD3D11RHI: Async texture creation enabled
[2018.02.15-09.46.39:098][  0]LogD3D11RHI: GPU Timing Frequency: 1000.000000 (Debug: 2 1)
[2018.02.15-09.46.39:161][  0]LogShaderCompilers: Guid format shader working directory is -7 characters bigger than the processId version (../../../../../../Users/ASUS/Desktop/Cassiopée/stier/Intermediate/Shaders/WorkingDirectory/1528/).
[2018.02.15-09.46.39:161][  0]LogShaderCompilers: Cleaned the shader compiler working directory 'C:/Users/ASUS/AppData/Local/Temp/UnrealShaderWorkingDir/60F379E848C9BD6A352B4FA9F038E383/'.
[2018.02.15-09.46.39:177][  0]LogShaderCompilers: Display: Using Local Shader Compiler.
[2018.02.15-09.46.47:908][  0]LogTemp: Display: Loaded TP AllDesktopTargetPlatform
[2018.02.15-09.46.47:969][  0]LogTemp: Display: Loaded TP MacClientTargetPlatform
[2018.02.15-09.46.48:029][  0]LogTemp: Display: Loaded TP MacNoEditorTargetPlatform
[2018.02.15-09.46.48:089][  0]LogTemp: Display: Loaded TP MacServerTargetPlatform
[2018.02.15-09.46.48:189][  0]LogTemp: Display: Loaded TP MacTargetPlatform
[2018.02.15-09.46.48:254][  0]LogTemp: Display: Loaded TP WindowsClientTargetPlatform
[2018.02.15-09.46.48:326][  0]LogTemp: Display: Loaded TP WindowsNoEditorTargetPlatform
[2018.02.15-09.46.48:386][  0]LogTemp: Display: Loaded TP WindowsServerTargetPlatform
[2018.02.15-09.46.48:441][  0]LogTemp: Display: Loaded TP WindowsTargetPlatform
[2018.02.15-09.46.48:499][  0]LogTemp: Display: Loaded TP Android_ASTCTargetPlatform
[2018.02.15-09.46.48:558][  0]LogTemp: Display: Loaded TP Android_ATCTargetPlatform
[2018.02.15-09.46.48:617][  0]LogTemp: Display: Loaded TP Android_DXTTargetPlatform
[2018.02.15-09.46.48:676][  0]LogTemp: Display: Loaded TP Android_ETC1TargetPlatform
[2018.02.15-09.46.48:735][  0]LogTemp: Display: Loaded TP Android_ETC2TargetPlatform
[2018.02.15-09.46.48:854][  0]LogTemp: Display: Loaded TP Android_MultiTargetPlatform
[2018.02.15-09.46.48:854][  0]LogTemp: Display: Loaded TP Android_PVRTCTargetPlatform
[2018.02.15-09.46.48:931][  0]LogTemp: Display: Loaded TP AndroidTargetPlatform
[2018.02.15-09.46.48:977][  0]LogTemp: Display: Loaded TP HTML5TargetPlatform
[2018.02.15-09.46.49:144][  0]LogTemp: Display: Loaded TP IOSTargetPlatform
[2018.02.15-09.46.49:186][  0]LogTemp: Display: Loaded TP TVOSTargetPlatform
[2018.02.15-09.46.49:266][  0]LogTemp: Display: Loaded TP LinuxClientTargetPlatform
[2018.02.15-09.46.49:333][  0]LogTemp: Display: Loaded TP LinuxNoEditorTargetPlatform
[2018.02.15-09.46.49:412][  0]LogTemp: Display: Loaded TP LinuxServerTargetPlatform
[2018.02.15-09.46.49:505][  0]LogTemp: Display: Loaded TP LinuxTargetPlatform
[2018.02.15-09.46.49:505][  0]LogTargetPlatformManager: Display: Building Assets For Windows
[2018.02.15-09.46.50:687][  0]LogDerivedDataCache: Display: Max Cache Size: 512 MB
[2018.02.15-09.46.51:921][  0]LogDerivedDataCache: Loaded boot cache 1.20s 110MB C:/Users/ASUS/AppData/Local/UnrealEngine/4.18/DerivedDataCache/Boot.ddc.
[2018.02.15-09.46.51:921][  0]LogDerivedDataCache: Display: Loaded Boot cache: C:/Users/ASUS/AppData/Local/UnrealEngine/4.18/DerivedDataCache/Boot.ddc
[2018.02.15-09.46.51:922][  0]LogDerivedDataCache: FDerivedDataBackendGraph:  Pak pak cache file ../../../../../../Users/ASUS/Desktop/Cassiopée/stier/DerivedDataCache/DDC.ddp not found, will not use a pak cache.
[2018.02.15-09.46.51:922][  0]LogDerivedDataCache: Unable to find inner node Pak for hierarchical cache Hierarchy.
[2018.02.15-09.46.51:922][  0]LogDerivedDataCache: FDerivedDataBackendGraph:  CompressedPak pak cache file ../../../../../../Users/ASUS/Desktop/Cassiopée/stier/DerivedDataCache/Compressed.ddp not found, will not use a pak cache.
[2018.02.15-09.46.51:922][  0]LogDerivedDataCache: Unable to find inner node CompressedPak for hierarchical cache Hierarchy.
[2018.02.15-09.46.52:013][  0]LogDerivedDataCache: Display: Pak cache opened for reading ../../../Engine/DerivedDataCache/Compressed.ddp.
[2018.02.15-09.46.52:054][  0]LogDerivedDataCache: Using Local data cache path C:/Users/ASUS/AppData/Local/UnrealEngine/Common/DerivedDataCache: Writable
[2018.02.15-09.46.52:148][  0]LogMaterial: Verifying Global Shaders for PCD3D_SM5
[2018.02.15-09.46.52:224][  0]LogSlate: Using Freetype 2.6.0
[2018.02.15-09.46.52:268][  0]LogSlate: SlateFontCache - WITH_FREETYPE: 1, WITH_HARFBUZZ: 1
[2018.02.15-09.46.52:277][  0]LogSlate: SlateFontCache - WITH_FREETYPE: 1, WITH_HARFBUZZ: 1
[2018.02.15-09.46.58:751][  0]LogInit: Selected Device Profile: [Windows]
[2018.02.15-09.47.00:921][  0]LogSimplygon: Simplygon DLL not present - disabling.
[2018.02.15-09.47.00:998][  0]LogMeshReduction: Using SimplygonSwarm for distributed automatic mesh merging
[2018.02.15-09.47.00:999][  0]LogMeshReduction: Using QuadricMeshReduction for automatic static mesh reduction
[2018.02.15-09.47.00:999][  0]LogMeshReduction: No automatic skeletal mesh reduction module available
[2018.02.15-09.47.00:999][  0]LogMeshReduction: No automatic mesh merging module available
[2018.02.15-09.47.00:999][  0]LogMeshMerging: No automatic mesh merging module available
[2018.02.15-09.47.01:487][  0]LogNetVersion: Blocks , NetCL: 3709383, EngineNetVer: 2, GameNetVer: 0 (Checksum: 1559670006)
[2018.02.15-09.47.03:438][  0]LogAssetRegistry: FAssetRegistry took 0.0312 seconds to start up
[2018.02.15-09.47.08:791][  0]LogPackageLocalizationCache: Processed 8 localized package path(s) for 1 prioritized culture(s) in 0.141149 seconds
[2018.02.15-09.47.08:838][  0]LogUObjectArray: 35870 objects as part of root set at end of initial load.
[2018.02.15-09.47.08:838][  0]LogUObjectAllocator: 7363696 out of 0 bytes used by permanent object pool.
[2018.02.15-09.47.08:838][  0]LogUObjectArray: CloseDisregardForGC: 0/0 objects in disregard for GC pool
[2018.02.15-09.47.08:939][  0]LogInit: WinSock: version 1.1 (2.2), MaxSocks=32767, MaxUdp=65467
[2018.02.15-09.47.40:320][  0]LogTcpMessaging: Initializing TcpMessaging bridge
[2018.02.15-09.47.40:390][  0]LogUdpMessaging: Initializing bridge on interface 0.0.0.0:0 to multicast group 230.0.0.1:6666.
[2018.02.15-09.47.43:760][  0]LogLinker: Warning: Asset '../../../../../../Users/ASUS/Desktop/Cassiopée/stier/Plugins/AirSim/Content/VehicleAdv/SUV/SuvCarPawn.uasset' has been saved with empty engine version. The asset will be loaded but may be incompatible.
[2018.02.15-09.47.43:817][  0]LogLinker: Warning: Asset '../../../../../../Users/ASUS/Desktop/Cassiopée/stier/Plugins/AirSim/Content/VehicleAdv/SUV/SuvBackTireData.uasset' has been saved with empty engine version. The asset will be loaded but may be incompatible.
[2018.02.15-09.47.43:830][  0]LogLinker: Warning: Asset '../../../../../../Users/ASUS/Desktop/Cassiopée/stier/Plugins/AirSim/Content/VehicleAdv/SUV/SuvFrontTireData.uasset' has been saved with empty engine version. The asset will be loaded but may be incompatible.
[2018.02.15-09.47.48:847][  0]LogMaterial: Uniform references updated for custom material expression Custom.
[2018.02.15-09.47.50:000][  0]SourceControl: Source control is disabled
[2018.02.15-09.47.50:001][  0]SourceControl: Source control is disabled
[2018.02.15-09.47.50:145][  0]SourceControl: Source control is disabled
[2018.02.15-09.47.50:250][  0]SourceControl: Source control is disabled
[2018.02.15-09.47.51:827][  0]LogAndroidPermission: UAndroidPermissionCallbackProxy::GetInstance
[2018.02.15-09.47.52:171][  0]LogOcInput: OculusInput pre-init called
[2018.02.15-09.47.52:989][  0]LogEngine: Initializing Engine...
[2018.02.15-09.47.53:043][  0]LogHMD: Failed to initialize OpenVR with code 110
[2018.02.15-09.47.54:142][  0]LogStats: UGameplayTagsManager::ConstructGameplayTagTree: Construct from data asset -  0.000 s
[2018.02.15-09.47.54:142][  0]LogStats: UGameplayTagsManager::ConstructGameplayTagTree: GameplayTagTreeChangedEvent.Broadcast -  0.000 s
[2018.02.15-09.47.54:469][  0]LogAIModule: Creating AISystem for world Untitled
[2018.02.15-09.47.54:612][  0]LogInit: XAudio2 using 'Speakers (Conexant SmartAudio HD)' : 2 channels at 48 kHz using 32 bits per sample (channel mask 0x3)
[2018.02.15-09.47.54:656][  0]LogInit: FAudioDevice initialized.
[2018.02.15-09.47.54:896][  0]LogDerivedDataCache: Saved boot cache 0.24s 103MB C:/Users/ASUS/AppData/Local/UnrealEngine/4.18/DerivedDataCache/Boot.ddc.
[2018.02.15-09.47.54:912][  0]LogInit: Texture streaming: Enabled
[2018.02.15-09.47.55:471][  0]LogEngineSessionManager: EngineSessionManager initialized
[2018.02.15-09.47.55:766][  0]LogInit: Transaction tracking system initialized
[2018.02.15-09.47.56:458][  0]BlueprintLog: New page: Editor Load
[2018.02.15-09.47.58:776][  0]LocalizationService: Localization service is disabled
[2018.02.15-09.48.00:723][  0]LogConsoleResponse: Display: 
[2018.02.15-09.48.03:267][  0]LogFileCache: Scanning file cache for directory 'C:/Users/ASUS/Desktop/Cassiopée/stier/Content/' took 0.02s
[2018.02.15-09.48.03:267][  0]LogCook: Display: Max memory allowance for cook 16384mb min free memory 0mb
[2018.02.15-09.48.03:268][  0]LogCook: Display: Mobile HDR setting 1
[2018.02.15-09.48.03:274][  0]LogGameplayTags: Display: UGameplayTagsManager::DoneAddingNativeTags. DelegateIsBound: 0
[2018.02.15-09.48.06:190][  0]SourceControl: Source control is disabled
[2018.02.15-09.48.06:247][  0]Cmd: MAP LOAD FILE="../../../../../../Users/ASUS/Desktop/Cassiopée/stier/Content/FlyingCPP/Maps/FlyingExampleMap.umap" TEMPLATE=0 SHOWPROGRESS=1 FEATURELEVEL=3
[2018.02.15-09.48.06:273][  0]LightingResults: New page: Lighting Build
[2018.02.15-09.48.06:467][  0]MapCheck: New page: Map Check
[2018.02.15-09.48.06:467][  0]LightingResults: New page: Lighting Build
[2018.02.15-09.48.07:969][  0]LogAIModule: Creating AISystem for world FlyingExampleMap
[2018.02.15-09.48.08:495][  0]LogEditorServer: Finished looking for orphan Actors (0.000 secs)
[2018.02.15-09.48.08:570][  0]Cmd: MAP CHECKDEP NOCLEARLOG
[2018.02.15-09.48.08:649][  0]MapCheck: Map check complete: 0 Error(s), 0 Warning(s), took 79.641ms to complete.
[2018.02.15-09.48.08:649][  0]LogFileHelpers: Loading map 'FlyingExampleMap' took 2.426
[2018.02.15-09.48.09:955][  0]LogCollectionManager: Loaded 0 collections in 0.002588 seconds
[2018.02.15-09.48.10:136][  0]LogFileCache: Scanning file cache for directory 'C:/Users/ASUS/Desktop/Cassiopée/stier/Saved/Collections/' took 0.01s
[2018.02.15-09.48.10:136][  0]LogFileCache: Scanning file cache for directory 'C:/Users/ASUS/Desktop/Cassiopée/stier/Content/Developers/ASUS/Collections/' took 0.01s
[2018.02.15-09.48.10:136][  0]LogFileCache: Scanning file cache for directory 'C:/Users/ASUS/Desktop/Cassiopée/stier/Content/Collections/' took 0.01s
[2018.02.15-09.48.10:136][  0]LogCollectionManager: Rebuilt the GUID cache for 0 collections in 0.000000 seconds
[2018.02.15-09.48.10:194][  0]LogContentBrowser: Native class hierarchy populated in 0.0474 seconds. Added 2378 classes and 525 folders.
[2018.02.15-09.48.10:322][  0]LogContentBrowser: Native class hierarchy updated for 'WidgetCarousel' in 0.0008 seconds. Added 0 classes and 0 folders.
[2018.02.15-09.48.11:995][  0]LogContentBrowser: Native class hierarchy updated for 'AddContentDialog' in 0.0007 seconds. Added 0 classes and 0 folders.
[2018.02.15-09.48.12:122][  0]LogContentBrowser: Native class hierarchy updated for 'SceneOutliner' in 0.0008 seconds. Added 1 classes and 2 folders.
[2018.02.15-09.48.12:648][  0]LogSlate: Took 0.020959 seconds to synchronously load lazily loaded font '../../../Engine/Content/Slate/Fonts/Roboto-Regular.ttf' (155K)
[2018.02.15-09.48.12:679][  0]LogSlate: Took 0.023257 seconds to synchronously load lazily loaded font '../../../Engine/Content/Slate/Fonts/Roboto-Bold.ttf' (160K)
[2018.02.15-09.48.12:899][  0]LogSlate: Took 0.168502 seconds to synchronously load lazily loaded font '../../../Engine/Content/Editor/Slate/Fonts/FontAwesome.ttf' (139K)
[2018.02.15-09.48.13:499][  0]LogRenderer: Reallocating scene render targets to support 964x460 Format 10 NumSamples 1 (Frame:1).
[2018.02.15-09.48.14:146][  0]LogContentBrowser: Native class hierarchy updated for 'HierarchicalLODOutliner' in 0.0008 seconds. Added 1 classes and 2 folders.
[2018.02.15-09.48.14:146][  0]LogLoad: (Engine Initialization) Total time: 129.91 seconds
[2018.02.15-09.48.14:146][  0]LogLoad: (Engine Initialization) Total Blueprint compile time: 0.00 seconds
[2018.02.15-09.48.14:146][  0]LogExternalProfiler: Found external profiler: VSPerf
[2018.02.15-09.48.14:146][  0]LogExternalProfiler: Using external profiler: VSPerf
[2018.02.15-09.48.14:593][  0]LogContentStreaming: Texture pool size now 1000 MB
[2018.02.15-09.48.14:713][  0]LogSlate: Took 0.018963 seconds to synchronously load lazily loaded font '../../../Engine/Content/Slate/Fonts/Roboto-Light.ttf' (159K)
[2018.02.15-09.48.15:197][  2]LogAssetRegistry: Asset discovery search completed in 71.7809 seconds
[2018.02.15-09.48.15:200][  2]LogCollectionManager: Rebuilt the object cache for 0 collections in 0.000001 seconds (found 0 objects)
[2018.02.15-09.48.15:200][  2]LogCollectionManager: Fixed up redirectors for 0 collections in 0.000088 seconds (updated 0 objects)
[2018.02.15-09.48.15:527][  3]LogSlate: Took 0.000266 seconds to synchronously load lazily loaded font '../../../Engine/Content/Slate/Fonts/Roboto-Light.ttf' (159K)
[2018.02.15-09.48.22:557][ 24]LogSlate: Took 0.000159 seconds to synchronously load lazily loaded font '../../../Engine/Content/Slate/Fonts/Roboto-Light.ttf' (159K)
[2018.02.15-09.48.23:372][ 24]LogContentBrowser: Native class hierarchy updated for 'BlueprintGraph' in 0.0012 seconds. Added 116 classes and 0 folders.
[2018.02.15-09.48.24:992][ 24]LogSlate: Took 0.023749 seconds to synchronously load lazily loaded font '../../../Engine/Content/Editor/Slate/Fonts/Roboto-BoldCondensed.ttf' (158K)
[2018.02.15-09.48.33:811][523]LogConsoleManager: Warning: Performance warning: Console object named 'r.DebugSafeZone.Mode' shows many (500) FindConsoleObject() calls (consider caching e.g. using static)
[2018.02.15-09.57.14:229][ 24]LogStreaming: Warning: Failed to read file '../../../Engine/Content/Slate/Fonts/Fonts/Roboto-Bold.ttf' error.
[2018.02.15-09.57.14:229][ 24]LogSlate: Warning: GetFontFace failed to load or process '../../../Engine/Content/Slate/Fonts/Fonts/Roboto-Bold.ttf'
[2018.02.15-09.57.14:371][ 24]LogSlate: Took 0.141908 seconds to synchronously load lazily loaded font '../../../Engine/Content/Slate/Fonts/DroidSansFallback.ttf' (3848K)
[2018.02.15-09.57.14:372][ 24]LogStreaming: Warning: Failed to read file '../../../Engine/Content/Slate/Fonts/Fonts/Roboto-Bold.ttf' error.
[2018.02.15-09.57.14:372][ 24]LogSlate: Warning: GetFontFace failed to load or process '../../../Engine/Content/Slate/Fonts/Fonts/Roboto-Bold.ttf'
[2018.02.15-09.57.14:372][ 24]LogStreaming: Warning: Failed to read file '../../../Engine/Content/Slate/Fonts/Fonts/Roboto-Bold.ttf' error.
[2018.02.15-09.57.14:372][ 24]LogSlate: Warning: GetFontFace failed to load or process '../../../Engine/Content/Slate/Fonts/Fonts/Roboto-Bold.ttf'
[2018.02.15-09.57.14:372][ 24]LogStreaming: Warning: Failed to read file '../../../Engine/Content/Slate/Fonts/Fonts/Roboto-Bold.ttf' error.
[2018.02.15-09.57.14:372][ 24]LogSlate: Warning: GetFontFace failed to load or process '../../../Engine/Content/Slate/Fonts/Fonts/Roboto-Bold.ttf'
[2018.02.15-09.57.14:372][ 24]LogStreaming: Warning: Failed to read file '../../../Engine/Content/Slate/Fonts/Fonts/Roboto-Bold.ttf' error.
[2018.02.15-09.57.14:372][ 24]LogSlate: Warning: GetFontFace failed to load or process '../../../Engine/Content/Slate/Fonts/Fonts/Roboto-Bold.ttf'
[2018.02.15-09.57.14:372][ 24]LogStreaming: Warning: Failed to read file '../../../Engine/Content/Slate/Fonts/Fonts/Roboto-Bold.ttf' error.
[2018.02.15-09.57.14:372][ 24]LogSlate: Warning: GetFontFace failed to load or process '../../../Engine/Content/Slate/Fonts/Fonts/Roboto-Bold.ttf'
[2018.02.15-09.57.14:372][ 24]LogStreaming: Warning: Failed to read file '../../../Engine/Content/Slate/Fonts/Fonts/Roboto-Bold.ttf' error.
[2018.02.15-09.57.14:372][ 24]LogSlate: Warning: GetFontFace failed to load or process '../../../Engine/Content/Slate/Fonts/Fonts/Roboto-Bold.ttf'
[2018.02.15-09.57.14:372][ 24]LogStreaming: Warning: Failed to read file '../../../Engine/Content/Slate/Fonts/Fonts/Roboto-Bold.ttf' error.
[2018.02.15-09.57.14:372][ 24]LogSlate: Warning: GetFontFace failed to load or process '../../../Engine/Content/Slate/Fonts/Fonts/Roboto-Bold.ttf'
[2018.02.15-09.57.14:372][ 24]LogStreaming: Warning: Failed to read file '../../../Engine/Content/Slate/Fonts/Fonts/Roboto-Bold.ttf' error.
[2018.02.15-09.57.14:372][ 24]LogSlate: Warning: GetFontFace failed to load or process '../../../Engine/Content/Slate/Fonts/Fonts/Roboto-Bold.ttf'
[2018.02.15-09.57.14:372][ 24]LogStreaming: Warning: Failed to read file '../../../Engine/Content/Slate/Fonts/Fonts/Roboto-Bold.ttf' error.
[2018.02.15-09.57.14:372][ 24]LogSlate: Warning: GetFontFace failed to load or process '../../../Engine/Content/Slate/Fonts/Fonts/Roboto-Bold.ttf'
[2018.02.15-09.57.14:372][ 24]LogStreaming: Warning: Failed to read file '../../../Engine/Content/Slate/Fonts/Fonts/Roboto-Bold.ttf' error.
[2018.02.15-09.57.14:372][ 24]LogSlate: Warning: GetFontFace failed to load or process '../../../Engine/Content/Slate/Fonts/Fonts/Roboto-Bold.ttf'
[2018.02.15-09.57.14:372][ 24]LogStreaming: Warning: Failed to read file '../../../Engine/Content/Slate/Fonts/Fonts/Roboto-Bold.ttf' error.
[2018.02.15-09.57.14:372][ 24]LogSlate: Warning: GetFontFace failed to load or process '../../../Engine/Content/Slate/Fonts/Fonts/Roboto-Bold.ttf'
[2018.02.15-09.57.14:372][ 24]LogStreaming: Warning: Failed to read file '../../../Engine/Content/Slate/Fonts/Fonts/Roboto-Bold.ttf' error.
[2018.02.15-09.57.14:372][ 24]LogSlate: Warning: GetFontFace failed to load or process '../../../Engine/Content/Slate/Fonts/Fonts/Roboto-Bold.ttf'
[2018.02.15-09.57.14:372][ 24]LogStreaming: Warning: Failed to read file '../../../Engine/Content/Slate/Fonts/Fonts/Roboto-Bold.ttf' error.
[2018.02.15-09.57.14:372][ 24]LogSlate: Warning: GetFontFace failed to load or process '../../../Engine/Content/Slate/Fonts/Fonts/Roboto-Bold.ttf'
[2018.02.15-09.57.14:372][ 24]LogStreaming: Warning: Failed to read file '../../../Engine/Content/Slate/Fonts/Fonts/Roboto-Bold.ttf' error.
[2018.02.15-09.57.14:373][ 24]LogSlate: Warning: GetFontFace failed to load or process '../../../Engine/Content/Slate/Fonts/Fonts/Roboto-Bold.ttf'
[2018.02.15-09.57.14:373][ 24]LogStreaming: Warning: Failed to read file '../../../Engine/Content/Slate/Fonts/Fonts/Roboto-Bold.ttf' error.
[2018.02.15-09.57.14:373][ 24]LogSlate: Warning: GetFontFace failed to load or process '../../../Engine/Content/Slate/Fonts/Fonts/Roboto-Bold.ttf'
[2018.02.15-09.57.14:373][ 24]LogStreaming: Warning: Failed to read file '../../../Engine/Content/Slate/Fonts/Fonts/Roboto-Bold.ttf' error.
[2018.02.15-09.57.14:373][ 24]LogSlate: Warning: GetFontFace failed to load or process '../../../Engine/Content/Slate/Fonts/Fonts/Roboto-Bold.ttf'
[2018.02.15-09.57.14:373][ 24]LogStreaming: Warning: Failed to read file '../../../Engine/Content/Slate/Fonts/Fonts/Roboto-Bold.ttf' error.
[2018.02.15-09.57.14:373][ 24]LogSlate: Warning: GetFontFace failed to load or process '../../../Engine/Content/Slate/Fonts/Fonts/Roboto-Bold.ttf'
[2018.02.15-09.57.14:373][ 24]LogStreaming: Warning: Failed to read file '../../../Engine/Content/Slate/Fonts/Fonts/Roboto-Bold.ttf' error.
[2018.02.15-09.57.14:373][ 24]LogSlate: Warning: GetFontFace failed to load or process '../../../Engine/Content/Slate/Fonts/Fonts/Roboto-Bold.ttf'
[2018.02.15-09.57.14:373][ 24]LogStreaming: Warning: Failed to read file '../../../Engine/Content/Slate/Fonts/Fonts/Roboto-Bold.ttf' error.
[2018.02.15-09.57.14:373][ 24]LogSlate: Warning: GetFontFace failed to load or process '../../../Engine/Content/Slate/Fonts/Fonts/Roboto-Bold.ttf'
[2018.02.15-09.57.14:373][ 24]LogStreaming: Warning: Failed to read file '../../../Engine/Content/Slate/Fonts/Fonts/Roboto-Bold.ttf' error.
[2018.02.15-09.57.14:373][ 24]LogSlate: Warning: GetFontFace failed to load or process '../../../Engine/Content/Slate/Fonts/Fonts/Roboto-Bold.ttf'
[2018.02.15-09.57.14:373][ 24]LogStreaming: Warning: Failed to read file '../../../Engine/Content/Slate/Fonts/Fonts/Roboto-Bold.ttf' error.
[2018.02.15-09.57.14:373][ 24]LogSlate: Warning: GetFontFace failed to load or process '../../../Engine/Content/Slate/Fonts/Fonts/Roboto-Bold.ttf'
[2018.02.15-09.57.14:373][ 24]LogStreaming: Warning: Failed to read file '../../../Engine/Content/Slate/Fonts/Fonts/Roboto-Bold.ttf' error.
[2018.02.15-09.57.14:373][ 24]LogSlate: Warning: GetFontFace failed to load or process '../../../Engine/Content/Slate/Fonts/Fonts/Roboto-Bold.ttf'
[2018.02.15-09.57.14:373][ 24]LogStreaming: Warning: Failed to read file '../../../Engine/Content/Slate/Fonts/Fonts/Roboto-Bold.ttf' error.
[2018.02.15-09.57.14:373][ 24]LogSlate: Warning: GetFontFace failed to load or process '../../../Engine/Content/Slate/Fonts/Fonts/Roboto-Bold.ttf'
[2018.02.15-09.57.14:373][ 24]LogStreaming: Warning: Failed to read file '../../../Engine/Content/Slate/Fonts/Fonts/Roboto-Bold.ttf' error.
[2018.02.15-09.57.14:373][ 24]LogSlate: Warning: GetFontFace failed to load or process '../../../Engine/Content/Slate/Fonts/Fonts/Roboto-Bold.ttf'
[2018.02.15-09.57.14:373][ 24]LogStreaming: Warning: Failed to read file '../../../Engine/Content/Slate/Fonts/Fonts/Roboto-Bold.ttf' error.
[2018.02.15-09.57.14:373][ 24]LogSlate: Warning: GetFontFace failed to load or process '../../../Engine/Content/Slate/Fonts/Fonts/Roboto-Bold.ttf'
[2018.02.15-09.57.14:375][ 24]LogStreaming: Warning: Failed to read file '../../../Engine/Content/Slate/Fonts/Fonts/Roboto-Bold.ttf' error.
[2018.02.15-09.57.14:375][ 24]LogSlate: Warning: GetFontFace failed to load or process '../../../Engine/Content/Slate/Fonts/Fonts/Roboto-Bold.ttf'
[2018.02.15-09.57.14:375][ 24]LogStreaming: Warning: Failed to read file '../../../Engine/Content/Slate/Fonts/Fonts/Roboto-Bold.ttf' error.
[2018.02.15-09.57.14:375][ 24]LogSlate: Warning: GetFontFace failed to load or process '../../../Engine/Content/Slate/Fonts/Fonts/Roboto-Bold.ttf'
[2018.02.15-09.57.14:375][ 24]LogStreaming: Warning: Failed to read file '../../../Engine/Content/Slate/Fonts/Fonts/Roboto-Bold.ttf' error.
[2018.02.15-09.57.14:375][ 24]LogSlate: Warning: GetFontFace failed to load or process '../../../Engine/Content/Slate/Fonts/Fonts/Roboto-Bold.ttf'
[2018.02.15-09.57.14:375][ 24]LogStreaming: Warning: Failed to read file '../../../Engine/Content/Slate/Fonts/Fonts/Roboto-Bold.ttf' error.
[2018.02.15-09.57.14:375][ 24]LogSlate: Warning: GetFontFace failed to load or process '../../../Engine/Content/Slate/Fonts/Fonts/Roboto-Bold.ttf'
[2018.02.15-09.57.14:375][ 24]LogStreaming: Warning: Failed to read file '../../../Engine/Content/Slate/Fonts/Fonts/Roboto-Bold.ttf' error.
[2018.02.15-09.57.14:375][ 24]LogSlate: Warning: GetFontFace failed to load or process '../../../Engine/Content/Slate/Fonts/Fonts/Roboto-Bold.ttf'
[2018.02.15-09.57.14:375][ 24]LogStreaming: Warning: Failed to read file '../../../Engine/Content/Slate/Fonts/Fonts/Roboto-Bold.ttf' error.
[2018.02.15-09.57.14:375][ 24]LogSlate: Warning: GetFontFace failed to load or process '../../../Engine/Content/Slate/Fonts/Fonts/Roboto-Bold.ttf'
[2018.02.15-09.57.14:375][ 24]LogStreaming: Warning: Failed to read file '../../../Engine/Content/Slate/Fonts/Fonts/Roboto-Bold.ttf' error.
[2018.02.15-09.57.14:375][ 24]LogSlate: Warning: GetFontFace failed to load or process '../../../Engine/Content/Slate/Fonts/Fonts/Roboto-Bold.ttf'
[2018.02.15-09.57.14:375][ 24]LogStreaming: Warning: Failed to read file '../../../Engine/Content/Slate/Fonts/Fonts/Roboto-Bold.ttf' error.
[2018.02.15-09.57.14:375][ 24]LogSlate: Warning: GetFontFace failed to load or process '../../../Engine/Content/Slate/Fonts/Fonts/Roboto-Bold.ttf'
[2018.02.15-09.57.14:375][ 24]LogStreaming: Warning: Failed to read file '../../../Engine/Content/Slate/Fonts/Fonts/Roboto-Bold.ttf' error.
[2018.02.15-09.57.14:375][ 24]LogSlate: Warning: GetFontFace failed to load or process '../../../Engine/Content/Slate/Fonts/Fonts/Roboto-Bold.ttf'
[2018.02.15-09.57.14:375][ 24]LogStreaming: Warning: Failed to read file '../../../Engine/Content/Slate/Fonts/Fonts/Roboto-Bold.ttf' error.
[2018.02.15-09.57.14:375][ 24]LogSlate: Warning: GetFontFace failed to load or process '../../../Engine/Content/Slate/Fonts/Fonts/Roboto-Bold.ttf'
[2018.02.15-09.57.14:375][ 24]LogStreaming: Warning: Failed to read file '../../../Engine/Content/Slate/Fonts/Fonts/Roboto-Bold.ttf' error.
[2018.02.15-09.57.14:375][ 24]LogSlate: Warning: GetFontFace failed to load or process '../../../Engine/Content/Slate/Fonts/Fonts/Roboto-Bold.ttf'
[2018.02.15-09.57.14:375][ 24]LogStreaming: Warning: Failed to read file '../../../Engine/Content/Slate/Fonts/Fonts/Roboto-Bold.ttf' error.
[2018.02.15-09.57.14:376][ 24]LogSlate: Warning: GetFontFace failed to load or process '../../../Engine/Content/Slate/Fonts/Fonts/Roboto-Bold.ttf'
[2018.02.15-09.57.14:376][ 24]LogStreaming: Warning: Failed to read file '../../../Engine/Content/Slate/Fonts/Fonts/Roboto-Bold.ttf' error.
[2018.02.15-09.57.14:376][ 24]LogSlate: Warning: GetFontFace failed to load or process '../../../Engine/Content/Slate/Fonts/Fonts/Roboto-Bold.ttf'
[2018.02.15-09.57.14:376][ 24]LogStreaming: Warning: Failed to read file '../../../Engine/Content/Slate/Fonts/Fonts/Roboto-Bold.ttf' error.
[2018.02.15-09.57.14:376][ 24]LogSlate: Warning: GetFontFace failed to load or process '../../../Engine/Content/Slate/Fonts/Fonts/Roboto-Bold.ttf'
[2018.02.15-09.57.14:376][ 24]LogStreaming: Warning: Failed to read file '../../../Engine/Content/Slate/Fonts/Fonts/Roboto-Bold.ttf' error.
[2018.02.15-09.57.14:376][ 24]LogSlate: Warning: GetFontFace failed to load or process '../../../Engine/Content/Slate/Fonts/Fonts/Roboto-Bold.ttf'
[2018.02.15-09.57.14:376][ 24]LogStreaming: Warning: Failed to read file '../../../Engine/Content/Slate/Fonts/Fonts/Roboto-Bold.ttf' error.
[2018.02.15-09.57.14:376][ 24]LogSlate: Warning: GetFontFace failed to load or process '../../../Engine/Content/Slate/Fonts/Fonts/Roboto-Bold.ttf'
[2018.02.15-09.57.14:376][ 24]LogStreaming: Warning: Failed to read file '../../../Engine/Content/Slate/Fonts/Fonts/Roboto-Bold.ttf' error.
[2018.02.15-09.57.14:376][ 24]LogSlate: Warning: GetFontFace failed to load or process '../../../Engine/Content/Slate/Fonts/Fonts/Roboto-Bold.ttf'
[2018.02.15-09.57.14:376][ 24]LogStreaming: Warning: Failed to read file '../../../Engine/Content/Slate/Fonts/Fonts/Roboto-Bold.ttf' error.
[2018.02.15-09.57.14:376][ 24]LogSlate: Warning: GetFontFace failed to load or process '../../../Engine/Content/Slate/Fonts/Fonts/Roboto-Bold.ttf'
[2018.02.15-09.57.14:376][ 24]LogStreaming: Warning: Failed to read file '../../../Engine/Content/Slate/Fonts/Fonts/Roboto-Bold.ttf' error.
[2018.02.15-09.57.14:376][ 24]LogSlate: Warning: GetFontFace failed to load or process '../../../Engine/Content/Slate/Fonts/Fonts/Roboto-Bold.ttf'
[2018.02.15-09.57.14:376][ 24]LogStreaming: Warning: Failed to read file '../../../Engine/Content/Slate/Fonts/Fonts/Roboto-Bold.ttf' error.
[2018.02.15-09.57.14:376][ 24]LogSlate: Warning: GetFontFace failed to load or process '../../../Engine/Content/Slate/Fonts/Fonts/Roboto-Bold.ttf'
[2018.02.15-09.57.14:376][ 24]LogStreaming: Warning: Failed to read file '../../../Engine/Content/Slate/Fonts/Fonts/Roboto-Bold.ttf' error.
[2018.02.15-09.57.14:376][ 24]LogSlate: Warning: GetFontFace failed to load or process '../../../Engine/Content/Slate/Fonts/Fonts/Roboto-Bold.ttf'
[2018.02.15-09.57.14:376][ 24]LogStreaming: Warning: Failed to read file '../../../Engine/Content/Slate/Fonts/Fonts/Roboto-Bold.ttf' error.
[2018.02.15-09.57.14:376][ 24]LogSlate: Warning: GetFontFace failed to load or process '../../../Engine/Content/Slate/Fonts/Fonts/Roboto-Bold.ttf'
[2018.02.15-09.57.14:376][ 24]LogStreaming: Warning: Failed to read file '../../../Engine/Content/Slate/Fonts/Fonts/Roboto-Bold.ttf' error.
[2018.02.15-09.57.14:376][ 24]LogSlate: Warning: GetFontFace failed to load or process '../../../Engine/Content/Slate/Fonts/Fonts/Roboto-Bold.ttf'
[2018.02.15-09.57.14:376][ 24]LogStreaming: Warning: Failed to read file '../../../Engine/Content/Slate/Fonts/Fonts/Roboto-Bold.ttf' error.
[2018.02.15-09.57.14:376][ 24]LogSlate: Warning: GetFontFace failed to load or process '../../../Engine/Content/Slate/Fonts/Fonts/Roboto-Bold.ttf'
[2018.02.15-09.57.14:376][ 24]LogStreaming: Warning: Failed to read file '../../../Engine/Content/Slate/Fonts/Fonts/Roboto-Bold.ttf' error.
[2018.02.15-09.57.14:376][ 24]LogSlate: Warning: GetFontFace failed to load or process '../../../Engine/Content/Slate/Fonts/Fonts/Roboto-Bold.ttf'
[2018.02.15-09.57.14:376][ 24]LogStreaming: Warning: Failed to read file '../../../Engine/Content/Slate/Fonts/Fonts/Roboto-Bold.ttf' error.
[2018.02.15-09.57.14:377][ 24]LogSlate: Warning: GetFontFace failed to load or process '../../../Engine/Content/Slate/Fonts/Fonts/Roboto-Bold.ttf'
[2018.02.15-09.58.42:946][245]LogFileHelpers: Editor autosave (incl. sublevels) for '/Game/FlyingCPP/Maps/FlyingExampleMap' took 0.027
[2018.02.15-09.58.42:993][245]OBJ SavePackage: Generating thumbnails for [0] asset(s) in package [/AirSim/Blueprints/BaseHUD] ([1] browsable assets)...
[2018.02.15-09.58.42:993][245]OBJ SavePackage: Finished generating thumbnails for package [/AirSim/Blueprints/BaseHUD]
[2018.02.15-09.58.42:993][245]Cmd: OBJ SAVEPACKAGE PACKAGE="/AirSim/Blueprints/BaseHUD" FILE="../../../../../../Users/ASUS/Desktop/Cassiopée/stier/Saved/Autosaves/AirSim/Blueprints/BaseHUD_Auto1.uasset" SILENT=false AUTOSAVING=true
[2018.02.15-09.58.43:050][245]LogSavePackage: Save=55.66ms
[2018.02.15-09.58.43:051][245]LogSavePackage: Moving '../../../../../../Users/ASUS/Desktop/Cassiopée/stier/Saved/BaseHUD_Auto17D5BDC9F44CE229EA8A36BB16F5C6D8D.tmp' to '../../../../../../Users/ASUS/Desktop/Cassiopée/stier/Saved/Autosaves/AirSim/Blueprints/BaseHUD_Auto1.uasset'
[2018.02.15-09.58.43:054][245]LogSavePackage: Display: Finished SavePackage ../../../../../../Users/ASUS/Desktop/Cassiopée/stier/Saved/Autosaves/AirSim/Blueprints/BaseHUD_Auto1.uasset
[2018.02.15-09.58.43:054][245]LogFileHelpers: Auto-saving content packages took 0.107
[2018.02.15-10.08.43:445][180]LogFileHelpers: Editor autosave (incl. sublevels) for '/Game/FlyingCPP/Maps/FlyingExampleMap' took 0.023
[2018.02.15-10.08.43:447][180]OBJ SavePackage: Generating thumbnails for [0] asset(s) in package [/AirSim/Blueprints/BaseHUD] ([1] browsable assets)...
[2018.02.15-10.08.43:447][180]OBJ SavePackage: Finished generating thumbnails for package [/AirSim/Blueprints/BaseHUD]
[2018.02.15-10.08.43:447][180]Cmd: OBJ SAVEPACKAGE PACKAGE="/AirSim/Blueprints/BaseHUD" FILE="../../../../../../Users/ASUS/Desktop/Cassiopée/stier/Saved/Autosaves/AirSim/Blueprints/BaseHUD_Auto2.uasset" SILENT=false AUTOSAVING=true
[2018.02.15-10.08.43:466][180]LogSavePackage: Save=16.37ms
[2018.02.15-10.08.43:466][180]LogSavePackage: Moving '../../../../../../Users/ASUS/Desktop/Cassiopée/stier/Saved/BaseHUD_Auto2F9A2AE964838F76DD251F192A8C66888.tmp' to '../../../../../../Users/ASUS/Desktop/Cassiopée/stier/Saved/Autosaves/AirSim/Blueprints/BaseHUD_Auto2.uasset'
[2018.02.15-10.08.43:467][180]LogSavePackage: Display: Finished SavePackage ../../../../../../Users/ASUS/Desktop/Cassiopée/stier/Saved/Autosaves/AirSim/Blueprints/BaseHUD_Auto2.uasset
[2018.02.15-10.08.43:467][180]LogFileHelpers: Auto-saving content packages took 0.021
[2018.02.15-10.10.05:104][ 75]BlueprintLog: New page: Compile BaseHUD
[2018.02.15-10.17.09:335][237]LogSlate: Took 0.043238 seconds to synchronously load lazily loaded font '../../../Engine/Content/Editor/Slate/Fonts/Roboto-Italic.ttf' (157K)
[2018.02.15-10.17.12:088][393]LogRenderer: Reallocating scene render targets to support 964x708 Format 10 NumSamples 1 (Frame:1).
[2018.02.15-10.19.06:515][306]Cmd: OBJ SAVEPACKAGE PACKAGE="/AirSim/Blueprints/BaseHUD" FILE="../../../../../../Users/ASUS/Desktop/Cassiopée/stier/Plugins/AirSim/Content/Blueprints/BaseHUD.uasset" SILENT=true
[2018.02.15-10.19.06:540][306]LogSavePackage: Save=21.90ms
[2018.02.15-10.19.06:540][306]LogSavePackage: Moving '../../../../../../Users/ASUS/Desktop/Cassiopée/stier/Saved/BaseHUD6A85FCF84F83F6E3358A648F38F2B2A9.tmp' to '../../../../../../Users/ASUS/Desktop/Cassiopée/stier/Plugins/AirSim/Content/Blueprints/BaseHUD.uasset'
[2018.02.15-10.19.06:548][306]LogSavePackage: Display: Finished SavePackage ../../../../../../Users/ASUS/Desktop/Cassiopée/stier/Plugins/AirSim/Content/Blueprints/BaseHUD.uasset
[2018.02.15-10.19.07:026][334]Cmd: OBJ SAVEPACKAGE PACKAGE="/AirSim/Blueprints/BaseHUD" FILE="../../../../../../Users/ASUS/Desktop/Cassiopée/stier/Plugins/AirSim/Content/Blueprints/BaseHUD.uasset" SILENT=true
[2018.02.15-10.19.07:106][334]LogSavePackage: Save=18.25ms
[2018.02.15-10.19.07:106][334]LogSavePackage: Moving '../../../../../../Users/ASUS/Desktop/Cassiopée/stier/Saved/BaseHUD7A52DF484CE5798352D62287EB30E4A5.tmp' to '../../../../../../Users/ASUS/Desktop/Cassiopée/stier/Plugins/AirSim/Content/Blueprints/BaseHUD.uasset'
[2018.02.15-10.19.07:108][334]LogSavePackage: Display: Finished SavePackage ../../../../../../Users/ASUS/Desktop/Cassiopée/stier/Plugins/AirSim/Content/Blueprints/BaseHUD.uasset
[2018.02.15-10.19.07:516][358]Cmd: OBJ SAVEPACKAGE PACKAGE="/AirSim/Blueprints/BaseHUD" FILE="../../../../../../Users/ASUS/Desktop/Cassiopée/stier/Plugins/AirSim/Content/Blueprints/BaseHUD.uasset" SILENT=true
[2018.02.15-10.19.07:537][358]LogSavePackage: Save=18.05ms
[2018.02.15-10.19.07:537][358]LogSavePackage: Moving '../../../../../../Users/ASUS/Desktop/Cassiopée/stier/Saved/BaseHUD488B58024DB1B5D44A7648B19F50CFED.tmp' to '../../../../../../Users/ASUS/Desktop/Cassiopée/stier/Plugins/AirSim/Content/Blueprints/BaseHUD.uasset'
[2018.02.15-10.19.07:540][358]LogSavePackage: Display: Finished SavePackage ../../../../../../Users/ASUS/Desktop/Cassiopée/stier/Plugins/AirSim/Content/Blueprints/BaseHUD.uasset
[2018.02.15-10.19.08:115][392]Cmd: OBJ SAVEPACKAGE PACKAGE="/AirSim/Blueprints/BaseHUD" FILE="../../../../../../Users/ASUS/Desktop/Cassiopée/stier/Plugins/AirSim/Content/Blueprints/BaseHUD.uasset" SILENT=true
[2018.02.15-10.19.08:136][392]LogSavePackage: Save=17.29ms
[2018.02.15-10.19.08:136][392]LogSavePackage: Moving '../../../../../../Users/ASUS/Desktop/Cassiopée/stier/Saved/BaseHUDD58DDB714E3CF5C815002096987664C2.tmp' to '../../../../../../Users/ASUS/Desktop/Cassiopée/stier/Plugins/AirSim/Content/Blueprints/BaseHUD.uasset'
[2018.02.15-10.19.08:138][392]LogSavePackage: Display: Finished SavePackage ../../../../../../Users/ASUS/Desktop/Cassiopée/stier/Plugins/AirSim/Content/Blueprints/BaseHUD.uasset
[2018.02.15-10.19.08:396][407]Cmd: OBJ SAVEPACKAGE PACKAGE="/AirSim/Blueprints/BaseHUD" FILE="../../../../../../Users/ASUS/Desktop/Cassiopée/stier/Plugins/AirSim/Content/Blueprints/BaseHUD.uasset" SILENT=true
[2018.02.15-10.19.08:416][407]LogSavePackage: Save=16.95ms
[2018.02.15-10.19.08:416][407]LogSavePackage: Moving '../../../../../../Users/ASUS/Desktop/Cassiopée/stier/Saved/BaseHUDC108BB51448A2BC4F606FD821C2FA61F.tmp' to '../../../../../../Users/ASUS/Desktop/Cassiopée/stier/Plugins/AirSim/Content/Blueprints/BaseHUD.uasset'
[2018.02.15-10.19.08:418][407]LogSavePackage: Display: Finished SavePackage ../../../../../../Users/ASUS/Desktop/Cassiopée/stier/Plugins/AirSim/Content/Blueprints/BaseHUD.uasset
