Log file open, 02/10/18 19:58:04
LogWindows: Failed to load 'aqProf.dll' (GetLastError=126)
LogWindows: File 'aqProf.dll' does not exist
LogWindows: Failed to load 'VtuneApi.dll' (GetLastError=126)
LogWindows: File 'VtuneApi.dll' does not exist
LogWindows: Failed to load 'VtuneApi32e.dll' (GetLastError=126)
LogWindows: File 'VtuneApi32e.dll' does not exist
LogInit: Display: Running engine for game: Blocks
LogPlatformFile: Not using cached read wrapper
LogInit: Display: RandInit(-165749016) SRandInit(-165749016).
LogInit: Read version file with build ID '3709383'
LogInit: Overriding engine version to CL 3832480, compatible CL 3709383
LogInit: Registered custom module enumerator with build ID '3709383'
LogTaskGraph: Started task graph with 5 named threads and 14 total threads with 3 sets of task threads.
LogStats: Stats thread started at 5.106103
LogD3D11RHI: Aftermath initialized
LogPluginManager: Mounting plugin Paper2D
LogPluginManager: Mounting plugin LightPropagationVolume
LogPluginManager: Mounting plugin CodeLiteSourceCodeAccess
LogPluginManager: Mounting plugin GitSourceControl
LogPluginManager: Mounting plugin KDevelopSourceCodeAccess
LogPluginManager: Mounting plugin NullSourceCodeAccess
LogPluginManager: Mounting plugin PerforceSourceControl
LogPluginManager: Mounting plugin SubversionSourceControl
LogPluginManager: Mounting plugin UObjectPlugin
LogPluginManager: Mounting plugin VisualStudioCodeSourceCodeAccess
LogPluginManager: Mounting plugin VisualStudioSourceCodeAccess
LogPluginManager: Mounting plugin XCodeSourceCodeAccess
LogPluginManager: Mounting plugin AssetManagerEditor
LogPluginManager: Mounting plugin AudioCapture
LogPluginManager: Mounting plugin FacialAnimation
LogPluginManager: Mounting plugin GameplayTagsEditor
LogPluginManager: Mounting plugin MobileLauncherProfileWizard
LogPluginManager: Mounting plugin PluginBrowser
LogPluginManager: Mounting plugin SpeedTreeImporter
LogPluginManager: Mounting plugin AlembicImporter
LogPluginManager: Mounting plugin CharacterAI
LogPluginManager: Mounting plugin HTML5Networking
LogPluginManager: Mounting plugin AndroidMedia
LogPluginManager: Mounting plugin AvfMedia
LogPluginManager: Mounting plugin ImgMedia
LogPluginManager: Mounting plugin MediaCompositing
LogPluginManager: Mounting plugin MediaPlayerEditor
LogPluginManager: Mounting plugin WmfMedia
LogPluginManager: Mounting plugin TcpMessaging
LogPluginManager: Mounting plugin UdpMessaging
LogPluginManager: Mounting plugin ActorSequence
LogPluginManager: Mounting plugin LevelSequenceEditor
LogPluginManager: Mounting plugin MatineeToLevelSequence
LogPluginManager: Mounting plugin OnlineSubsystemGooglePlay
LogPluginManager: Mounting plugin OnlineSubsystemIOS
LogPluginManager: Mounting plugin OnlineSubsystem
LogPluginManager: Mounting plugin OnlineSubsystemNull
LogPluginManager: Mounting plugin OnlineSubsystemUtils
LogPluginManager: Mounting plugin AndroidDeviceProfileSelector
LogPluginManager: Mounting plugin AndroidMoviePlayer
LogPluginManager: Mounting plugin AndroidPermission
LogPluginManager: Mounting plugin AppleARKit
LogPluginManager: Mounting plugin AppleMoviePlayer
LogPluginManager: Mounting plugin ArchVisCharacter
LogPluginManager: Mounting plugin CableComponent
LogPluginManager: Mounting plugin CustomMeshComponent
LogPluginManager: Mounting plugin ExampleDeviceProfileSelector
LogPluginManager: Mounting plugin GoogleCloudMessaging
LogPluginManager: Mounting plugin ImmediatePhysics
LogPluginManager: Mounting plugin IOSDeviceProfileSelector
LogPluginManager: Mounting plugin LinuxDeviceProfileSelector
LogPluginManager: Mounting plugin LocationServicesBPLibrary
LogPluginManager: Mounting plugin MobilePatchingUtils
LogPluginManager: Mounting plugin OculusVR
LogPluginManager: Plugin shader directory ../../../Engine/Plugins/Runtime/Oculus/OculusVR/Shaders found
LogPluginManager: Mapping shader source directory ../../../Engine/Plugins/Runtime/Oculus/OculusVR/Shaders to virtual directory /Plugin/OculusVR
LogPluginManager: Mounting plugin PhysXVehicles
LogPluginManager: Mounting plugin ProceduralMeshComponent
LogPluginManager: Mounting plugin RuntimePhysXCooking
LogPluginManager: Mounting plugin SteamVR
LogPluginManager: Mounting plugin WindowsMoviePlayer
LogPluginManager: Mounting plugin AirSim
LogModuleManager: Display: Found up-to-date module file ../../../../../../Users/Alex/Desktop/Cassiopée/stier-master/stier/Binaries/Win64/UE4Editor-Blocks.dll (API version 3709383).
LogModuleManager: Display: Found up-to-date module file ../../../Engine/Plugins/2D/Paper2D/Binaries/Win64/UE4Editor-Paper2D.dll (API version 3709383).
LogModuleManager: Display: Found up-to-date module file ../../../Engine/Plugins/2D/Paper2D/Binaries/Win64/UE4Editor-Paper2DEditor.dll (API version 3709383).
LogModuleManager: Display: Found up-to-date module file ../../../Engine/Plugins/2D/Paper2D/Binaries/Win64/UE4Editor-PaperSpriteSheetImporter.dll (API version 3709383).
LogModuleManager: Display: Found up-to-date module file ../../../Engine/Plugins/2D/Paper2D/Binaries/Win64/UE4Editor-PaperTiledImporter.dll (API version 3709383).
LogModuleManager: Display: Found up-to-date module file ../../../Engine/Plugins/2D/Paper2D/Binaries/Win64/UE4Editor-SmartSnapping.dll (API version 3709383).
LogModuleManager: Display: Found up-to-date module file ../../../Engine/Plugins/Blendables/LightPropagationVolume/Binaries/Win64/UE4Editor-LightPropagationVolumeRuntime.dll (API version 3709383).
LogModuleManager: Display: Found up-to-date module file ../../../Engine/Plugins/Blendables/LightPropagationVolume/Binaries/Win64/UE4Editor-LightPropagationVolumeEditor.dll (API version 3709383).
LogModuleManager: Display: Found up-to-date module file ../../../Engine/Plugins/Developer/GitSourceControl/Binaries/Win64/UE4Editor-GitSourceControl.dll (API version 3709383).
LogModuleManager: Display: Found up-to-date module file ../../../Engine/Plugins/Developer/PerforceSourceControl/Binaries/Win64/UE4Editor-PerforceSourceControl.dll (API version 3709383).
LogModuleManager: Display: Found up-to-date module file ../../../Engine/Plugins/Developer/SubversionSourceControl/Binaries/Win64/UE4Editor-SubversionSourceControl.dll (API version 3709383).
LogModuleManager: Display: Found up-to-date module file ../../../Engine/Plugins/Developer/UObjectPlugin/Binaries/Win64/UE4Editor-UObjectPlugin.dll (API version 3709383).
LogModuleManager: Display: Found up-to-date module file ../../../Engine/Plugins/Developer/VisualStudioCodeSourceCodeAccess/Binaries/Win64/UE4Editor-VisualStudioCodeSourceCodeAccess.dll (API version 3709383).
LogModuleManager: Display: Found up-to-date module file ../../../Engine/Plugins/Developer/VisualStudioSourceCodeAccess/Binaries/Win64/UE4Editor-VisualStudioSourceCodeAccess.dll (API version 3709383).
LogModuleManager: Display: Found up-to-date module file ../../../Engine/Plugins/Editor/AssetManagerEditor/Binaries/Win64/UE4Editor-AssetManagerEditor.dll (API version 3709383).
LogModuleManager: Display: Found up-to-date module file ../../../Engine/Plugins/Editor/AudioCapture/Binaries/Win64/UE4Editor-AudioCapture.dll (API version 3709383).
LogModuleManager: Display: Found up-to-date module file ../../../Engine/Plugins/Editor/FacialAnimation/Binaries/Win64/UE4Editor-FacialAnimation.dll (API version 3709383).
LogModuleManager: Display: Found up-to-date module file ../../../Engine/Plugins/Editor/FacialAnimation/Binaries/Win64/UE4Editor-FacialAnimationEditor.dll (API version 3709383).
LogModuleManager: Display: Found up-to-date module file ../../../Engine/Plugins/Editor/GameplayTagsEditor/Binaries/Win64/UE4Editor-GameplayTagsEditor.dll (API version 3709383).
LogModuleManager: Display: Found up-to-date module file ../../../Engine/Plugins/Editor/MobileLauncherProfileWizard/Binaries/Win64/UE4Editor-MobileLauncherProfileWizard.dll (API version 3709383).
LogModuleManager: Display: Found up-to-date module file ../../../Engine/Plugins/Editor/PluginBrowser/Binaries/Win64/UE4Editor-PluginBrowser.dll (API version 3709383).
LogModuleManager: Display: Found up-to-date module file ../../../Engine/Plugins/Editor/SpeedTreeImporter/Binaries/Win64/UE4Editor-SpeedTreeImporter.dll (API version 3709383).
LogModuleManager: Display: Found up-to-date module file ../../../Engine/Plugins/Experimental/AlembicImporter/Binaries/Win64/UE4Editor-AlembicImporter.dll (API version 3709383).
LogModuleManager: Display: Found up-to-date module file ../../../Engine/Plugins/Experimental/AlembicImporter/Binaries/Win64/UE4Editor-AlembicLibrary.dll (API version 3709383).
LogModuleManager: Display: Found up-to-date module file ../../../Engine/Plugins/Experimental/CharacterAI/Binaries/Win64/UE4Editor-CharacterAI.dll (API version 3709383).
LogModuleManager: Display: Found up-to-date module file ../../../Engine/Plugins/Experimental/HTML5Networking/Binaries/Win64/UE4Editor-HTML5Networking.dll (API version 3709383).
LogModuleManager: Display: Found up-to-date module file ../../../Engine/Plugins/Media/AndroidMedia/Binaries/Win64/UE4Editor-AndroidMediaEditor.dll (API version 3709383).
LogModuleManager: Display: Found up-to-date module file ../../../Engine/Plugins/Media/AndroidMedia/Binaries/Win64/UE4Editor-AndroidMediaFactory.dll (API version 3709383).
LogModuleManager: Display: Found up-to-date module file ../../../Engine/Plugins/Media/AvfMedia/Binaries/Win64/UE4Editor-AvfMediaEditor.dll (API version 3709383).
LogModuleManager: Display: Found up-to-date module file ../../../Engine/Plugins/Media/AvfMedia/Binaries/Win64/UE4Editor-AvfMediaFactory.dll (API version 3709383).
LogModuleManager: Display: Found up-to-date module file ../../../Engine/Plugins/Media/AvfMedia/Binaries/Win64/UE4Editor-AvfMediaFactory.dll (API version 3709383).
LogModuleManager: Display: Found up-to-date module file ../../../Engine/Plugins/Media/ImgMedia/Binaries/Win64/UE4Editor-ImgMedia.dll (API version 3709383).
LogModuleManager: Display: Found up-to-date module file ../../../Engine/Plugins/Media/ImgMedia/Binaries/Win64/UE4Editor-ImgMediaEditor.dll (API version 3709383).
LogModuleManager: Display: Found up-to-date module file ../../../Engine/Plugins/Media/ImgMedia/Binaries/Win64/UE4Editor-ImgMediaFactory.dll (API version 3709383).
LogModuleManager: Display: Found up-to-date module file ../../../Engine/Plugins/Media/ImgMedia/Binaries/Win64/UE4Editor-ImgMediaFactory.dll (API version 3709383).
LogModuleManager: Display: Found up-to-date module file ../../../Engine/Plugins/Media/ImgMedia/Binaries/Win64/UE4Editor-OpenExrWrapper.dll (API version 3709383).
LogModuleManager: Display: Found up-to-date module file ../../../Engine/Plugins/Media/MediaCompositing/Binaries/Win64/UE4Editor-MediaCompositing.dll (API version 3709383).
LogModuleManager: Display: Found up-to-date module file ../../../Engine/Plugins/Media/MediaCompositing/Binaries/Win64/UE4Editor-MediaCompositingEditor.dll (API version 3709383).
LogModuleManager: Display: Found up-to-date module file ../../../Engine/Plugins/Media/MediaPlayerEditor/Binaries/Win64/UE4Editor-MediaPlayerEditor.dll (API version 3709383).
LogModuleManager: Display: Found up-to-date module file ../../../Engine/Plugins/Media/WmfMedia/Binaries/Win64/UE4Editor-WmfMedia.dll (API version 3709383).
LogModuleManager: Display: Found up-to-date module file ../../../Engine/Plugins/Media/WmfMedia/Binaries/Win64/UE4Editor-WmfMediaEditor.dll (API version 3709383).
LogModuleManager: Display: Found up-to-date module file ../../../Engine/Plugins/Media/WmfMedia/Binaries/Win64/UE4Editor-WmfMediaFactory.dll (API version 3709383).
LogModuleManager: Display: Found up-to-date module file ../../../Engine/Plugins/Media/WmfMedia/Binaries/Win64/UE4Editor-WmfMediaFactory.dll (API version 3709383).
LogModuleManager: Display: Found up-to-date module file ../../../Engine/Plugins/Messaging/TcpMessaging/Binaries/Win64/UE4Editor-TcpMessaging.dll (API version 3709383).
LogModuleManager: Display: Found up-to-date module file ../../../Engine/Plugins/Messaging/UdpMessaging/Binaries/Win64/UE4Editor-UdpMessaging.dll (API version 3709383).
LogModuleManager: Display: Found up-to-date module file ../../../Engine/Plugins/MovieScene/ActorSequence/Binaries/Win64/UE4Editor-ActorSequence.dll (API version 3709383).
LogModuleManager: Display: Found up-to-date module file ../../../Engine/Plugins/MovieScene/LevelSequenceEditor/Binaries/Win64/UE4Editor-LevelSequenceEditor.dll (API version 3709383).
LogModuleManager: Display: Found up-to-date module file ../../../Engine/Plugins/MovieScene/MatineeToLevelSequence/Binaries/Win64/UE4Editor-MatineeToLevelSequence.dll (API version 3709383).
LogModuleManager: Display: Found up-to-date module file ../../../Engine/Plugins/Online/OnlineSubsystem/Binaries/Win64/UE4Editor-OnlineSubsystem.dll (API version 3709383).
LogModuleManager: Display: Found up-to-date module file ../../../Engine/Plugins/Online/OnlineSubsystemNull/Binaries/Win64/UE4Editor-OnlineSubsystemNull.dll (API version 3709383).
LogModuleManager: Display: Found up-to-date module file ../../../Engine/Plugins/Online/OnlineSubsystemUtils/Binaries/Win64/UE4Editor-OnlineSubsystemUtils.dll (API version 3709383).
LogModuleManager: Display: Found up-to-date module file ../../../Engine/Plugins/Online/OnlineSubsystemUtils/Binaries/Win64/UE4Editor-OnlineBlueprintSupport.dll (API version 3709383).
LogModuleManager: Display: Found up-to-date module file ../../../Engine/Plugins/Runtime/AndroidDeviceProfileSelector/Binaries/Win64/UE4Editor-AndroidDeviceProfileSelector.dll (API version 3709383).
LogModuleManager: Display: Found up-to-date module file ../../../Engine/Plugins/Runtime/AndroidPermission/Binaries/Win64/UE4Editor-AndroidPermission.dll (API version 3709383).
LogModuleManager: Display: Found up-to-date module file ../../../Engine/Plugins/Runtime/AppleARKit/Binaries/Win64/UE4Editor-AppleARKit.dll (API version 3709383).
LogModuleManager: Display: Found up-to-date module file ../../../Engine/Plugins/Runtime/ArchVisCharacter/Binaries/Win64/UE4Editor-ArchVisCharacter.dll (API version 3709383).
LogModuleManager: Display: Found up-to-date module file ../../../Engine/Plugins/Runtime/CableComponent/Binaries/Win64/UE4Editor-CableComponent.dll (API version 3709383).
LogModuleManager: Display: Found up-to-date module file ../../../Engine/Plugins/Runtime/CustomMeshComponent/Binaries/Win64/UE4Editor-CustomMeshComponent.dll (API version 3709383).
LogModuleManager: Display: Found up-to-date module file ../../../Engine/Plugins/Runtime/ExampleDeviceProfileSelector/Binaries/Win64/UE4Editor-ExampleDeviceProfileSelector.dll (API version 3709383).
LogModuleManager: Display: Found up-to-date module file ../../../Engine/Plugins/Runtime/ImmediatePhysics/Binaries/Win64/UE4Editor-ImmediatePhysics.dll (API version 3709383).
LogModuleManager: Display: Found up-to-date module file ../../../Engine/Plugins/Runtime/ImmediatePhysics/Binaries/Win64/UE4Editor-ImmediatePhysicsEditor.dll (API version 3709383).
LogModuleManager: Display: Found up-to-date module file ../../../Engine/Plugins/Runtime/LocationServicesBPLibrary/Binaries/Win64/UE4Editor-LocationServicesBPLibrary.dll (API version 3709383).
LogModuleManager: Display: Found up-to-date module file ../../../Engine/Plugins/Runtime/MobilePatchingUtils/Binaries/Win64/UE4Editor-MobilePatchingUtils.dll (API version 3709383).
LogModuleManager: Display: Found up-to-date module file ../../../Engine/Plugins/Runtime/Oculus/OculusVR/Binaries/Win64/UE4Editor-OculusHMD.dll (API version 3709383).
LogModuleManager: Display: Found up-to-date module file ../../../Engine/Plugins/Runtime/Oculus/OculusVR/Binaries/Win64/UE4Editor-OculusInput.dll (API version 3709383).
LogModuleManager: Display: Found up-to-date module file ../../../Engine/Plugins/Runtime/Oculus/OculusVR/Binaries/Win64/UE4Editor-OculusEditor.dll (API version 3709383).
LogModuleManager: Display: Found up-to-date module file ../../../Engine/Plugins/Runtime/PhysXVehicles/Binaries/Win64/UE4Editor-PhysXVehicles.dll (API version 3709383).
LogModuleManager: Display: Found up-to-date module file ../../../Engine/Plugins/Runtime/PhysXVehicles/Binaries/Win64/UE4Editor-PhysXVehiclesEditor.dll (API version 3709383).
LogModuleManager: Display: Found up-to-date module file ../../../Engine/Plugins/Runtime/ProceduralMeshComponent/Binaries/Win64/UE4Editor-ProceduralMeshComponent.dll (API version 3709383).
LogModuleManager: Display: Found up-to-date module file ../../../Engine/Plugins/Runtime/ProceduralMeshComponent/Binaries/Win64/UE4Editor-ProceduralMeshComponentEditor.dll (API version 3709383).
LogModuleManager: Display: Found up-to-date module file ../../../Engine/Plugins/Runtime/RuntimePhysXCooking/Binaries/Win64/UE4Editor-RuntimePhysXCooking.dll (API version 3709383).
LogModuleManager: Display: Found up-to-date module file ../../../Engine/Plugins/Runtime/Steam/SteamVR/Binaries/Win64/UE4Editor-SteamVR.dll (API version 3709383).
LogModuleManager: Display: Found up-to-date module file ../../../Engine/Plugins/Runtime/Steam/SteamVR/Binaries/Win64/UE4Editor-SteamVRController.dll (API version 3709383).
LogModuleManager: Display: Found up-to-date module file ../../../Engine/Plugins/Runtime/WindowsMoviePlayer/Binaries/Win64/UE4Editor-WindowsMoviePlayer.dll (API version 3709383).
LogModuleManager: Display: Found up-to-date module file ../../../../../../Users/Alex/Desktop/Cassiopée/stier-master/stier/Plugins/AirSim/Binaries/Win64/UE4Editor-AirSim.dll (API version 3709383).
LogInit: Using libcurl 7.47.1
LogInit:  - built for x86_64-pc-win32
LogInit:  - supports SSL with OpenSSL/1.0.2g
LogInit:  - supports HTTP deflate (compression) using libz 1.2.8
LogInit:  - other features:
LogInit:      CURL_VERSION_SSL
LogInit:      CURL_VERSION_LIBZ
LogInit:      CURL_VERSION_IPV6
LogInit:      CURL_VERSION_ASYNCHDNS
LogInit:      CURL_VERSION_LARGEFILE
LogInit:      CURL_VERSION_IDN
LogInit:  CurlRequestOptions (configurable via config and command line):
LogInit:  - bVerifyPeer = false  - Libcurl will NOT verify peer certificate
LogInit:  - bUseHttpProxy = false  - Libcurl will NOT use HTTP proxy
LogInit:  - bDontReuseConnections = false  - Libcurl will reuse connections
LogInit:  - CertBundlePath = nullptr  - Libcurl will use whatever was configured at build time.
LogInit: Build: ++UE4+Release-4.18-CL-3832480
LogInit: Engine Version: 4.18.3-3832480+++UE4+Release-4.18
LogInit: Compatible Engine Version: 4.18.0-3709383+++UE4+Release-4.18
LogInit: Net CL: 3709383
LogDevObjectVersion: Number of dev versions registered: 16
LogDevObjectVersion:   Dev-Blueprints (B0D832E4-1F89-4F0D-ACCF-7EB736FD4AA2): 10
LogDevObjectVersion:   Dev-Build (E1C64328-A22C-4D53-A36C-8E866417BD8C): 0
LogDevObjectVersion:   Dev-Core (375EC13C-06E4-48FB-B500-84F0262A717E): 2
LogDevObjectVersion:   Dev-Editor (E4B068ED-F494-42E9-A231-DA0B2E46BB41): 20
LogDevObjectVersion:   Dev-Framework (CFFC743F-43B0-4480-9391-14DF171D2073): 30
LogDevObjectVersion:   Dev-Mobile (B02B49B5-BB20-44E9-A304-32B752E40360): 0
LogDevObjectVersion:   Dev-Networking (A4E4105C-59A1-49B5-A7C5-40C4547EDFEE): 0
LogDevObjectVersion:   Dev-Online (39C831C9-5AE6-47DC-9A44-9C173E1C8E7C): 0
LogDevObjectVersion:   Dev-Physics (78F01B33-EBEA-4F98-B9B4-84EACCB95AA2): 0
LogDevObjectVersion:   Dev-Platform (6631380F-2D4D-43E0-8009-CF276956A95A): 0
LogDevObjectVersion:   Dev-Rendering (12F88B9F-8875-4AFC-A67C-D90C383ABD29): 20
LogDevObjectVersion:   Dev-Sequencer (7B5AE74C-D270-4C10-A958-57980B212A5A): 4
LogDevObjectVersion:   Dev-VR (D7296918-1DD6-4BDD-9DE2-64A83CC13884): 0
LogDevObjectVersion:   Dev-LoadTimes (C2A15278-BFE7-4AFE-6C17-90FF531DF755): 1
LogDevObjectVersion:   Private-Geometry (6EACA3D4-40EC-4CC1-B786-8BED09428FC5): 1
LogDevObjectVersion:   Dev-AnimPhys (29E575DD-E0A3-4627-9D10-D276232CDCEA): 12
LogInit: Compiled (64-bit): Jan 12 2018 02:04:55
LogInit: Compiled with Visual C++: 19.00.24215.01
LogInit: Build Configuration: Development
LogInit: Branch Name: ++UE4+Release-4.18
LogInit: Command line:  
LogInit: Base directory: C:/Program Files/Epic Games/UE_4.18/Engine/Binaries/Win64/
LogInit: Installed Engine Build: 1
LogInit: Presizing for max 8388607 objects, including 0 objects not considered by GC, pre-allocating 0 bytes for permanent pool.
LogInit: Object subsystem initialized
[2018.02.10-18.58.21:042][  0]LogInit: Selected Device Profile: [Windows]
[2018.02.10-18.58.21:042][  0]LogInit: Applying CVar settings loaded from the selected device profile: [Windows]
[2018.02.10-18.58.21:288][  0]LogInit: Computer: DESKTOP-L0CSFJP
[2018.02.10-18.58.21:289][  0]LogInit: User: Alex
[2018.02.10-18.58.21:289][  0]LogInit: CPU Page size=4096, Cores=4
[2018.02.10-18.58.21:289][  0]LogInit: High frequency timer resolution =2.533204 MHz
[2018.02.10-18.58.21:290][  0]LogMemory: Memory total: Physical=3.9GB (4GB approx)
[2018.02.10-18.58.21:290][  0]LogMemory: Platform Memory Stats for Windows
[2018.02.10-18.58.21:290][  0]LogMemory: Process Physical Memory: 275.93 MB used, 275.93 MB peak
[2018.02.10-18.58.21:290][  0]LogMemory: Process Virtual Memory: 269.78 MB used, 269.78 MB peak
[2018.02.10-18.58.21:290][  0]LogMemory: Physical Memory: 3509.14 MB used,  505.44 MB free, 4014.58 MB total
[2018.02.10-18.58.21:290][  0]LogMemory: Virtual Memory: 678.39 MB used,  505.44 MB free, 134217728.00 MB total
[2018.02.10-18.58.38:150][  0]LogInit: Using OS detected language (fr-FR).
[2018.02.10-18.58.38:150][  0]LogInit: Using OS detected locale (fr-FR).
[2018.02.10-18.58.39:063][  0]LogTextLocalizationManager: No localization for 'fr-FR' exists, so 'en' will be used for the language.
[2018.02.10-18.58.39:065][  0]LogTextLocalizationManager: No localization for 'fr-FR' exists, so 'en' will be used for the locale.
[2018.02.10-18.58.43:653][  0]LogInit: Setting process to per monitor DPI aware
[2018.02.10-18.59.29:773][  0]LogD3D11RHI: D3D11 adapters:
[2018.02.10-18.59.31:297][  0]LogD3D11RHI:    0. 'NVIDIA GeForce 940M' (Feature Level 11_0)
[2018.02.10-18.59.31:297][  0]LogD3D11RHI:       2020/0/2007 MB DedicatedVideo/DedicatedSystem/SharedSystem, Outputs:1, VendorId:0x10de
[2018.02.10-18.59.31:358][  0]LogD3D11RHI:    1. 'Intel(R) HD Graphics 4600' (Feature Level 11_0)
[2018.02.10-18.59.31:359][  0]LogD3D11RHI:       112/0/2007 MB DedicatedVideo/DedicatedSystem/SharedSystem, Outputs:0, VendorId:0x8086
[2018.02.10-18.59.31:478][  0]LogD3D11RHI:    2. 'Microsoft Basic Render Driver' (Feature Level 11_0)
[2018.02.10-18.59.31:478][  0]LogD3D11RHI:       0/0/2007 MB DedicatedVideo/DedicatedSystem/SharedSystem, Outputs:0, VendorId:0x1414
[2018.02.10-18.59.31:478][  0]LogD3D11RHI: Chosen D3D11 Adapter: 0
[2018.02.10-18.59.31:503][  0]LogD3D11RHI: Creating new Direct3DDevice
[2018.02.10-18.59.31:504][  0]LogD3D11RHI:     GPU DeviceId: 0x1347 (for the marketing name, search the web for "GPU Device Id")
[2018.02.10-18.59.31:504][  0]LogWindows: EnumDisplayDevices:
[2018.02.10-18.59.31:504][  0]LogWindows:    0. 'Intel(R) HD Graphics 4600' (P:1 D:1)
[2018.02.10-18.59.31:505][  0]LogWindows:    1. 'Intel(R) HD Graphics 4600' (P:0 D:0)
[2018.02.10-18.59.31:506][  0]LogWindows:    2. 'Intel(R) HD Graphics 4600' (P:0 D:0)
[2018.02.10-18.59.31:506][  0]LogWindows: DebugString: GetVideoDriverDetailsInvalid PrimaryIsNotTheChoosenAdapter GetVideoDriverDetailsInvalid PrimaryIsNotTheChoosenAdapter GetVideoDriverDetailsInvalid PrimaryIsNotTheChoosenAdapter FoundDriverCount:0 
[2018.02.10-18.59.31:506][  0]LogD3D11RHI:     Adapter Name: NVIDIA GeForce 940M
[2018.02.10-18.59.31:506][  0]LogD3D11RHI:   Driver Version: Unknown (internal:Unknown, unified:Unknown)
[2018.02.10-18.59.31:506][  0]LogD3D11RHI:      Driver Date: Unknown
[2018.02.10-18.59.31:506][  0]LogRHI: Texture pool is 1414 MB (70% of 2020 MB)
[2018.02.10-18.59.31:801][  0]LogD3D11RHI: Async texture creation enabled
[2018.02.10-18.59.32:386][  0]LogD3D11RHI: GPU Timing Frequency: 1000.000000 (Debug: 2 1)
[2018.02.10-18.59.32:472][  0]LogShaderCompilers: Guid format shader working directory is -21 characters bigger than the processId version (../../../../../../Users/Alex/Desktop/Cassiopée/stier-master/stier/Intermediate/Shaders/WorkingDirectory/20860/).
[2018.02.10-18.59.32:473][  0]LogShaderCompilers: Cleaned the shader compiler working directory 'C:/Users/Alex/AppData/Local/Temp/UnrealShaderWorkingDir/46B9DC514C06B1B4FA1CE3A8AB4AECD4/'.
[2018.02.10-18.59.32:487][  0]LogShaderCompilers: Display: Using Local Shader Compiler.
[2018.02.10-18.59.49:471][  0]LogTemp: Display: Loaded TP AllDesktopTargetPlatform
[2018.02.10-18.59.49:562][  0]LogTemp: Display: Loaded TP MacClientTargetPlatform
[2018.02.10-18.59.49:648][  0]LogTemp: Display: Loaded TP MacNoEditorTargetPlatform
[2018.02.10-18.59.49:734][  0]LogTemp: Display: Loaded TP MacServerTargetPlatform
[2018.02.10-18.59.49:855][  0]LogTemp: Display: Loaded TP MacTargetPlatform
[2018.02.10-18.59.49:988][  0]LogTemp: Display: Loaded TP WindowsClientTargetPlatform
[2018.02.10-18.59.50:146][  0]LogTemp: Display: Loaded TP WindowsNoEditorTargetPlatform
[2018.02.10-18.59.50:310][  0]LogTemp: Display: Loaded TP WindowsServerTargetPlatform
[2018.02.10-18.59.50:414][  0]LogTemp: Display: Loaded TP WindowsTargetPlatform
[2018.02.10-18.59.50:511][  0]LogTemp: Display: Loaded TP Android_ASTCTargetPlatform
[2018.02.10-18.59.50:608][  0]LogTemp: Display: Loaded TP Android_ATCTargetPlatform
[2018.02.10-18.59.50:712][  0]LogTemp: Display: Loaded TP Android_DXTTargetPlatform
[2018.02.10-18.59.50:802][  0]LogTemp: Display: Loaded TP Android_ETC1TargetPlatform
[2018.02.10-18.59.50:900][  0]LogTemp: Display: Loaded TP Android_ETC2TargetPlatform
[2018.02.10-18.59.51:084][  0]LogTemp: Display: Loaded TP Android_MultiTargetPlatform
[2018.02.10-18.59.51:084][  0]LogTemp: Display: Loaded TP Android_PVRTCTargetPlatform
[2018.02.10-18.59.51:211][  0]LogTemp: Display: Loaded TP AndroidTargetPlatform
[2018.02.10-18.59.51:356][  0]LogTemp: Display: Loaded TP HTML5TargetPlatform
[2018.02.10-18.59.51:584][  0]LogTemp: Display: Loaded TP IOSTargetPlatform
[2018.02.10-18.59.51:620][  0]LogTemp: Display: Loaded TP TVOSTargetPlatform
[2018.02.10-18.59.51:720][  0]LogTemp: Display: Loaded TP LinuxClientTargetPlatform
[2018.02.10-18.59.51:808][  0]LogTemp: Display: Loaded TP LinuxNoEditorTargetPlatform
[2018.02.10-18.59.51:924][  0]LogTemp: Display: Loaded TP LinuxServerTargetPlatform
[2018.02.10-18.59.52:102][  0]LogTemp: Display: Loaded TP LinuxTargetPlatform
[2018.02.10-18.59.52:102][  0]LogTargetPlatformManager: Display: Building Assets For Windows
[2018.02.10-18.59.55:851][  0]LogDerivedDataCache: Display: Max Cache Size: 512 MB
[2018.02.10-18.59.58:695][  0]LogDerivedDataCache: Loaded boot cache 2.84s 110MB C:/Users/Alex/AppData/Local/UnrealEngine/4.18/DerivedDataCache/Boot.ddc.
[2018.02.10-18.59.58:695][  0]LogDerivedDataCache: Display: Loaded Boot cache: C:/Users/Alex/AppData/Local/UnrealEngine/4.18/DerivedDataCache/Boot.ddc
[2018.02.10-18.59.58:696][  0]LogDerivedDataCache: FDerivedDataBackendGraph:  Pak pak cache file ../../../../../../Users/Alex/Desktop/Cassiopée/stier-master/stier/DerivedDataCache/DDC.ddp not found, will not use a pak cache.
[2018.02.10-18.59.58:696][  0]LogDerivedDataCache: Unable to find inner node Pak for hierarchical cache Hierarchy.
[2018.02.10-18.59.58:696][  0]LogDerivedDataCache: FDerivedDataBackendGraph:  CompressedPak pak cache file ../../../../../../Users/Alex/Desktop/Cassiopée/stier-master/stier/DerivedDataCache/Compressed.ddp not found, will not use a pak cache.
[2018.02.10-18.59.58:696][  0]LogDerivedDataCache: Unable to find inner node CompressedPak for hierarchical cache Hierarchy.
[2018.02.10-18.59.58:918][  0]LogDerivedDataCache: Display: Pak cache opened for reading ../../../Engine/DerivedDataCache/Compressed.ddp.
[2018.02.10-18.59.58:931][  0]LogDerivedDataCache: Using Local data cache path C:/Users/Alex/AppData/Local/UnrealEngine/Common/DerivedDataCache: Writable
[2018.02.10-18.59.59:048][  0]LogMaterial: Verifying Global Shaders for PCD3D_SM5
[2018.02.10-18.59.59:048][  0]LogSlate: Using Freetype 2.6.0
[2018.02.10-18.59.59:422][  0]LogSlate: SlateFontCache - WITH_FREETYPE: 1, WITH_HARFBUZZ: 1
[2018.02.10-18.59.59:423][  0]LogSlate: SlateFontCache - WITH_FREETYPE: 1, WITH_HARFBUZZ: 1
[2018.02.10-19.00.30:827][  0]LogInit: Selected Device Profile: [Windows]
[2018.02.10-19.00.32:969][  0]LogSimplygon: Simplygon DLL not present - disabling.
[2018.02.10-19.00.33:200][  0]LogMeshReduction: Using SimplygonSwarm for distributed automatic mesh merging
[2018.02.10-19.00.33:200][  0]LogMeshReduction: Using QuadricMeshReduction for automatic static mesh reduction
[2018.02.10-19.00.33:200][  0]LogMeshReduction: No automatic skeletal mesh reduction module available
[2018.02.10-19.00.33:200][  0]LogMeshReduction: No automatic mesh merging module available
[2018.02.10-19.00.33:200][  0]LogMeshMerging: No automatic mesh merging module available
[2018.02.10-19.00.33:325][  0]LogNetVersion: Blocks , NetCL: 3709383, EngineNetVer: 2, GameNetVer: 0 (Checksum: 1559670006)
[2018.02.10-19.00.33:944][  0]LogAssetRegistry: FAssetRegistry took 0.0334 seconds to start up
[2018.02.10-19.00.41:583][  0]LogPackageLocalizationCache: Processed 8 localized package path(s) for 1 prioritized culture(s) in 0.450936 seconds
[2018.02.10-19.00.41:589][  0]LogUObjectArray: 35870 objects as part of root set at end of initial load.
[2018.02.10-19.00.41:589][  0]LogUObjectAllocator: 7363696 out of 0 bytes used by permanent object pool.
[2018.02.10-19.00.41:589][  0]LogUObjectArray: CloseDisregardForGC: 0/0 objects in disregard for GC pool
[2018.02.10-19.00.41:679][  0]LogInit: WinSock: version 1.1 (2.2), MaxSocks=32767, MaxUdp=65467
[2018.02.10-19.01.53:438][  0]LogTcpMessaging: Initializing TcpMessaging bridge
[2018.02.10-19.01.53:530][  0]LogUdpMessaging: Initializing bridge on interface 0.0.0.0:0 to multicast group 230.0.0.1:6666.
[2018.02.10-19.01.59:858][  0]LogLinker: Warning: Asset '../../../../../../Users/Alex/Desktop/Cassiopée/stier-master/stier/Plugins/AirSim/Content/VehicleAdv/SUV/SuvCarPawn.uasset' has been saved with empty engine version. The asset will be loaded but may be incompatible.
[2018.02.10-19.01.59:868][  0]LogLinker: Warning: Asset '../../../../../../Users/Alex/Desktop/Cassiopée/stier-master/stier/Plugins/AirSim/Content/VehicleAdv/SUV/SuvBackTireData.uasset' has been saved with empty engine version. The asset will be loaded but may be incompatible.
[2018.02.10-19.01.59:871][  0]LogLinker: Warning: Asset '../../../../../../Users/Alex/Desktop/Cassiopée/stier-master/stier/Plugins/AirSim/Content/VehicleAdv/SUV/SuvFrontTireData.uasset' has been saved with empty engine version. The asset will be loaded but may be incompatible.
[2018.02.10-19.02.13:269][  0]LogMaterial: Uniform references updated for custom material expression Custom.
[2018.02.10-19.02.15:082][  0]SourceControl: Source control is disabled
[2018.02.10-19.02.15:082][  0]SourceControl: Source control is disabled
[2018.02.10-19.02.16:023][  0]SourceControl: Source control is disabled
[2018.02.10-19.02.16:219][  0]SourceControl: Source control is disabled
[2018.02.10-19.02.21:499][  0]LogAndroidPermission: UAndroidPermissionCallbackProxy::GetInstance
[2018.02.10-19.02.22:144][  0]LogOcInput: OculusInput pre-init called
[2018.02.10-19.02.29:085][  0]LogAutomationTest: Warning: Smoke tests took > 2s to run: 2.26s
[2018.02.10-19.02.29:466][  0]LogEngine: Initializing Engine...
[2018.02.10-19.02.30:763][  0]LogHMD: Failed to initialize OpenVR with code 110
[2018.02.10-19.02.31:788][  0]LogStats: UGameplayTagsManager::ConstructGameplayTagTree: Construct from data asset -  0.000 s
[2018.02.10-19.02.31:789][  0]LogStats: UGameplayTagsManager::ConstructGameplayTagTree: GameplayTagTreeChangedEvent.Broadcast -  0.001 s
[2018.02.10-19.02.38:427][  0]LogAIModule: Creating AISystem for world Untitled
[2018.02.10-19.02.38:958][  0]LogInit: XAudio2 using 'Haut-parleurs +SSE3 (Realtek High Definition Audio)' : 2 channels at 48 kHz using 32 bits per sample (channel mask 0x3)
[2018.02.10-19.02.39:851][  0]LogInit: FAudioDevice initialized.
[2018.02.10-19.02.45:242][  0]LogDerivedDataCache: Saved boot cache 5.39s 103MB C:/Users/Alex/AppData/Local/UnrealEngine/4.18/DerivedDataCache/Boot.ddc.
[2018.02.10-19.02.45:880][  0]LogInit: Texture streaming: Enabled
[2018.02.10-19.02.48:542][  0]LogEngineSessionManager: EngineSessionManager initialized
[2018.02.10-19.02.54:978][  0]LogInit: Transaction tracking system initialized
[2018.02.10-19.02.57:606][  0]BlueprintLog: New page: Editor Load
[2018.02.10-19.03.07:339][  0]LocalizationService: Localization service is disabled
[2018.02.10-19.03.13:040][  0]LogConsoleResponse: Display: 
[2018.02.10-19.03.18:189][  0]LogFileCache: Scanning file cache for directory 'C:/Users/Alex/Desktop/Cassiopée/stier-master/stier/Content/' took 0.03s
[2018.02.10-19.03.18:190][  0]LogCook: Display: Max memory allowance for cook 16384mb min free memory 0mb
[2018.02.10-19.03.18:252][  0]LogCook: Display: Mobile HDR setting 1
[2018.02.10-19.03.18:500][  0]LogGameplayTags: Display: UGameplayTagsManager::DoneAddingNativeTags. DelegateIsBound: 0
[2018.02.10-19.03.28:134][  0]SourceControl: Source control is disabled
[2018.02.10-19.03.28:342][  0]Cmd: MAP LOAD FILE="../../../../../../Users/Alex/Desktop/Cassiopée/stier-master/stier/Content/FlyingCPP/Maps/FlyingExampleMap.umap" TEMPLATE=0 SHOWPROGRESS=1 FEATURELEVEL=3
[2018.02.10-19.03.28:916][  0]LightingResults: New page: Lighting Build
[2018.02.10-19.03.29:782][  0]MapCheck: New page: Map Check
[2018.02.10-19.03.29:783][  0]LightingResults: New page: Lighting Build
[2018.02.10-19.03.35:069][  0]LogAIModule: Creating AISystem for world FlyingExampleMap
[2018.02.10-19.03.36:537][  0]LogEditorServer: Finished looking for orphan Actors (0.000 secs)
[2018.02.10-19.03.37:229][  0]Cmd: MAP CHECKDEP NOCLEARLOG
[2018.02.10-19.03.37:906][  0]MapCheck: Map check complete: 0 Error(s), 0 Warning(s), took 651.784ms to complete.
[2018.02.10-19.03.37:906][  0]LogFileHelpers: Loading map 'FlyingExampleMap' took 9.670
[2018.02.10-19.03.47:378][  0]LogCollectionManager: Loaded 0 collections in 0.002817 seconds
[2018.02.10-19.03.48:119][  0]LogFileCache: Scanning file cache for directory 'C:/Users/Alex/Desktop/Cassiopée/stier-master/stier/Saved/Collections/' took 0.01s
[2018.02.10-19.03.48:119][  0]LogFileCache: Scanning file cache for directory 'C:/Users/Alex/Desktop/Cassiopée/stier-master/stier/Content/Developers/Alex/Collections/' took 0.01s
[2018.02.10-19.03.48:119][  0]LogFileCache: Scanning file cache for directory 'C:/Users/Alex/Desktop/Cassiopée/stier-master/stier/Content/Collections/' took 0.01s
[2018.02.10-19.03.48:119][  0]LogCollectionManager: Rebuilt the GUID cache for 0 collections in 0.000001 seconds
[2018.02.10-19.03.48:181][  0]LogContentBrowser: Native class hierarchy populated in 0.0606 seconds. Added 2378 classes and 525 folders.
[2018.02.10-19.03.48:830][  0]LogContentBrowser: Native class hierarchy updated for 'WidgetCarousel' in 0.0008 seconds. Added 0 classes and 0 folders.
[2018.02.10-19.03.58:909][  0]LogContentBrowser: Native class hierarchy updated for 'AddContentDialog' in 0.0009 seconds. Added 0 classes and 0 folders.
[2018.02.10-19.03.59:203][  0]LogContentBrowser: Native class hierarchy updated for 'SceneOutliner' in 0.0018 seconds. Added 1 classes and 2 folders.
[2018.02.10-19.04.04:144][  0]LogSlate: Took 0.081463 seconds to synchronously load lazily loaded font '../../../Engine/Content/Slate/Fonts/Roboto-Regular.ttf' (155K)
[2018.02.10-19.04.04:204][  0]LogSlate: Took 0.058348 seconds to synchronously load lazily loaded font '../../../Engine/Content/Slate/Fonts/Roboto-Bold.ttf' (160K)
[2018.02.10-19.04.04:535][  0]LogSlate: Took 0.183699 seconds to synchronously load lazily loaded font '../../../Engine/Content/Editor/Slate/Fonts/FontAwesome.ttf' (139K)
[2018.02.10-19.04.06:105][  0]LogRenderer: Reallocating scene render targets to support 736x372 Format 10 NumSamples 1 (Frame:1).
[2018.02.10-19.04.07:839][  0]LogSlate: Took 0.070004 seconds to synchronously load lazily loaded font '../../../Engine/Content/Slate/Fonts/Roboto-Light.ttf' (159K)
[2018.02.10-19.04.08:988][  0]LogContentBrowser: Native class hierarchy updated for 'HierarchicalLODOutliner' in 0.0020 seconds. Added 1 classes and 2 folders.
[2018.02.10-19.04.08:988][  0]LogLoad: (Engine Initialization) Total time: 452.00 seconds
[2018.02.10-19.04.08:988][  0]LogLoad: (Engine Initialization) Total Blueprint compile time: 0.00 seconds
[2018.02.10-19.04.09:018][  0]LogExternalProfiler: Found external profiler: VSPerf
[2018.02.10-19.04.09:018][  0]LogExternalProfiler: Using external profiler: VSPerf
[2018.02.10-19.04.09:690][  0]LogContentStreaming: Texture pool size now 1000 MB
[2018.02.10-19.04.11:085][  2]LogSlate: Took 0.000356 seconds to synchronously load lazily loaded font '../../../Engine/Content/Slate/Fonts/Roboto-Light.ttf' (159K)
[2018.02.10-19.04.11:466][  3]LogAssetRegistry: Asset discovery search completed in 217.5445 seconds
[2018.02.10-19.04.11:530][  3]LogCollectionManager: Rebuilt the object cache for 0 collections in 0.000000 seconds (found 0 objects)
[2018.02.10-19.04.11:580][  3]LogCollectionManager: Fixed up redirectors for 0 collections in 0.038455 seconds (updated 0 objects)
[2018.02.10-19.41.44:095][101]Cmd: QUIT_EDITOR
[2018.02.10-19.41.44:547][101]LogWindowsTextInputMethodSystem: Display: IME system now deactivated.
[2018.02.10-19.41.44:816][101]LogExit: Preparing to exit.
[2018.02.10-19.41.47:089][101]LogDirectoryWatcher: A directory notification for 'C:/Users/Alex/Desktop/Cassiopée/stier-master/stier/Content/' was aborted.
[2018.02.10-19.41.47:566][101]LogExit: Editor shut down
[2018.02.10-19.41.47:653][101]LogExit: Transaction tracking system shut down
[2018.02.10-19.41.50:098][101]LogDirectoryWatcher: A directory notification for '../../../Engine/Content/' was aborted.
[2018.02.10-19.41.50:099][101]LogDirectoryWatcher: A directory notification for '../../../../../../Users/Alex/Desktop/Cassiopée/stier-master/stier/Content/' was aborted.
[2018.02.10-19.41.50:099][101]LogDirectoryWatcher: A directory notification for '../../../Engine/Plugins/2D/Paper2D/Content/' was aborted.
[2018.02.10-19.41.50:100][101]LogDirectoryWatcher: A directory notification for '../../../Engine/Plugins/Media/MediaCompositing/Content/' was aborted.
[2018.02.10-19.41.50:100][101]LogDirectoryWatcher: A directory notification for '../../../Engine/Plugins/Runtime/AppleARKit/Content/' was aborted.
[2018.02.10-19.41.50:100][101]LogDirectoryWatcher: A directory notification for '../../../Engine/Plugins/Runtime/Oculus/OculusVR/Content/' was aborted.
[2018.02.10-19.41.50:101][101]LogDirectoryWatcher: A directory notification for '../../../Engine/Plugins/Runtime/Steam/SteamVR/Content/' was aborted.
[2018.02.10-19.41.50:101][101]LogDirectoryWatcher: A directory notification for '../../../../../../Users/Alex/Desktop/Cassiopée/stier-master/stier/Plugins/AirSim/Content/' was aborted.
[2018.02.10-19.42.09:417][101]LogExit: Object subsystem successfully closed.
[2018.02.10-19.42.10:373][101]LogD3D11RHI: Shutdown
[2018.02.10-19.42.10:390][101]LogD3D11RHI: CleanupD3DDevice
[2018.02.10-19.42.10:602][101]LogD3D11RHI: ~FD3D11DynamicRHI
[2018.02.10-19.42.12:460][101]LogModuleManager: Shutting down and abandoning module HierarchicalLODOutliner (552)
[2018.02.10-19.42.12:460][101]LogModuleManager: Shutting down and abandoning module DesktopPlatform (550)
[2018.02.10-19.42.12:480][101]LogModuleManager: Shutting down and abandoning module SceneOutliner (548)
[2018.02.10-19.42.12:485][101]LogModuleManager: Shutting down and abandoning module AddContentDialog (546)
[2018.02.10-19.42.12:492][101]LogDirectoryWatcher: A directory notification for 'C:/Program Files/Epic Games/UE_4.18/FeaturePacks/' was aborted.
[2018.02.10-19.42.12:527][101]LogModuleManager: Shutting down and abandoning module WidgetCarousel (545)
[2018.02.10-19.42.12:527][101]LogModuleManager: Shutting down and abandoning module EditorWidgets (542)
[2018.02.10-19.42.12:527][101]LogModuleManager: Shutting down and abandoning module CollectionManager (540)
[2018.02.10-19.42.12:611][101]LogDirectoryWatcher: A directory notification for 'C:/Users/Alex/Desktop/Cassiopée/stier-master/stier/Content/Collections/' was aborted.
[2018.02.10-19.42.12:611][101]LogDirectoryWatcher: A directory notification for 'C:/Users/Alex/Desktop/Cassiopée/stier-master/stier/Content/Developers/Alex/Collections/' was aborted.
[2018.02.10-19.42.12:612][101]LogDirectoryWatcher: A directory notification for 'C:/Users/Alex/Desktop/Cassiopée/stier-master/stier/Saved/Collections/' was aborted.
[2018.02.10-19.42.12:613][101]LogModuleManager: Shutting down and abandoning module StatsViewer (538)
[2018.02.10-19.42.12:724][101]LogModuleManager: Shutting down and abandoning module FoliageEdit (536)
[2018.02.10-19.42.12:724][101]LogModuleManager: Shutting down and abandoning module LandscapeEditor (534)
[2018.02.10-19.42.12:885][101]LogModuleManager: Shutting down and abandoning module MeshPaintMode (532)
[2018.02.10-19.42.12:891][101]LogModuleManager: Shutting down and abandoning module SceneDepthPickerMode (530)
[2018.02.10-19.42.12:891][101]LogModuleManager: Shutting down and abandoning module ActorPickerMode (528)
[2018.02.10-19.42.12:891][101]LogModuleManager: Shutting down and abandoning module GeometryMode (526)
[2018.02.10-19.42.12:892][101]LogModuleManager: Shutting down and abandoning module TextureAlignMode (524)
[2018.02.10-19.42.12:892][101]LogModuleManager: Shutting down and abandoning module BspMode (522)
[2018.02.10-19.42.12:892][101]LogModuleManager: Shutting down and abandoning module PIEPreviewDeviceProfileSelector (520)
[2018.02.10-19.42.12:892][101]LogModuleManager: Shutting down and abandoning module HardwareSurvey (518)
[2018.02.10-19.42.12:892][101]LogModuleManager: Shutting down and abandoning module SequenceRecorderSections (516)
[2018.02.10-19.42.12:905][101]LogModuleManager: Shutting down and abandoning module AutomationWorker (514)
[2018.02.10-19.42.12:910][101]LogModuleManager: Shutting down and abandoning module MatineeToLevelSequence (512)
[2018.02.10-19.42.12:925][101]LogModuleManager: Shutting down and abandoning module LevelSequenceEditor (510)
[2018.02.10-19.42.13:010][101]LogModuleManager: Shutting down and abandoning module PlacementMode (509)
[2018.02.10-19.42.13:010][101]LogModuleManager: Shutting down and abandoning module WmfMediaFactory (506)
[2018.02.10-19.42.13:010][101]LogModuleManager: Shutting down and abandoning module WmfMediaEditor (504)
[2018.02.10-19.42.13:010][101]LogModuleManager: Shutting down and abandoning module OpenExrWrapper (502)
[2018.02.10-19.42.13:010][101]LogModuleManager: Shutting down and abandoning module ImgMediaFactory (500)
[2018.02.10-19.42.13:010][101]LogModuleManager: Shutting down and abandoning module ImgMediaEditor (498)
[2018.02.10-19.42.13:010][101]LogModuleManager: Shutting down and abandoning module AvfMediaFactory (496)
[2018.02.10-19.42.13:010][101]LogModuleManager: Shutting down and abandoning module AvfMediaEditor (494)
[2018.02.10-19.42.13:010][101]LogModuleManager: Shutting down and abandoning module AndroidMediaFactory (492)
[2018.02.10-19.42.13:010][101]LogModuleManager: Shutting down and abandoning module AndroidMediaEditor (490)
[2018.02.10-19.42.13:010][101]LogModuleManager: Shutting down and abandoning module CharacterAI (488)
[2018.02.10-19.42.13:010][101]LogModuleManager: Shutting down and abandoning module AudioCapture (486)
[2018.02.10-19.42.13:026][101]LogModuleManager: Shutting down and abandoning module SequenceRecorder (485)
[2018.02.10-19.42.13:048][101]LogModuleManager: Shutting down and abandoning module SmartSnapping (482)
[2018.02.10-19.42.13:048][101]LogModuleManager: Shutting down and abandoning module SessionServices (480)
[2018.02.10-19.42.13:048][101]LogModuleManager: Shutting down and abandoning module ViewportSnapping (478)
[2018.02.10-19.42.13:049][101]LogModuleManager: Shutting down and abandoning module ViewportInteraction (476)
[2018.02.10-19.42.13:049][101]LogModuleManager: Shutting down and abandoning module ClothPainter (474)
[2018.02.10-19.42.13:097][101]LogModuleManager: Shutting down and abandoning module SkeletalMeshEditor (473)
[2018.02.10-19.42.13:174][101]LogModuleManager: Shutting down and abandoning module LogVisualizer (470)
[2018.02.10-19.42.13:203][101]LogModuleManager: Shutting down and abandoning module IntroTutorials (468)
[2018.02.10-19.42.13:240][101]LogModuleManager: Shutting down and abandoning module GameProjectGeneration (467)
[2018.02.10-19.42.13:269][101]LogModuleManager: Shutting down and abandoning module IOSPlatformEditor (464)
[2018.02.10-19.42.13:269][101]LogModuleManager: Shutting down and abandoning module HTML5PlatformEditor (462)
[2018.02.10-19.42.13:269][101]LogModuleManager: Shutting down and abandoning module AndroidPlatformEditor (460)
[2018.02.10-19.42.13:269][101]LogModuleManager: Shutting down and abandoning module AndroidDeviceDetection (459)
[2018.02.10-19.42.13:634][101]LogModuleManager: Shutting down and abandoning module WindowsPlatformEditor (456)
[2018.02.10-19.42.13:634][101]LogModuleManager: Shutting down and abandoning module IOSRuntimeSettings (454)
[2018.02.10-19.42.13:634][101]LogModuleManager: Shutting down and abandoning module AndroidRuntimeSettings (452)
[2018.02.10-19.42.13:634][101]LogModuleManager: Shutting down and abandoning module InputBindingEditor (450)
[2018.02.10-19.42.13:656][101]LogModuleManager: Shutting down and abandoning module MergeActors (448)
[2018.02.10-19.42.13:671][101]LogModuleManager: Shutting down and abandoning module SizeMap (446)
[2018.02.10-19.42.13:671][101]LogModuleManager: Shutting down and abandoning module TreeMap (444)
[2018.02.10-19.42.13:694][101]LogModuleManager: Shutting down and abandoning module ReferenceViewer (442)
[2018.02.10-19.42.13:694][101]LogModuleManager: Shutting down and abandoning module LocalizationDashboard (440)
[2018.02.10-19.42.13:703][101]LogModuleManager: Shutting down and abandoning module LocalizationService (439)
[2018.02.10-19.42.13:716][101]LogModuleManager: Shutting down and abandoning module HardwareTargeting (436)
[2018.02.10-19.42.13:717][101]LogModuleManager: Shutting down and abandoning module DeviceProfileEditor (434)
[2018.02.10-19.42.13:717][101]LogModuleManager: Shutting down and abandoning module UndoHistory (432)
[2018.02.10-19.42.13:717][101]LogModuleManager: Shutting down and abandoning module XmlParser (430)
[2018.02.10-19.42.13:725][101]LogModuleManager: Shutting down and abandoning module Blutility (428)
[2018.02.10-19.42.13:725][101]LogModuleManager: Shutting down and abandoning module ProjectSettingsViewer (426)
[2018.02.10-19.42.13:725][101]LogModuleManager: Shutting down and abandoning module ProjectTargetPlatformEditor (425)
[2018.02.10-19.42.13:725][101]LogModuleManager: Shutting down and abandoning module EditorSettingsViewer (422)
[2018.02.10-19.42.13:726][101]LogModuleManager: Shutting down and abandoning module SettingsEditor (420)
[2018.02.10-19.42.13:739][101]LogModuleManager: Shutting down and abandoning module ProjectLauncher (418)
[2018.02.10-19.42.13:758][101]LogModuleManager: Shutting down and abandoning module SessionFrontend (416)
[2018.02.10-19.42.13:821][101]LogModuleManager: Shutting down and abandoning module ProfilerClient (414)
[2018.02.10-19.42.13:834][101]LogModuleManager: Shutting down and abandoning module DeviceManager (412)
[2018.02.10-19.42.13:840][101]LogModuleManager: Shutting down and abandoning module TargetDeviceServices (411)
[2018.02.10-19.42.13:903][101]LogModuleManager: Shutting down and abandoning module AutomationController (408)
[2018.02.10-19.42.13:961][101]LogModuleManager: Shutting down and abandoning module AutomationWindow (406)
[2018.02.10-19.42.13:988][101]LogModuleManager: Shutting down and abandoning module Layers (404)
[2018.02.10-19.42.14:018][101]LogModuleManager: Shutting down and abandoning module ComponentVisualizers (402)
[2018.02.10-19.42.14:018][101]LogModuleManager: Shutting down and abandoning module DetailCustomizations (400)
[2018.02.10-19.42.14:106][101]LogModuleManager: Shutting down and abandoning module PackagesDialog (398)
[2018.02.10-19.42.14:139][101]LogModuleManager: Shutting down and abandoning module Persona (396)
[2018.02.10-19.42.14:191][101]LogModuleManager: Shutting down and abandoning module AdvancedPreviewScene (395)
[2018.02.10-19.42.14:191][101]LogModuleManager: Shutting down and abandoning module AnimGraph (393)
[2018.02.10-19.42.14:191][101]LogModuleManager: Shutting down and abandoning module Kismet (390)
[2018.02.10-19.42.14:221][101]LogModuleManager: Shutting down and abandoning module ClassViewer (388)
[2018.02.10-19.42.14:221][101]LogModuleManager: Shutting down and abandoning module Toolbox (386)
[2018.02.10-19.42.14:221][101]LogModuleManager: Shutting down and abandoning module ModuleUI (384)
[2018.02.10-19.42.14:228][101]LogModuleManager: Shutting down and abandoning module MovieSceneTools (382)
[2018.02.10-19.42.14:250][101]LogModuleManager: Shutting down and abandoning module OutputLog (380)
[2018.02.10-19.42.14:272][101]LogModuleManager: Shutting down and abandoning module GammaUI (378)
[2018.02.10-19.42.14:278][101]LogModuleManager: Shutting down and abandoning module Documentation (376)
[2018.02.10-19.42.14:278][101]LogModuleManager: Shutting down and abandoning module MovieSceneTracks (374)
[2018.02.10-19.42.14:279][101]LogModuleManager: Shutting down and abandoning module MovieScene (372)
[2018.02.10-19.42.14:279][101]LogModuleManager: Shutting down and abandoning module StreamingPauseRendering (370)
[2018.02.10-19.42.14:279][101]LogModuleManager: Shutting down and abandoning module LauncherPlatform (368)
[2018.02.10-19.42.14:279][101]LogModuleManager: Shutting down and abandoning module AnalyticsET (366)
[2018.02.10-19.42.14:279][101]LogModuleManager: Shutting down and abandoning module PortalServices (364)
[2018.02.10-19.42.14:279][101]LogModuleManager: Shutting down and abandoning module PortalRpc (362)
[2018.02.10-19.42.14:279][101]LogModuleManager: Shutting down and abandoning module MessagingRpc (360)
[2018.02.10-19.42.14:279][101]LogModuleManager: Shutting down and abandoning module AIModule (358)
[2018.02.10-19.42.14:279][101]LogModuleManager: Shutting down and abandoning module GameplayDebugger (357)
[2018.02.10-19.42.14:279][101]LogModuleManager: Shutting down and abandoning module AITestSuite (355)
[2018.02.10-19.42.14:290][101]LogModuleManager: Shutting down and abandoning module ProfilerService (352)
[2018.02.10-19.42.14:354][101]LogModuleManager: Shutting down and abandoning module TaskGraph (350)
[2018.02.10-19.42.14:387][101]LogModuleManager: Shutting down and abandoning module SteamVRController (348)
[2018.02.10-19.42.14:387][101]LogModuleManager: Shutting down and abandoning module ProceduralMeshComponentEditor (346)
[2018.02.10-19.42.14:387][101]LogModuleManager: Shutting down and abandoning module ProceduralMeshComponent (344)
[2018.02.10-19.42.14:395][101]LogModuleManager: Shutting down and abandoning module OculusInput (342)
[2018.02.10-19.42.14:405][101]LogModuleManager: Shutting down and abandoning module MobilePatchingUtils (340)
[2018.02.10-19.42.14:405][101]LogModuleManager: Shutting down and abandoning module CustomMeshComponent (338)
[2018.02.10-19.42.14:405][101]LogModuleManager: Shutting down and abandoning module CableComponent (336)
[2018.02.10-19.42.14:417][101]LogModuleManager: Shutting down and abandoning module ArchVisCharacter (334)
[2018.02.10-19.42.14:417][101]LogModuleManager: Shutting down and abandoning module AndroidPermission (332)
[2018.02.10-19.42.14:417][101]LogModuleManager: Shutting down and abandoning module ActorSequence (328)
[2018.02.10-19.42.14:417][101]LogModuleManager: Shutting down and abandoning module MediaPlayerEditor (326)
[2018.02.10-19.42.14:568][101]LogModuleManager: Shutting down and abandoning module MediaCompositingEditor (324)
[2018.02.10-19.42.14:568][101]LogModuleManager: Shutting down and abandoning module MediaCompositing (322)
[2018.02.10-19.42.14:568][101]LogModuleManager: Shutting down and abandoning module HTML5Networking (320)
[2018.02.10-19.42.14:568][101]LogModuleManager: Shutting down and abandoning module AlembicImporter (318)
[2018.02.10-19.42.14:582][101]LogModuleManager: Shutting down and abandoning module AlembicLibrary (317)
[2018.02.10-19.42.14:582][101]LogModuleManager: Shutting down and abandoning module GeometryCache (316)
[2018.02.10-19.42.14:591][101]LogModuleManager: Shutting down and abandoning module GeometryCacheEd (315)
[2018.02.10-19.42.14:591][101]LogModuleManager: Shutting down and abandoning module SpeedTreeImporter (310)
[2018.02.10-19.42.14:591][101]LogModuleManager: Shutting down and abandoning module PluginBrowser (308)
[2018.02.10-19.42.14:780][101]LogModuleManager: Shutting down and abandoning module MobileLauncherProfileWizard (306)
[2018.02.10-19.42.14:819][101]LogModuleManager: Shutting down and abandoning module VisualStudioSourceCodeAccess (304)
[2018.02.10-19.42.14:820][101]LogModuleManager: Shutting down and abandoning module VisualStudioCodeSourceCodeAccess (302)
[2018.02.10-19.42.14:820][101]LogModuleManager: Shutting down and abandoning module UObjectPlugin (300)
[2018.02.10-19.42.14:820][101]LogModuleManager: Shutting down and abandoning module SubversionSourceControl (298)
[2018.02.10-19.42.14:828][101]LogModuleManager: Shutting down and abandoning module PerforceSourceControl (296)
[2018.02.10-19.42.14:854][101]LogModuleManager: Shutting down and abandoning module GitSourceControl (294)
[2018.02.10-19.42.14:881][101]LogModuleManager: Shutting down and abandoning module SourceControl (293)
[2018.02.10-19.42.14:916][101]LogModuleManager: Shutting down and abandoning module LightPropagationVolumeEditor (290)
[2018.02.10-19.42.14:916][101]LogModuleManager: Shutting down and abandoning module PaperTiledImporter (288)
[2018.02.10-19.42.14:916][101]LogModuleManager: Shutting down and abandoning module PaperSpriteSheetImporter (286)
[2018.02.10-19.42.14:916][101]LogModuleManager: Shutting down and abandoning module Paper2DEditor (284)
[2018.02.10-19.42.14:944][101]LogModuleManager: Shutting down and abandoning module MeshPaint (283)
[2018.02.10-19.42.14:953][101]LogModuleManager: Shutting down and abandoning module LevelEditor (281)
[2018.02.10-19.42.14:978][101]LogModuleManager: Shutting down and abandoning module PixelInspectorModule (280)
[2018.02.10-19.42.14:992][101]LogModuleManager: Shutting down and abandoning module MainFrame (278)
[2018.02.10-19.42.15:013][101]LogModuleManager: Shutting down and abandoning module HotReload (277)
[2018.02.10-19.42.15:028][101]LogDirectoryWatcher: A directory notification for 'C:/Users/Alex/Desktop/Cassiopée/stier-master/stier/Binaries/Win64' was aborted.
[2018.02.10-19.42.15:028][101]LogDirectoryWatcher: A directory notification for 'C:/Users/Alex/Desktop/Cassiopée/stier-master/stier/Plugins/AirSim/Binaries/Win64' was aborted.
[2018.02.10-19.42.15:071][101]LogModuleManager: Shutting down and abandoning module Blocks (272)
[2018.02.10-19.42.15:071][101]LogModuleManager: Shutting down and abandoning module AirSim (270)
[2018.02.10-19.42.15:071][101]LogModuleManager: Shutting down and abandoning module RuntimePhysXCooking (268)
[2018.02.10-19.42.15:072][101]LogModuleManager: Shutting down and abandoning module PhysXVehiclesEditor (266)
[2018.02.10-19.42.15:072][101]LogModuleManager: Shutting down and abandoning module PhysXVehicles (264)
[2018.02.10-19.42.15:072][101]LogModuleManager: Shutting down and abandoning module OculusEditor (262)
[2018.02.10-19.42.15:072][101]LogModuleManager: Shutting down and abandoning module LocationServicesBPLibrary (260)
[2018.02.10-19.42.15:072][101]LogModuleManager: Shutting down and abandoning module ImmediatePhysicsEditor (258)
[2018.02.10-19.42.15:072][101]LogModuleManager: Shutting down and abandoning module ImmediatePhysics (256)
[2018.02.10-19.42.15:081][101]LogModuleManager: Shutting down and abandoning module UdpMessaging (254)
[2018.02.10-19.42.15:194][101]LogModuleManager: Shutting down and abandoning module TcpMessaging (252)
[2018.02.10-19.42.15:306][101]LogModuleManager: Shutting down and abandoning module GameplayTagsEditor (250)
[2018.02.10-19.42.15:340][101]LogModuleManager: Shutting down and abandoning module FacialAnimationEditor (248)
[2018.02.10-19.42.15:340][101]LogModuleManager: Shutting down and abandoning module FacialAnimation (246)
[2018.02.10-19.42.15:340][101]LogModuleManager: Shutting down and abandoning module AssetManagerEditor (244)
[2018.02.10-19.42.15:367][101]LogModuleManager: Shutting down and abandoning module GraphEditor (243)
[2018.02.10-19.42.15:367][101]LogModuleManager: Shutting down and abandoning module ContentBrowser (241)
[2018.02.10-19.42.15:369][101]LogModuleManager: Shutting down and abandoning module LightPropagationVolumeRuntime (238)
[2018.02.10-19.42.15:369][101]LogModuleManager: Shutting down and abandoning module Paper2D (236)
[2018.02.10-19.42.15:369][101]LogModuleManager: Shutting down and abandoning module WindowsMoviePlayer (234)
[2018.02.10-19.42.15:383][101]LogModuleManager: Shutting down and abandoning module WmfMedia (232)
[2018.02.10-19.42.15:394][101]LogModuleManager: Shutting down and abandoning module ImgMedia (230)
[2018.02.10-19.42.15:394][101]LogModuleManager: Shutting down and abandoning module PacketHandler (228)
[2018.02.10-19.42.15:394][101]LogModuleManager: Shutting down and abandoning module ClothingSystemEditor (226)
[2018.02.10-19.42.15:394][101]LogModuleManager: Shutting down and abandoning module ClothingSystemRuntime (224)
[2018.02.10-19.42.15:404][101]LogModuleManager: Shutting down and abandoning module MediaAssets (222)
[2018.02.10-19.42.15:405][101]LogModuleManager: Shutting down and abandoning module Media (221)
[2018.02.10-19.42.15:412][101]LogModuleManager: Shutting down and abandoning module Overlay (218)
[2018.02.10-19.42.15:412][101]LogModuleManager: Shutting down and abandoning module OverlayEditor (217)
[2018.02.10-19.42.15:412][101]LogModuleManager: Shutting down and abandoning module VREditor (214)
[2018.02.10-19.42.15:453][101]LogModuleManager: Shutting down and abandoning module StringTableEditor (212)
[2018.02.10-19.42.15:466][101]LogModuleManager: Shutting down and abandoning module GameplayTasksEditor (210)
[2018.02.10-19.42.15:466][101]LogModuleManager: Shutting down and abandoning module BehaviorTreeEditor (208)
[2018.02.10-19.42.15:497][101]LogModuleManager: Shutting down and abandoning module FunctionalTesting (206)
[2018.02.10-19.42.15:504][101]LogModuleManager: Shutting down and abandoning module CollisionAnalyzer (204)
[2018.02.10-19.42.15:522][101]LogModuleManager: Shutting down and abandoning module WorkspaceMenuStructure (203)
[2018.02.10-19.42.15:522][101]LogModuleManager: Shutting down and abandoning module UMG (200)
[2018.02.10-19.42.15:544][101]LogModuleManager: Shutting down and abandoning module UMGEditor (199)
[2018.02.10-19.42.15:578][101]LogModuleManager: Shutting down and abandoning module Sequencer (198)
[2018.02.10-19.42.15:624][101]LogModuleManager: Shutting down and abandoning module MessageLog (195)
[2018.02.10-19.42.15:624][101]LogModuleManager: Shutting down and abandoning module SlateReflector (190)
[2018.02.10-19.42.15:663][101]LogModuleManager: Shutting down and abandoning module Slate (188)
[2018.02.10-19.42.15:663][101]LogModuleManager: Shutting down and abandoning module EditorStyle (186)
[2018.02.10-19.42.15:728][101]LogModuleManager: Shutting down and abandoning module MRMesh (184)
[2018.02.10-19.42.15:728][101]LogModuleManager: Shutting down and abandoning module SourceCodeAccess (182)
[2018.02.10-19.42.15:728][101]LogModuleManager: Shutting down and abandoning module HeadMountedDisplay (180)
[2018.02.10-19.42.15:728][101]LogModuleManager: Shutting down and abandoning module XAudio2 (178)
[2018.02.10-19.42.15:728][101]LogModuleManager: Shutting down and abandoning module Networking (176)
[2018.02.10-19.42.15:728][101]LogModuleManager: Shutting down and abandoning module Core (172)
[2018.02.10-19.42.15:728][101]LogModuleManager: Shutting down and abandoning module LevelSequence (168)
[2018.02.10-19.42.15:740][101]LogModuleManager: Shutting down and abandoning module DirectoryWatcher (166)
[2018.02.10-19.42.15:750][101]LogModuleManager: Shutting down and abandoning module KismetCompiler (164)
[2018.02.10-19.42.15:751][101]LogModuleManager: Shutting down and abandoning module MeshUtilities (162)
[2018.02.10-19.42.15:770][101]LogModuleManager: Shutting down and abandoning module MeshMergeUtilities (161)
[2018.02.10-19.42.15:785][101]LogModuleManager: Shutting down and abandoning module MeshReductionInterface (160)
[2018.02.10-19.42.15:785][101]LogModuleManager: Shutting down and abandoning module SimplygonSwarm (159)
[2018.02.10-19.42.15:801][101]LogModuleManager: Shutting down and abandoning module SimplygonMeshReduction (157)
[2018.02.10-19.42.15:801][101]LogModuleManager: Shutting down and abandoning module QuadricMeshReduction (155)
[2018.02.10-19.42.15:814][101]LogModuleManager: Shutting down and abandoning module MaterialBaking (151)
[2018.02.10-19.42.15:830][101]LogModuleManager: Shutting down and abandoning module DerivedDataCache (148)
[2018.02.10-19.42.15:874][101]LogDerivedDataCache: Shutdown
[2018.02.10-19.42.15:874][101]LogModuleManager: Shutting down and abandoning module TargetPlatform (146)
[2018.02.10-19.42.15:874][101]LogModuleManager: Shutting down and abandoning module VulkanShaderFormat (145)
[2018.02.10-19.42.15:900][101]LogModuleManager: Shutting down and abandoning module ShaderFormatVectorVM (143)
[2018.02.10-19.42.15:945][101]LogModuleManager: Shutting down and abandoning module ShaderFormatOpenGL (141)
[2018.02.10-19.42.15:983][101]LogModuleManager: Shutting down and abandoning module ShaderFormatD3D (139)
[2018.02.10-19.42.15:997][101]LogModuleManager: Shutting down and abandoning module MetalShaderFormat (137)
[2018.02.10-19.42.16:057][101]LogModuleManager: Shutting down and abandoning module TextureFormatUncompressed (135)
[2018.02.10-19.42.16:057][101]LogModuleManager: Shutting down and abandoning module TextureFormatPVR (133)
[2018.02.10-19.42.16:057][101]LogModuleManager: Shutting down and abandoning module TextureFormatDXT (131)
[2018.02.10-19.42.16:095][101]LogModuleManager: Shutting down and abandoning module TextureFormatIntelISPCTexComp (129)
[2018.02.10-19.42.16:156][101]LogModuleManager: Shutting down and abandoning module TextureFormatASTC (127)
[2018.02.10-19.42.16:156][101]LogModuleManager: Shutting down and abandoning module ImageWrapper (126)
[2018.02.10-19.42.16:156][101]LogModuleManager: Shutting down and abandoning module TextureFormatAndroid (123)
[2018.02.10-19.42.16:156][101]LogModuleManager: Shutting down and abandoning module AudioFormatOpus (121)
[2018.02.10-19.42.16:156][101]LogModuleManager: Shutting down and abandoning module AudioFormatOgg (119)
[2018.02.10-19.42.16:157][101]LogModuleManager: Shutting down and abandoning module AudioFormatADPCM (117)
[2018.02.10-19.42.16:157][101]LogModuleManager: Shutting down and abandoning module LinuxTargetPlatform (115)
[2018.02.10-19.42.16:157][101]LogModuleManager: Shutting down and abandoning module LinuxServerTargetPlatform (113)
[2018.02.10-19.42.16:157][101]LogModuleManager: Shutting down and abandoning module LinuxNoEditorTargetPlatform (111)
[2018.02.10-19.42.16:157][101]LogModuleManager: Shutting down and abandoning module LinuxClientTargetPlatform (109)
[2018.02.10-19.42.16:157][101]LogModuleManager: Shutting down and abandoning module TVOSTargetPlatform (107)
[2018.02.10-19.42.16:157][101]LogModuleManager: Shutting down and abandoning module Messaging (105)
[2018.02.10-19.42.16:197][101]LogModuleManager: Shutting down and abandoning module IOSTargetPlatform (103)
[2018.02.10-19.42.16:197][101]LogModuleManager: Shutting down and abandoning module HTML5TargetPlatform (101)
[2018.02.10-19.42.16:197][101]LogModuleManager: Shutting down and abandoning module AndroidTargetPlatform (99)
[2018.02.10-19.42.16:197][101]LogModuleManager: Shutting down and abandoning module Android_PVRTCTargetPlatform (97)
[2018.02.10-19.42.16:197][101]LogModuleManager: Shutting down and abandoning module Android_MultiTargetPlatform (95)
[2018.02.10-19.42.16:197][101]LogModuleManager: Shutting down and abandoning module Android_ETC2TargetPlatform (93)
[2018.02.10-19.42.16:197][101]LogModuleManager: Shutting down and abandoning module Android_ETC1TargetPlatform (91)
[2018.02.10-19.42.16:197][101]LogModuleManager: Shutting down and abandoning module Android_DXTTargetPlatform (89)
[2018.02.10-19.42.16:197][101]LogModuleManager: Shutting down and abandoning module Android_ATCTargetPlatform (87)
[2018.02.10-19.42.16:197][101]LogModuleManager: Shutting down and abandoning module Android_ASTCTargetPlatform (85)
[2018.02.10-19.42.16:198][101]LogModuleManager: Shutting down and abandoning module WindowsTargetPlatform (83)
[2018.02.10-19.42.16:198][101]LogModuleManager: Shutting down and abandoning module WindowsServerTargetPlatform (81)
[2018.02.10-19.42.16:198][101]LogModuleManager: Shutting down and abandoning module WindowsNoEditorTargetPlatform (79)
[2018.02.10-19.42.16:198][101]LogModuleManager: Shutting down and abandoning module WindowsClientTargetPlatform (77)
[2018.02.10-19.42.16:198][101]LogModuleManager: Shutting down and abandoning module MacTargetPlatform (75)
[2018.02.10-19.42.16:198][101]LogModuleManager: Shutting down and abandoning module MacServerTargetPlatform (73)
[2018.02.10-19.42.16:198][101]LogModuleManager: Shutting down and abandoning module MacNoEditorTargetPlatform (71)
[2018.02.10-19.42.16:198][101]LogModuleManager: Shutting down and abandoning module MacClientTargetPlatform (69)
[2018.02.10-19.42.16:199][101]LogModuleManager: Shutting down and abandoning module AllDesktopTargetPlatform (67)
[2018.02.10-19.42.16:199][101]LogModuleManager: Shutting down and abandoning module InputCore (64)
[2018.02.10-19.42.16:199][101]LogModuleManager: Shutting down and abandoning module Settings (62)
[2018.02.10-19.42.16:199][101]LogModuleManager: Shutting down and abandoning module PhysXCooking (60)
[2018.02.10-19.42.16:199][101]LogModuleManager: Shutting down and abandoning module SteamVR (58)
[2018.02.10-19.42.16:199][101]LogModuleManager: Shutting down and abandoning module OculusHMD (56)
[2018.02.10-19.42.16:227][101]LogModuleManager: Shutting down and abandoning module ExampleDeviceProfileSelector (54)
[2018.02.10-19.42.16:227][101]LogModuleManager: Shutting down and abandoning module AppleARKit (52)
[2018.02.10-19.42.16:227][101]LogModuleManager: Shutting down and abandoning module AugmentedReality (51)
[2018.02.10-19.42.16:227][101]LogModuleManager: Shutting down and abandoning module OnlineBlueprintSupport (48)
[2018.02.10-19.42.16:227][101]LogModuleManager: Shutting down and abandoning module OnlineSubsystem (44)
[2018.02.10-19.42.16:300][101]LogModuleManager: Shutting down and abandoning module XMPP (43)
[2018.02.10-19.42.16:412][101]LogModuleManager: Shutting down and abandoning module HTTP (41)
[2018.02.10-19.42.16:412][101]LogHttp: Display: Http module shutting down, but needs to wait on 1 outstanding Http requests:
[2018.02.10-19.42.16:417][101]LogHttp: Display: 	verb=[POST] url=[https://datarouter.ol.epicgames.com/datarouter/api/v1/public/data?SessionID=%7BE2FCE1B9-4F86-D7D4-4FD4-798D0CB35628%7D&AppID=UEEditor.Rocket.Release&AppVersion=4.18.3-3832480%2B%2B%2BUE4%2BRelease-4.18&UserID=1f3392004450f6de19eee28bed40251f%7C2f87d2225f97465a9a1770132c1076f1%7C75edfd14-ec4d-413d-aab5-8a0809d98fdc&AppEnvironment=datacollector-binary&UploadType=eteventstream] status=Processing
[2018.02.10-19.42.16:531][101]LogModuleManager: Shutting down and abandoning module SSL (40)
[2018.02.10-19.42.16:562][101]LogModuleManager: Shutting down and abandoning module AnimationModifiers (36)
[2018.02.10-19.42.16:576][101]LogModuleManager: Shutting down and abandoning module PropertyEditor (35)
[2018.02.10-19.42.16:600][101]LogModuleManager: Shutting down and abandoning module AudioEditor (32)
[2018.02.10-19.42.16:638][101]LogModuleManager: Shutting down and abandoning module TextureCompressor (30)
[2018.02.10-19.42.16:700][101]LogModuleManager: Shutting down and abandoning module ShaderCore (28)
[2018.02.10-19.42.16:700][101]LogModuleManager: Shutting down and abandoning module Landscape (26)
[2018.02.10-19.42.16:700][101]LogModuleManager: Shutting down and abandoning module SlateRHIRenderer (24)
[2018.02.10-19.42.16:735][101]LogModuleManager: Shutting down and abandoning module OpenGLDrv (22)
[2018.02.10-19.42.16:776][101]LogModuleManager: Shutting down and abandoning module D3D11RHI (20)
[2018.02.10-19.42.16:776][101]LogModuleManager: Shutting down and abandoning module AnimGraphRuntime (18)
[2018.02.10-19.42.16:803][101]LogModuleManager: Shutting down and abandoning module Renderer (16)
[2018.02.10-19.42.16:803][101]LogModuleManager: Shutting down and abandoning module Engine (14)
[2018.02.10-19.42.16:822][101]LogModuleManager: Shutting down and abandoning module CoreUObject (12)
[2018.02.10-19.42.16:822][101]LogModuleManager: Shutting down and abandoning module NetworkFile (10)
[2018.02.10-19.42.16:833][101]LogModuleManager: Shutting down and abandoning module CookedIterativeFile (8)
[2018.02.10-19.42.16:840][101]LogModuleManager: Shutting down and abandoning module StreamingFile (6)
[2018.02.10-19.42.16:855][101]LogModuleManager: Shutting down and abandoning module SandboxFile (4)
[2018.02.10-19.42.16:855][101]LogModuleManager: Shutting down and abandoning module PakFile (2)
[2018.02.10-19.42.16:881][101]LogExit: Exiting.
[2018.02.10-19.42.17:326][101]Log file closed, 02/10/18 20:42:17
