Log file open, 02/15/18 11:30:44
LogWindows: Failed to load 'aqProf.dll' (GetLastError=126)
LogWindows: File 'aqProf.dll' does not exist
LogWindows: Failed to load 'VtuneApi.dll' (GetLastError=126)
LogWindows: File 'VtuneApi.dll' does not exist
LogWindows: Failed to load 'VtuneApi32e.dll' (GetLastError=126)
LogWindows: File 'VtuneApi32e.dll' does not exist
LogInit: Display: Running engine for game: Blocks
LogPlatformFile: Not using cached read wrapper
LogInit: Display: RandInit(600391653) SRandInit(600391653).
LogInit: Read version file with build ID '3709383'
LogInit: Overriding engine version to CL 3832480, compatible CL 3709383
LogInit: Registered custom module enumerator with build ID '3709383'
LogTaskGraph: Started task graph with 5 named threads and 14 total threads with 3 sets of task threads.
LogStats: Stats thread started at 0.188876
LogD3D11RHI: Aftermath initialized
LogPluginManager: Mounting plugin Paper2D
LogPluginManager: Mounting plugin LightPropagationVolume
LogPluginManager: Mounting plugin CodeLiteSourceCodeAccess
LogPluginManager: Mounting plugin GitSourceControl
LogPluginManager: Mounting plugin KDevelopSourceCodeAccess
LogPluginManager: Mounting plugin NullSourceCodeAccess
LogPluginManager: Mounting plugin PerforceSourceControl
LogPluginManager: Mounting plugin SubversionSourceControl
LogPluginManager: Mounting plugin UObjectPlugin
LogPluginManager: Mounting plugin VisualStudioCodeSourceCodeAccess
LogPluginManager: Mounting plugin VisualStudioSourceCodeAccess
LogPluginManager: Mounting plugin XCodeSourceCodeAccess
LogPluginManager: Mounting plugin AssetManagerEditor
LogPluginManager: Mounting plugin AudioCapture
LogPluginManager: Mounting plugin FacialAnimation
LogPluginManager: Mounting plugin GameplayTagsEditor
LogPluginManager: Mounting plugin MobileLauncherProfileWizard
LogPluginManager: Mounting plugin PluginBrowser
LogPluginManager: Mounting plugin SpeedTreeImporter
LogPluginManager: Mounting plugin AlembicImporter
LogPluginManager: Mounting plugin CharacterAI
LogPluginManager: Mounting plugin HTML5Networking
LogPluginManager: Mounting plugin AndroidMedia
LogPluginManager: Mounting plugin AvfMedia
LogPluginManager: Mounting plugin ImgMedia
LogPluginManager: Mounting plugin MediaCompositing
LogPluginManager: Mounting plugin MediaPlayerEditor
LogPluginManager: Mounting plugin WmfMedia
LogPluginManager: Mounting plugin TcpMessaging
LogPluginManager: Mounting plugin UdpMessaging
LogPluginManager: Mounting plugin ActorSequence
LogPluginManager: Mounting plugin LevelSequenceEditor
LogPluginManager: Mounting plugin MatineeToLevelSequence
LogPluginManager: Mounting plugin OnlineSubsystemGooglePlay
LogPluginManager: Mounting plugin OnlineSubsystemIOS
LogPluginManager: Mounting plugin OnlineSubsystem
LogPluginManager: Mounting plugin OnlineSubsystemNull
LogPluginManager: Mounting plugin OnlineSubsystemUtils
LogPluginManager: Mounting plugin AndroidDeviceProfileSelector
LogPluginManager: Mounting plugin AndroidMoviePlayer
LogPluginManager: Mounting plugin AndroidPermission
LogPluginManager: Mounting plugin AppleARKit
LogPluginManager: Mounting plugin AppleMoviePlayer
LogPluginManager: Mounting plugin ArchVisCharacter
LogPluginManager: Mounting plugin CableComponent
LogPluginManager: Mounting plugin CustomMeshComponent
LogPluginManager: Mounting plugin ExampleDeviceProfileSelector
LogPluginManager: Mounting plugin GoogleCloudMessaging
LogPluginManager: Mounting plugin ImmediatePhysics
LogPluginManager: Mounting plugin IOSDeviceProfileSelector
LogPluginManager: Mounting plugin LinuxDeviceProfileSelector
LogPluginManager: Mounting plugin LocationServicesBPLibrary
LogPluginManager: Mounting plugin MobilePatchingUtils
LogPluginManager: Mounting plugin OculusVR
LogPluginManager: Plugin shader directory ../../../Engine/Plugins/Runtime/Oculus/OculusVR/Shaders found
LogPluginManager: Mapping shader source directory ../../../Engine/Plugins/Runtime/Oculus/OculusVR/Shaders to virtual directory /Plugin/OculusVR
LogPluginManager: Mounting plugin PhysXVehicles
LogPluginManager: Mounting plugin ProceduralMeshComponent
LogPluginManager: Mounting plugin RuntimePhysXCooking
LogPluginManager: Mounting plugin SteamVR
LogPluginManager: Mounting plugin WindowsMoviePlayer
LogPluginManager: Mounting plugin AirSim
LogModuleManager: Display: Found up-to-date module file ../../../../../../Users/ASUS/Desktop/Cassiopée/stier/Binaries/Win64/UE4Editor-Blocks.dll (API version 3709383).
LogModuleManager: Display: Found up-to-date module file ../../../Engine/Plugins/2D/Paper2D/Binaries/Win64/UE4Editor-Paper2D.dll (API version 3709383).
LogModuleManager: Display: Found up-to-date module file ../../../Engine/Plugins/2D/Paper2D/Binaries/Win64/UE4Editor-Paper2DEditor.dll (API version 3709383).
LogModuleManager: Display: Found up-to-date module file ../../../Engine/Plugins/2D/Paper2D/Binaries/Win64/UE4Editor-PaperSpriteSheetImporter.dll (API version 3709383).
LogModuleManager: Display: Found up-to-date module file ../../../Engine/Plugins/2D/Paper2D/Binaries/Win64/UE4Editor-PaperTiledImporter.dll (API version 3709383).
LogModuleManager: Display: Found up-to-date module file ../../../Engine/Plugins/2D/Paper2D/Binaries/Win64/UE4Editor-SmartSnapping.dll (API version 3709383).
LogModuleManager: Display: Found up-to-date module file ../../../Engine/Plugins/Blendables/LightPropagationVolume/Binaries/Win64/UE4Editor-LightPropagationVolumeRuntime.dll (API version 3709383).
LogModuleManager: Display: Found up-to-date module file ../../../Engine/Plugins/Blendables/LightPropagationVolume/Binaries/Win64/UE4Editor-LightPropagationVolumeEditor.dll (API version 3709383).
LogModuleManager: Display: Found up-to-date module file ../../../Engine/Plugins/Developer/GitSourceControl/Binaries/Win64/UE4Editor-GitSourceControl.dll (API version 3709383).
LogModuleManager: Display: Found up-to-date module file ../../../Engine/Plugins/Developer/PerforceSourceControl/Binaries/Win64/UE4Editor-PerforceSourceControl.dll (API version 3709383).
LogModuleManager: Display: Found up-to-date module file ../../../Engine/Plugins/Developer/SubversionSourceControl/Binaries/Win64/UE4Editor-SubversionSourceControl.dll (API version 3709383).
LogModuleManager: Display: Found up-to-date module file ../../../Engine/Plugins/Developer/UObjectPlugin/Binaries/Win64/UE4Editor-UObjectPlugin.dll (API version 3709383).
LogModuleManager: Display: Found up-to-date module file ../../../Engine/Plugins/Developer/VisualStudioCodeSourceCodeAccess/Binaries/Win64/UE4Editor-VisualStudioCodeSourceCodeAccess.dll (API version 3709383).
LogModuleManager: Display: Found up-to-date module file ../../../Engine/Plugins/Developer/VisualStudioSourceCodeAccess/Binaries/Win64/UE4Editor-VisualStudioSourceCodeAccess.dll (API version 3709383).
LogModuleManager: Display: Found up-to-date module file ../../../Engine/Plugins/Editor/AssetManagerEditor/Binaries/Win64/UE4Editor-AssetManagerEditor.dll (API version 3709383).
LogModuleManager: Display: Found up-to-date module file ../../../Engine/Plugins/Editor/AudioCapture/Binaries/Win64/UE4Editor-AudioCapture.dll (API version 3709383).
LogModuleManager: Display: Found up-to-date module file ../../../Engine/Plugins/Editor/FacialAnimation/Binaries/Win64/UE4Editor-FacialAnimation.dll (API version 3709383).
LogModuleManager: Display: Found up-to-date module file ../../../Engine/Plugins/Editor/FacialAnimation/Binaries/Win64/UE4Editor-FacialAnimationEditor.dll (API version 3709383).
LogModuleManager: Display: Found up-to-date module file ../../../Engine/Plugins/Editor/GameplayTagsEditor/Binaries/Win64/UE4Editor-GameplayTagsEditor.dll (API version 3709383).
LogModuleManager: Display: Found up-to-date module file ../../../Engine/Plugins/Editor/MobileLauncherProfileWizard/Binaries/Win64/UE4Editor-MobileLauncherProfileWizard.dll (API version 3709383).
LogModuleManager: Display: Found up-to-date module file ../../../Engine/Plugins/Editor/PluginBrowser/Binaries/Win64/UE4Editor-PluginBrowser.dll (API version 3709383).
LogModuleManager: Display: Found up-to-date module file ../../../Engine/Plugins/Editor/SpeedTreeImporter/Binaries/Win64/UE4Editor-SpeedTreeImporter.dll (API version 3709383).
LogModuleManager: Display: Found up-to-date module file ../../../Engine/Plugins/Experimental/AlembicImporter/Binaries/Win64/UE4Editor-AlembicImporter.dll (API version 3709383).
LogModuleManager: Display: Found up-to-date module file ../../../Engine/Plugins/Experimental/AlembicImporter/Binaries/Win64/UE4Editor-AlembicLibrary.dll (API version 3709383).
LogModuleManager: Display: Found up-to-date module file ../../../Engine/Plugins/Experimental/CharacterAI/Binaries/Win64/UE4Editor-CharacterAI.dll (API version 3709383).
LogModuleManager: Display: Found up-to-date module file ../../../Engine/Plugins/Experimental/HTML5Networking/Binaries/Win64/UE4Editor-HTML5Networking.dll (API version 3709383).
LogModuleManager: Display: Found up-to-date module file ../../../Engine/Plugins/Media/AndroidMedia/Binaries/Win64/UE4Editor-AndroidMediaEditor.dll (API version 3709383).
LogModuleManager: Display: Found up-to-date module file ../../../Engine/Plugins/Media/AndroidMedia/Binaries/Win64/UE4Editor-AndroidMediaFactory.dll (API version 3709383).
LogModuleManager: Display: Found up-to-date module file ../../../Engine/Plugins/Media/AvfMedia/Binaries/Win64/UE4Editor-AvfMediaEditor.dll (API version 3709383).
LogModuleManager: Display: Found up-to-date module file ../../../Engine/Plugins/Media/AvfMedia/Binaries/Win64/UE4Editor-AvfMediaFactory.dll (API version 3709383).
LogModuleManager: Display: Found up-to-date module file ../../../Engine/Plugins/Media/AvfMedia/Binaries/Win64/UE4Editor-AvfMediaFactory.dll (API version 3709383).
LogModuleManager: Display: Found up-to-date module file ../../../Engine/Plugins/Media/ImgMedia/Binaries/Win64/UE4Editor-ImgMedia.dll (API version 3709383).
LogModuleManager: Display: Found up-to-date module file ../../../Engine/Plugins/Media/ImgMedia/Binaries/Win64/UE4Editor-ImgMediaEditor.dll (API version 3709383).
LogModuleManager: Display: Found up-to-date module file ../../../Engine/Plugins/Media/ImgMedia/Binaries/Win64/UE4Editor-ImgMediaFactory.dll (API version 3709383).
LogModuleManager: Display: Found up-to-date module file ../../../Engine/Plugins/Media/ImgMedia/Binaries/Win64/UE4Editor-ImgMediaFactory.dll (API version 3709383).
LogModuleManager: Display: Found up-to-date module file ../../../Engine/Plugins/Media/ImgMedia/Binaries/Win64/UE4Editor-OpenExrWrapper.dll (API version 3709383).
LogModuleManager: Display: Found up-to-date module file ../../../Engine/Plugins/Media/MediaCompositing/Binaries/Win64/UE4Editor-MediaCompositing.dll (API version 3709383).
LogModuleManager: Display: Found up-to-date module file ../../../Engine/Plugins/Media/MediaCompositing/Binaries/Win64/UE4Editor-MediaCompositingEditor.dll (API version 3709383).
LogModuleManager: Display: Found up-to-date module file ../../../Engine/Plugins/Media/MediaPlayerEditor/Binaries/Win64/UE4Editor-MediaPlayerEditor.dll (API version 3709383).
LogModuleManager: Display: Found up-to-date module file ../../../Engine/Plugins/Media/WmfMedia/Binaries/Win64/UE4Editor-WmfMedia.dll (API version 3709383).
LogModuleManager: Display: Found up-to-date module file ../../../Engine/Plugins/Media/WmfMedia/Binaries/Win64/UE4Editor-WmfMediaEditor.dll (API version 3709383).
LogModuleManager: Display: Found up-to-date module file ../../../Engine/Plugins/Media/WmfMedia/Binaries/Win64/UE4Editor-WmfMediaFactory.dll (API version 3709383).
LogModuleManager: Display: Found up-to-date module file ../../../Engine/Plugins/Media/WmfMedia/Binaries/Win64/UE4Editor-WmfMediaFactory.dll (API version 3709383).
LogModuleManager: Display: Found up-to-date module file ../../../Engine/Plugins/Messaging/TcpMessaging/Binaries/Win64/UE4Editor-TcpMessaging.dll (API version 3709383).
LogModuleManager: Display: Found up-to-date module file ../../../Engine/Plugins/Messaging/UdpMessaging/Binaries/Win64/UE4Editor-UdpMessaging.dll (API version 3709383).
LogModuleManager: Display: Found up-to-date module file ../../../Engine/Plugins/MovieScene/ActorSequence/Binaries/Win64/UE4Editor-ActorSequence.dll (API version 3709383).
LogModuleManager: Display: Found up-to-date module file ../../../Engine/Plugins/MovieScene/LevelSequenceEditor/Binaries/Win64/UE4Editor-LevelSequenceEditor.dll (API version 3709383).
LogModuleManager: Display: Found up-to-date module file ../../../Engine/Plugins/MovieScene/MatineeToLevelSequence/Binaries/Win64/UE4Editor-MatineeToLevelSequence.dll (API version 3709383).
LogModuleManager: Display: Found up-to-date module file ../../../Engine/Plugins/Online/OnlineSubsystem/Binaries/Win64/UE4Editor-OnlineSubsystem.dll (API version 3709383).
LogModuleManager: Display: Found up-to-date module file ../../../Engine/Plugins/Online/OnlineSubsystemNull/Binaries/Win64/UE4Editor-OnlineSubsystemNull.dll (API version 3709383).
LogModuleManager: Display: Found up-to-date module file ../../../Engine/Plugins/Online/OnlineSubsystemUtils/Binaries/Win64/UE4Editor-OnlineSubsystemUtils.dll (API version 3709383).
LogModuleManager: Display: Found up-to-date module file ../../../Engine/Plugins/Online/OnlineSubsystemUtils/Binaries/Win64/UE4Editor-OnlineBlueprintSupport.dll (API version 3709383).
LogModuleManager: Display: Found up-to-date module file ../../../Engine/Plugins/Runtime/AndroidDeviceProfileSelector/Binaries/Win64/UE4Editor-AndroidDeviceProfileSelector.dll (API version 3709383).
LogModuleManager: Display: Found up-to-date module file ../../../Engine/Plugins/Runtime/AndroidPermission/Binaries/Win64/UE4Editor-AndroidPermission.dll (API version 3709383).
LogModuleManager: Display: Found up-to-date module file ../../../Engine/Plugins/Runtime/AppleARKit/Binaries/Win64/UE4Editor-AppleARKit.dll (API version 3709383).
LogModuleManager: Display: Found up-to-date module file ../../../Engine/Plugins/Runtime/ArchVisCharacter/Binaries/Win64/UE4Editor-ArchVisCharacter.dll (API version 3709383).
LogModuleManager: Display: Found up-to-date module file ../../../Engine/Plugins/Runtime/CableComponent/Binaries/Win64/UE4Editor-CableComponent.dll (API version 3709383).
LogModuleManager: Display: Found up-to-date module file ../../../Engine/Plugins/Runtime/CustomMeshComponent/Binaries/Win64/UE4Editor-CustomMeshComponent.dll (API version 3709383).
LogModuleManager: Display: Found up-to-date module file ../../../Engine/Plugins/Runtime/ExampleDeviceProfileSelector/Binaries/Win64/UE4Editor-ExampleDeviceProfileSelector.dll (API version 3709383).
LogModuleManager: Display: Found up-to-date module file ../../../Engine/Plugins/Runtime/ImmediatePhysics/Binaries/Win64/UE4Editor-ImmediatePhysics.dll (API version 3709383).
LogModuleManager: Display: Found up-to-date module file ../../../Engine/Plugins/Runtime/ImmediatePhysics/Binaries/Win64/UE4Editor-ImmediatePhysicsEditor.dll (API version 3709383).
LogModuleManager: Display: Found up-to-date module file ../../../Engine/Plugins/Runtime/LocationServicesBPLibrary/Binaries/Win64/UE4Editor-LocationServicesBPLibrary.dll (API version 3709383).
LogModuleManager: Display: Found up-to-date module file ../../../Engine/Plugins/Runtime/MobilePatchingUtils/Binaries/Win64/UE4Editor-MobilePatchingUtils.dll (API version 3709383).
LogModuleManager: Display: Found up-to-date module file ../../../Engine/Plugins/Runtime/Oculus/OculusVR/Binaries/Win64/UE4Editor-OculusHMD.dll (API version 3709383).
LogModuleManager: Display: Found up-to-date module file ../../../Engine/Plugins/Runtime/Oculus/OculusVR/Binaries/Win64/UE4Editor-OculusInput.dll (API version 3709383).
LogModuleManager: Display: Found up-to-date module file ../../../Engine/Plugins/Runtime/Oculus/OculusVR/Binaries/Win64/UE4Editor-OculusEditor.dll (API version 3709383).
LogModuleManager: Display: Found up-to-date module file ../../../Engine/Plugins/Runtime/PhysXVehicles/Binaries/Win64/UE4Editor-PhysXVehicles.dll (API version 3709383).
LogModuleManager: Display: Found up-to-date module file ../../../Engine/Plugins/Runtime/PhysXVehicles/Binaries/Win64/UE4Editor-PhysXVehiclesEditor.dll (API version 3709383).
LogModuleManager: Display: Found up-to-date module file ../../../Engine/Plugins/Runtime/ProceduralMeshComponent/Binaries/Win64/UE4Editor-ProceduralMeshComponent.dll (API version 3709383).
LogModuleManager: Display: Found up-to-date module file ../../../Engine/Plugins/Runtime/ProceduralMeshComponent/Binaries/Win64/UE4Editor-ProceduralMeshComponentEditor.dll (API version 3709383).
LogModuleManager: Display: Found up-to-date module file ../../../Engine/Plugins/Runtime/RuntimePhysXCooking/Binaries/Win64/UE4Editor-RuntimePhysXCooking.dll (API version 3709383).
LogModuleManager: Display: Found up-to-date module file ../../../Engine/Plugins/Runtime/Steam/SteamVR/Binaries/Win64/UE4Editor-SteamVR.dll (API version 3709383).
LogModuleManager: Display: Found up-to-date module file ../../../Engine/Plugins/Runtime/Steam/SteamVR/Binaries/Win64/UE4Editor-SteamVRController.dll (API version 3709383).
LogModuleManager: Display: Found up-to-date module file ../../../Engine/Plugins/Runtime/WindowsMoviePlayer/Binaries/Win64/UE4Editor-WindowsMoviePlayer.dll (API version 3709383).
LogModuleManager: Display: Found up-to-date module file ../../../../../../Users/ASUS/Desktop/Cassiopée/stier/Plugins/AirSim/Binaries/Win64/UE4Editor-AirSim.dll (API version 3709383).
LogInit: Using libcurl 7.47.1
LogInit:  - built for x86_64-pc-win32
LogInit:  - supports SSL with OpenSSL/1.0.2g
LogInit:  - supports HTTP deflate (compression) using libz 1.2.8
LogInit:  - other features:
LogInit:      CURL_VERSION_SSL
LogInit:      CURL_VERSION_LIBZ
LogInit:      CURL_VERSION_IPV6
LogInit:      CURL_VERSION_ASYNCHDNS
LogInit:      CURL_VERSION_LARGEFILE
LogInit:      CURL_VERSION_IDN
LogInit:  CurlRequestOptions (configurable via config and command line):
LogInit:  - bVerifyPeer = false  - Libcurl will NOT verify peer certificate
LogInit:  - bUseHttpProxy = false  - Libcurl will NOT use HTTP proxy
LogInit:  - bDontReuseConnections = false  - Libcurl will reuse connections
LogInit:  - CertBundlePath = nullptr  - Libcurl will use whatever was configured at build time.
LogInit: Build: ++UE4+Release-4.18-CL-3832480
LogInit: Engine Version: 4.18.3-3832480+++UE4+Release-4.18
LogInit: Compatible Engine Version: 4.18.0-3709383+++UE4+Release-4.18
LogInit: Net CL: 3709383
LogDevObjectVersion: Number of dev versions registered: 16
LogDevObjectVersion:   Dev-Blueprints (B0D832E4-1F89-4F0D-ACCF-7EB736FD4AA2): 10
LogDevObjectVersion:   Dev-Build (E1C64328-A22C-4D53-A36C-8E866417BD8C): 0
LogDevObjectVersion:   Dev-Core (375EC13C-06E4-48FB-B500-84F0262A717E): 2
LogDevObjectVersion:   Dev-Editor (E4B068ED-F494-42E9-A231-DA0B2E46BB41): 20
LogDevObjectVersion:   Dev-Framework (CFFC743F-43B0-4480-9391-14DF171D2073): 30
LogDevObjectVersion:   Dev-Mobile (B02B49B5-BB20-44E9-A304-32B752E40360): 0
LogDevObjectVersion:   Dev-Networking (A4E4105C-59A1-49B5-A7C5-40C4547EDFEE): 0
LogDevObjectVersion:   Dev-Online (39C831C9-5AE6-47DC-9A44-9C173E1C8E7C): 0
LogDevObjectVersion:   Dev-Physics (78F01B33-EBEA-4F98-B9B4-84EACCB95AA2): 0
LogDevObjectVersion:   Dev-Platform (6631380F-2D4D-43E0-8009-CF276956A95A): 0
LogDevObjectVersion:   Dev-Rendering (12F88B9F-8875-4AFC-A67C-D90C383ABD29): 20
LogDevObjectVersion:   Dev-Sequencer (7B5AE74C-D270-4C10-A958-57980B212A5A): 4
LogDevObjectVersion:   Dev-VR (D7296918-1DD6-4BDD-9DE2-64A83CC13884): 0
LogDevObjectVersion:   Dev-LoadTimes (C2A15278-BFE7-4AFE-6C17-90FF531DF755): 1
LogDevObjectVersion:   Private-Geometry (6EACA3D4-40EC-4CC1-B786-8BED09428FC5): 1
LogDevObjectVersion:   Dev-AnimPhys (29E575DD-E0A3-4627-9D10-D276232CDCEA): 12
LogInit: Compiled (64-bit): Jan 12 2018 02:04:55
LogInit: Compiled with Visual C++: 19.00.24215.01
LogInit: Build Configuration: Development
LogInit: Branch Name: ++UE4+Release-4.18
LogInit: Command line:  
LogInit: Base directory: C:/Program Files/Epic Games/UE_4.18/Engine/Binaries/Win64/
LogInit: Installed Engine Build: 1
LogInit: Presizing for max 8388607 objects, including 0 objects not considered by GC, pre-allocating 0 bytes for permanent pool.
LogInit: Object subsystem initialized
[2018.02.15-10.30.47:219][  0]LogInit: Selected Device Profile: [Windows]
[2018.02.15-10.30.47:219][  0]LogInit: Applying CVar settings loaded from the selected device profile: [Windows]
[2018.02.15-10.30.47:234][  0]LogInit: Computer: DESKTOP-EBDG29O
[2018.02.15-10.30.47:234][  0]LogInit: User: ASUS
[2018.02.15-10.30.47:234][  0]LogInit: CPU Page size=4096, Cores=4
[2018.02.15-10.30.47:234][  0]LogInit: High frequency timer resolution =2.531245 MHz
[2018.02.15-10.30.47:234][  0]LogMemory: Memory total: Physical=7.9GB (8GB approx)
[2018.02.15-10.30.47:234][  0]LogMemory: Platform Memory Stats for Windows
[2018.02.15-10.30.47:234][  0]LogMemory: Process Physical Memory: 272.65 MB used, 272.65 MB peak
[2018.02.15-10.30.47:234][  0]LogMemory: Process Virtual Memory: 270.78 MB used, 270.78 MB peak
[2018.02.15-10.30.47:234][  0]LogMemory: Physical Memory: 3655.29 MB used,  4401.97 MB free, 8057.26 MB total
[2018.02.15-10.30.47:234][  0]LogMemory: Virtual Memory: 683.70 MB used,  4401.97 MB free, 134217728.00 MB total
[2018.02.15-10.30.47:720][  0]LogInit: Using OS detected language (fr-FR).
[2018.02.15-10.30.47:720][  0]LogInit: Using OS detected locale (fr-FR).
[2018.02.15-10.30.47:724][  0]LogTextLocalizationManager: No localization for 'fr-FR' exists, so 'en' will be used for the language.
[2018.02.15-10.30.47:724][  0]LogTextLocalizationManager: No localization for 'fr-FR' exists, so 'en' will be used for the locale.
[2018.02.15-10.30.48:383][  0]LogInit: Setting process to per monitor DPI aware
[2018.02.15-10.30.48:722][  0]LogD3D11RHI: D3D11 adapters:
[2018.02.15-10.30.48:751][  0]LogD3D11RHI:    0. 'NVIDIA GeForce GTX 950M' (Feature Level 11_0)
[2018.02.15-10.30.48:751][  0]LogD3D11RHI:       2018/0/4028 MB DedicatedVideo/DedicatedSystem/SharedSystem, Outputs:1, VendorId:0x10de
[2018.02.15-10.30.48:759][  0]LogD3D11RHI:    1. 'Intel(R) HD Graphics 530' (Feature Level 11_0)
[2018.02.15-10.30.48:759][  0]LogD3D11RHI:       128/0/4028 MB DedicatedVideo/DedicatedSystem/SharedSystem, Outputs:0, VendorId:0x8086
[2018.02.15-10.30.48:761][  0]LogD3D11RHI:    2. 'Microsoft Basic Render Driver' (Feature Level 11_0)
[2018.02.15-10.30.48:761][  0]LogD3D11RHI:       0/0/4028 MB DedicatedVideo/DedicatedSystem/SharedSystem, Outputs:0, VendorId:0x1414
[2018.02.15-10.30.48:762][  0]LogD3D11RHI: Chosen D3D11 Adapter: 0
[2018.02.15-10.30.48:769][  0]LogD3D11RHI: Creating new Direct3DDevice
[2018.02.15-10.30.48:769][  0]LogD3D11RHI:     GPU DeviceId: 0x139a (for the marketing name, search the web for "GPU Device Id")
[2018.02.15-10.30.48:769][  0]LogWindows: EnumDisplayDevices:
[2018.02.15-10.30.48:769][  0]LogWindows:    0. 'Intel(R) HD Graphics 530' (P:1 D:1)
[2018.02.15-10.30.48:769][  0]LogWindows:    1. 'Intel(R) HD Graphics 530' (P:0 D:0)
[2018.02.15-10.30.48:769][  0]LogWindows:    2. 'Intel(R) HD Graphics 530' (P:0 D:0)
[2018.02.15-10.30.48:770][  0]LogWindows: DebugString: GetVideoDriverDetailsInvalid PrimaryIsNotTheChoosenAdapter GetVideoDriverDetailsInvalid PrimaryIsNotTheChoosenAdapter GetVideoDriverDetailsInvalid PrimaryIsNotTheChoosenAdapter FoundDriverCount:0 
[2018.02.15-10.30.48:770][  0]LogD3D11RHI:     Adapter Name: NVIDIA GeForce GTX 950M
[2018.02.15-10.30.48:770][  0]LogD3D11RHI:   Driver Version: Unknown (internal:Unknown, unified:Unknown)
[2018.02.15-10.30.48:770][  0]LogD3D11RHI:      Driver Date: Unknown
[2018.02.15-10.30.48:770][  0]LogRHI: Texture pool is 1413 MB (70% of 2018 MB)
[2018.02.15-10.30.48:782][  0]LogD3D11RHI: Async texture creation enabled
[2018.02.15-10.30.48:797][  0]LogD3D11RHI: GPU Timing Frequency: 1000.000000 (Debug: 2 1)
[2018.02.15-10.30.48:798][  0]LogShaderCompilers: Guid format shader working directory is -8 characters bigger than the processId version (../../../../../../Users/ASUS/Desktop/Cassiopée/stier/Intermediate/Shaders/WorkingDirectory/10924/).
[2018.02.15-10.30.48:798][  0]LogShaderCompilers: Cleaned the shader compiler working directory 'C:/Users/ASUS/AppData/Local/Temp/UnrealShaderWorkingDir/90F19CC64AD0932555A0D98FBD4C304A/'.
[2018.02.15-10.30.48:798][  0]LogShaderCompilers: Display: Using Local Shader Compiler.
[2018.02.15-10.30.50:034][  0]LogTemp: Display: Loaded TP AllDesktopTargetPlatform
[2018.02.15-10.30.50:103][  0]LogTemp: Display: Loaded TP MacClientTargetPlatform
[2018.02.15-10.30.50:166][  0]LogTemp: Display: Loaded TP MacNoEditorTargetPlatform
[2018.02.15-10.30.50:229][  0]LogTemp: Display: Loaded TP MacServerTargetPlatform
[2018.02.15-10.30.50:291][  0]LogTemp: Display: Loaded TP MacTargetPlatform
[2018.02.15-10.30.50:354][  0]LogTemp: Display: Loaded TP WindowsClientTargetPlatform
[2018.02.15-10.30.50:433][  0]LogTemp: Display: Loaded TP WindowsNoEditorTargetPlatform
[2018.02.15-10.30.50:505][  0]LogTemp: Display: Loaded TP WindowsServerTargetPlatform
[2018.02.15-10.30.50:568][  0]LogTemp: Display: Loaded TP WindowsTargetPlatform
[2018.02.15-10.30.50:635][  0]LogTemp: Display: Loaded TP Android_ASTCTargetPlatform
[2018.02.15-10.30.50:705][  0]LogTemp: Display: Loaded TP Android_ATCTargetPlatform
[2018.02.15-10.30.50:771][  0]LogTemp: Display: Loaded TP Android_DXTTargetPlatform
[2018.02.15-10.30.50:834][  0]LogTemp: Display: Loaded TP Android_ETC1TargetPlatform
[2018.02.15-10.30.50:898][  0]LogTemp: Display: Loaded TP Android_ETC2TargetPlatform
[2018.02.15-10.30.51:023][  0]LogTemp: Display: Loaded TP Android_MultiTargetPlatform
[2018.02.15-10.30.51:023][  0]LogTemp: Display: Loaded TP Android_PVRTCTargetPlatform
[2018.02.15-10.30.51:090][  0]LogTemp: Display: Loaded TP AndroidTargetPlatform
[2018.02.15-10.30.51:141][  0]LogTemp: Display: Loaded TP HTML5TargetPlatform
[2018.02.15-10.30.51:252][  0]LogTemp: Display: Loaded TP IOSTargetPlatform
[2018.02.15-10.30.51:288][  0]LogTemp: Display: Loaded TP TVOSTargetPlatform
[2018.02.15-10.30.51:352][  0]LogTemp: Display: Loaded TP LinuxClientTargetPlatform
[2018.02.15-10.30.51:413][  0]LogTemp: Display: Loaded TP LinuxNoEditorTargetPlatform
[2018.02.15-10.30.51:474][  0]LogTemp: Display: Loaded TP LinuxServerTargetPlatform
[2018.02.15-10.30.51:534][  0]LogTemp: Display: Loaded TP LinuxTargetPlatform
[2018.02.15-10.30.51:534][  0]LogTargetPlatformManager: Display: Building Assets For Windows
[2018.02.15-10.30.52:100][  0]LogDerivedDataCache: Display: Max Cache Size: 512 MB
[2018.02.15-10.30.52:214][  0]LogDerivedDataCache: Loaded boot cache 0.11s 103MB C:/Users/ASUS/AppData/Local/UnrealEngine/4.18/DerivedDataCache/Boot.ddc.
[2018.02.15-10.30.52:214][  0]LogDerivedDataCache: Display: Loaded Boot cache: C:/Users/ASUS/AppData/Local/UnrealEngine/4.18/DerivedDataCache/Boot.ddc
[2018.02.15-10.30.52:215][  0]LogDerivedDataCache: FDerivedDataBackendGraph:  Pak pak cache file ../../../../../../Users/ASUS/Desktop/Cassiopée/stier/DerivedDataCache/DDC.ddp not found, will not use a pak cache.
[2018.02.15-10.30.52:215][  0]LogDerivedDataCache: Unable to find inner node Pak for hierarchical cache Hierarchy.
[2018.02.15-10.30.52:215][  0]LogDerivedDataCache: FDerivedDataBackendGraph:  CompressedPak pak cache file ../../../../../../Users/ASUS/Desktop/Cassiopée/stier/DerivedDataCache/Compressed.ddp not found, will not use a pak cache.
[2018.02.15-10.30.52:215][  0]LogDerivedDataCache: Unable to find inner node CompressedPak for hierarchical cache Hierarchy.
[2018.02.15-10.30.52:235][  0]LogDerivedDataCache: Display: Pak cache opened for reading ../../../Engine/DerivedDataCache/Compressed.ddp.
[2018.02.15-10.30.52:246][  0]LogDerivedDataCache: Using Local data cache path C:/Users/ASUS/AppData/Local/UnrealEngine/Common/DerivedDataCache: Writable
[2018.02.15-10.30.52:258][  0]LogMaterial: Verifying Global Shaders for PCD3D_SM5
[2018.02.15-10.30.52:260][  0]LogSlate: Using Freetype 2.6.0
[2018.02.15-10.30.52:261][  0]LogSlate: SlateFontCache - WITH_FREETYPE: 1, WITH_HARFBUZZ: 1
[2018.02.15-10.30.52:261][  0]LogSlate: SlateFontCache - WITH_FREETYPE: 1, WITH_HARFBUZZ: 1
[2018.02.15-10.30.52:685][  0]LogInit: Selected Device Profile: [Windows]
[2018.02.15-10.30.53:090][  0]LogSimplygon: Simplygon DLL not present - disabling.
[2018.02.15-10.30.53:138][  0]LogMeshReduction: Using SimplygonSwarm for distributed automatic mesh merging
[2018.02.15-10.30.53:138][  0]LogMeshReduction: Using QuadricMeshReduction for automatic static mesh reduction
[2018.02.15-10.30.53:138][  0]LogMeshReduction: No automatic skeletal mesh reduction module available
[2018.02.15-10.30.53:138][  0]LogMeshReduction: No automatic mesh merging module available
[2018.02.15-10.30.53:138][  0]LogMeshMerging: No automatic mesh merging module available
[2018.02.15-10.30.53:176][  0]LogNetVersion: Blocks , NetCL: 3709383, EngineNetVer: 2, GameNetVer: 0 (Checksum: 1559670006)
[2018.02.15-10.30.53:387][  0]LogAssetRegistry: FAssetRegistry took 0.0264 seconds to start up
[2018.02.15-10.30.53:976][  0]LogPackageLocalizationCache: Processed 8 localized package path(s) for 1 prioritized culture(s) in 0.044487 seconds
[2018.02.15-10.30.53:982][  0]LogUObjectArray: 35870 objects as part of root set at end of initial load.
[2018.02.15-10.30.53:982][  0]LogUObjectAllocator: 7363704 out of 0 bytes used by permanent object pool.
[2018.02.15-10.30.53:982][  0]LogUObjectArray: CloseDisregardForGC: 0/0 objects in disregard for GC pool
[2018.02.15-10.30.54:047][  0]LogInit: WinSock: version 1.1 (2.2), MaxSocks=32767, MaxUdp=65467
[2018.02.15-10.30.57:345][  0]LogTcpMessaging: Initializing TcpMessaging bridge
[2018.02.15-10.30.57:395][  0]LogUdpMessaging: Initializing bridge on interface 0.0.0.0:0 to multicast group 230.0.0.1:6666.
[2018.02.15-10.30.58:333][  0]LogLinker: Warning: Asset '../../../../../../Users/ASUS/Desktop/Cassiopée/stier/Plugins/AirSim/Content/VehicleAdv/SUV/SuvCarPawn.uasset' has been saved with empty engine version. The asset will be loaded but may be incompatible.
[2018.02.15-10.30.58:345][  0]LogLinker: Warning: Asset '../../../../../../Users/ASUS/Desktop/Cassiopée/stier/Plugins/AirSim/Content/VehicleAdv/SUV/SuvBackTireData.uasset' has been saved with empty engine version. The asset will be loaded but may be incompatible.
[2018.02.15-10.30.58:348][  0]LogLinker: Warning: Asset '../../../../../../Users/ASUS/Desktop/Cassiopée/stier/Plugins/AirSim/Content/VehicleAdv/SUV/SuvFrontTireData.uasset' has been saved with empty engine version. The asset will be loaded but may be incompatible.
[2018.02.15-10.30.59:928][  0]LogMaterial: Uniform references updated for custom material expression Custom.
[2018.02.15-10.31.00:450][  0]SourceControl: Source control is disabled
[2018.02.15-10.31.00:450][  0]SourceControl: Source control is disabled
[2018.02.15-10.31.00:515][  0]SourceControl: Source control is disabled
[2018.02.15-10.31.00:579][  0]SourceControl: Source control is disabled
[2018.02.15-10.31.01:577][  0]LogAndroidPermission: UAndroidPermissionCallbackProxy::GetInstance
[2018.02.15-10.31.01:907][  0]LogOcInput: OculusInput pre-init called
[2018.02.15-10.31.02:232][  0]LogEngine: Initializing Engine...
[2018.02.15-10.31.02:235][  0]LogHMD: Failed to initialize OpenVR with code 110
[2018.02.15-10.31.02:549][  0]LogStats: UGameplayTagsManager::ConstructGameplayTagTree: Construct from data asset -  0.000 s
[2018.02.15-10.31.02:549][  0]LogStats: UGameplayTagsManager::ConstructGameplayTagTree: GameplayTagTreeChangedEvent.Broadcast -  0.000 s
[2018.02.15-10.31.02:712][  0]LogAIModule: Creating AISystem for world Untitled
[2018.02.15-10.31.02:734][  0]LogInit: XAudio2 using 'Speakers (Conexant SmartAudio HD)' : 2 channels at 48 kHz using 32 bits per sample (channel mask 0x3)
[2018.02.15-10.31.02:776][  0]LogInit: FAudioDevice initialized.
[2018.02.15-10.31.02:999][  0]LogDerivedDataCache: Saved boot cache 0.22s 103MB C:/Users/ASUS/AppData/Local/UnrealEngine/4.18/DerivedDataCache/Boot.ddc.
[2018.02.15-10.31.03:023][  0]LogInit: Texture streaming: Enabled
[2018.02.15-10.31.03:144][  0]LogEngineSessionManager: EngineSessionManager initialized
[2018.02.15-10.31.03:298][  0]LogInit: Transaction tracking system initialized
[2018.02.15-10.31.03:671][  0]BlueprintLog: New page: Editor Load
[2018.02.15-10.31.04:777][  0]LocalizationService: Localization service is disabled
[2018.02.15-10.31.05:675][  0]LogConsoleResponse: Display: 
[2018.02.15-10.31.05:899][  0]LogCook: Display: Max memory allowance for cook 16384mb min free memory 0mb
[2018.02.15-10.31.05:900][  0]LogCook: Display: Mobile HDR setting 1
[2018.02.15-10.31.05:900][  0]LogGameplayTags: Display: UGameplayTagsManager::DoneAddingNativeTags. DelegateIsBound: 0
[2018.02.15-10.31.07:299][  0]LogFileCache: Scanning file cache for directory 'C:/Users/ASUS/Desktop/Cassiopée/stier/Content/' took 0.01s
[2018.02.15-10.31.07:356][  0]SourceControl: Source control is disabled
[2018.02.15-10.31.07:356][  0]Cmd: MAP LOAD FILE="../../../../../../Users/ASUS/Desktop/Cassiopée/stier/Content/FlyingCPP/Maps/FlyingExampleMap.umap" TEMPLATE=0 SHOWPROGRESS=1 FEATURELEVEL=3
[2018.02.15-10.31.07:356][  0]LightingResults: New page: Lighting Build
[2018.02.15-10.31.07:406][  0]MapCheck: New page: Map Check
[2018.02.15-10.31.07:406][  0]LightingResults: New page: Lighting Build
[2018.02.15-10.31.07:701][  0]LogAIModule: Creating AISystem for world FlyingExampleMap
[2018.02.15-10.31.07:751][  0]LogEditorServer: Finished looking for orphan Actors (0.000 secs)
[2018.02.15-10.31.07:765][  0]Cmd: MAP CHECKDEP NOCLEARLOG
[2018.02.15-10.31.07:842][  0]MapCheck: Map check complete: 0 Error(s), 0 Warning(s), took 77.181ms to complete.
[2018.02.15-10.31.07:842][  0]LogFileHelpers: Loading map 'FlyingExampleMap' took 0.487
[2018.02.15-10.31.08:017][  0]LogCollectionManager: Loaded 0 collections in 0.002079 seconds
[2018.02.15-10.31.08:116][  0]LogFileCache: Scanning file cache for directory 'C:/Users/ASUS/Desktop/Cassiopée/stier/Saved/Collections/' took 0.01s
[2018.02.15-10.31.08:116][  0]LogFileCache: Scanning file cache for directory 'C:/Users/ASUS/Desktop/Cassiopée/stier/Content/Developers/ASUS/Collections/' took 0.01s
[2018.02.15-10.31.08:117][  0]LogFileCache: Scanning file cache for directory 'C:/Users/ASUS/Desktop/Cassiopée/stier/Content/Collections/' took 0.01s
[2018.02.15-10.31.08:117][  0]LogCollectionManager: Rebuilt the GUID cache for 0 collections in 0.000001 seconds
[2018.02.15-10.31.08:132][  0]LogContentBrowser: Native class hierarchy populated in 0.0153 seconds. Added 2378 classes and 525 folders.
[2018.02.15-10.31.08:224][  0]LogContentBrowser: Native class hierarchy updated for 'WidgetCarousel' in 0.0010 seconds. Added 0 classes and 0 folders.
[2018.02.15-10.31.08:285][  0]LogContentBrowser: Native class hierarchy updated for 'AddContentDialog' in 0.0007 seconds. Added 0 classes and 0 folders.
[2018.02.15-10.31.08:348][  0]LogContentBrowser: Native class hierarchy updated for 'SceneOutliner' in 0.0009 seconds. Added 1 classes and 2 folders.
[2018.02.15-10.31.08:409][  0]LogSlate: Took 0.000204 seconds to synchronously load lazily loaded font '../../../Engine/Content/Slate/Fonts/Roboto-Regular.ttf' (155K)
[2018.02.15-10.31.08:412][  0]LogSlate: Took 0.000209 seconds to synchronously load lazily loaded font '../../../Engine/Content/Slate/Fonts/Roboto-Bold.ttf' (160K)
[2018.02.15-10.31.08:420][  0]LogSlate: Took 0.000250 seconds to synchronously load lazily loaded font '../../../Engine/Content/Editor/Slate/Fonts/FontAwesome.ttf' (139K)
[2018.02.15-10.31.08:553][  0]LogRenderer: Reallocating scene render targets to support 964x460 Format 10 NumSamples 1 (Frame:1).
[2018.02.15-10.31.08:806][  0]LogContentBrowser: Native class hierarchy updated for 'HierarchicalLODOutliner' in 0.0009 seconds. Added 1 classes and 2 folders.
[2018.02.15-10.31.08:806][  0]LogLoad: (Engine Initialization) Total time: 25.01 seconds
[2018.02.15-10.31.08:806][  0]LogLoad: (Engine Initialization) Total Blueprint compile time: 0.00 seconds
[2018.02.15-10.31.08:806][  0]LogExternalProfiler: Found external profiler: VSPerf
[2018.02.15-10.31.08:806][  0]LogExternalProfiler: Using external profiler: VSPerf
[2018.02.15-10.31.08:852][  0]LogContentStreaming: Texture pool size now 1000 MB
[2018.02.15-10.31.08:900][  0]LogSlate: Took 0.000160 seconds to synchronously load lazily loaded font '../../../Engine/Content/Slate/Fonts/Roboto-Light.ttf' (159K)
[2018.02.15-10.31.08:908][  1]LogEditorViewport: Clicking on Actor (LMB): StaticMeshActor (TemplateCube_Rounded_22)
[2018.02.15-10.31.09:232][  1]LogAssetRegistry: Asset discovery search completed in 15.8662 seconds
[2018.02.15-10.31.09:233][  1]LogCollectionManager: Rebuilt the object cache for 0 collections in 0.000000 seconds (found 0 objects)
[2018.02.15-10.31.09:233][  1]LogCollectionManager: Fixed up redirectors for 0 collections in 0.000073 seconds (updated 0 objects)
[2018.02.15-10.31.09:840][ 29]LogSlate: Took 0.000218 seconds to synchronously load lazily loaded font '../../../Engine/Content/Slate/Fonts/Roboto-Light.ttf' (159K)
[2018.02.15-10.31.10:937][ 95]LogEditorViewport: Clicking on Actor (LMB): StaticMeshActor (Ground_6)
[2018.02.15-10.31.16:618][425]LogSlate: Took 0.000174 seconds to synchronously load lazily loaded font '../../../Engine/Content/Slate/Fonts/Roboto-Light.ttf' (159K)
[2018.02.15-10.31.16:663][425]LogTexture: Display: Building textures: ShadowMapTexture2D_2 (G8, 1024X512)
[2018.02.15-10.31.16:663][425]LogTexture: Display: Building textures: SkyOcclusion0_1 (AutoDXT, 1024X512)
[2018.02.15-10.31.16:852][425]LogTexture: Display: Building textures: LQ_Lightmap_0_1 (DXT1, 1024X1024)
[2018.02.15-10.31.16:853][425]LogTexture: Display: Building textures: HQ_Lightmap0_1 (AutoDXT, 1024X1024)
[2018.02.15-10.31.16:854][425]LogAIModule: Creating AISystem for world World1
[2018.02.15-10.31.16:940][425]Cmd: MAP LOAD FILE="../../../../../../Users/ASUS/Desktop/Cassiopée/stier/Plugins/AirSim/Content/Blueprints/World1.umap" TEMPLATE=0 SHOWPROGRESS=1 FEATURELEVEL=3
[2018.02.15-10.31.16:940][425]LightingResults: New page: Lighting Build
[2018.02.15-10.31.16:941][425]LoadErrors: New page: Loading map: World1.umap
[2018.02.15-10.31.16:945][425]MapCheck: New page: Map Check
[2018.02.15-10.31.16:945][425]LightingResults: New page: Lighting Build
[2018.02.15-10.31.16:978][425]LogEditorServer: Finished looking for orphan Actors (0.000 secs)
[2018.02.15-10.31.17:020][425]Cmd: MAP CHECKDEP NOCLEARLOG
[2018.02.15-10.31.17:098][425]MapCheck: Map check complete: 0 Error(s), 0 Warning(s), took 76.932ms to complete.
[2018.02.15-10.31.17:098][425]LogFileHelpers: Loading map 'World1' took 0.158
[2018.02.15-10.31.22:147][692]LogContentBrowser: Native class hierarchy updated for 'BlueprintGraph' in 0.0011 seconds. Added 116 classes and 0 folders.
[2018.02.15-10.31.22:863][692]LogSlate: Took 0.000204 seconds to synchronously load lazily loaded font '../../../Engine/Content/Editor/Slate/Fonts/Roboto-BoldCondensed.ttf' (158K)
[2018.02.15-10.31.25:179][825]LogSlate: Took 0.000215 seconds to synchronously load lazily loaded font '../../../Engine/Content/Editor/Slate/Fonts/Roboto-Italic.ttf' (157K)
[2018.02.15-10.31.57:218][596]Warning: RebindPackages not possible for specified packages (or application was compiled in monolithic mode.)
[2018.02.15-10.32.09:740][316]BlueprintLog: New page: Compile BaseHUD
[2018.02.15-10.32.11:661][413]LogTemp: Repeating last play command: Selected Viewport
[2018.02.15-10.32.11:783][413]LogPlayLevel: PlayLevel: No blueprints needed recompiling
[2018.02.15-10.32.11:803][413]PIE: New page: PIE session: World1 (Feb 15, 2018, 12:32:11 PM)
[2018.02.15-10.32.11:803][413]LogPlayLevel: Creating play world package: /AirSim/Blueprints/UEDPIE_0_World1
[2018.02.15-10.32.11:837][413]LogPlayLevel: PIE: StaticDuplicateObject took: (0.033661s)
[2018.02.15-10.32.11:837][413]LogAIModule: Creating AISystem for world World1
[2018.02.15-10.32.11:837][413]LogPlayLevel: PIE: World Init took: (0.000735s)
[2018.02.15-10.32.11:838][413]LogPlayLevel: PIE: Created PIE world by copying editor world from /AirSim/Blueprints/World1.World1 to /AirSim/Blueprints/UEDPIE_0_World1.World1 (0.034691s)
[2018.02.15-10.32.11:865][413]LogInit: XAudio2 using 'Speakers (Conexant SmartAudio HD)' : 2 channels at 48 kHz using 32 bits per sample (channel mask 0x3)
[2018.02.15-10.32.11:904][413]LogInit: FAudioDevice initialized.
[2018.02.15-10.32.11:999][413]LogLinker: Warning: Can't find file '/Script/Blocks'
[2018.02.15-10.32.11:999][413]LogLinker: Warning: Can't find file '/Script/Blocks'
[2018.02.15-10.32.11:999][413]LogUObjectGlobals: Warning: Failed to find object 'Class /Script/Blocks.BlocksGameMode'
[2018.02.15-10.32.11:999][413]LogLoad: Game class is 'GameModeBase'
[2018.02.15-10.32.12:007][413]LogWorld: Bringing World /AirSim/Blueprints/UEDPIE_0_World1.World1 up for play (max tick rate 60) at 2018.02.15-11.32.12
[2018.02.15-10.32.12:036][413]LogWorld: Bringing up level for play took: 0.034890
[2018.02.15-10.32.12:126][413]LogContentBrowser: Native class hierarchy updated for 'MovieSceneCapture' in 0.0014 seconds. Added 11 classes and 0 folders.
[2018.02.15-10.32.12:128][413]PIE: Play in editor start time for /AirSim/Blueprints/UEDPIE_0_World1 -0.207
[2018.02.15-10.32.12:183][413]LogRenderer: Reallocating scene render targets to support 1024x576 Format 10 NumSamples 1 (Frame:1).
[2018.02.15-10.32.28:551][391]LogWindowsTextInputMethodSystem: Display: IME system now deactivated.
[2018.02.15-10.32.28:552][391]LogWindowsTextInputMethodSystem: Display: IME system now deactivated.
[2018.02.15-10.32.53:375][856]LogPlayLevel: Launcher Device ID: WindowsNoEditor@DESKTOP-EBDG29O
[2018.02.15-10.32.53:393][856]LogPlayLevel: PlayLevel: No blueprints needed recompiling
[2018.02.15-10.32.53:402][856]LogCook: Display: Creating asset registry
[2018.02.15-10.32.53:825][856]LogCook: Display: Cooked content cleared for platform AllDesktop
[2018.02.15-10.32.53:866][856]LogCook: Display: Unable to read previous cook inisettings for platform AllDesktop invalidating cook
[2018.02.15-10.32.53:923][856]LogCook: Display: Cooked content cleared for platform MacClient
[2018.02.15-10.32.53:923][856]LogCook: Display: Unable to read previous cook inisettings for platform MacClient invalidating cook
[2018.02.15-10.32.53:975][856]LogCook: Display: Cooked content cleared for platform MacNoEditor
[2018.02.15-10.32.53:975][856]LogCook: Display: Unable to read previous cook inisettings for platform MacNoEditor invalidating cook
[2018.02.15-10.32.54:030][856]LogCook: Display: Cooked content cleared for platform MacServer
[2018.02.15-10.32.54:031][856]LogCook: Display: Unable to read previous cook inisettings for platform MacServer invalidating cook
[2018.02.15-10.32.54:083][856]LogCook: Display: Cooked content cleared for platform Mac
[2018.02.15-10.32.54:083][856]LogCook: Display: Unable to read previous cook inisettings for platform Mac invalidating cook
[2018.02.15-10.32.54:134][856]LogCook: Display: Cooked content cleared for platform WindowsClient
[2018.02.15-10.32.54:134][856]LogCook: Display: Unable to read previous cook inisettings for platform WindowsClient invalidating cook
[2018.02.15-10.32.54:188][856]LogCook: Display: Cooked content cleared for platform WindowsNoEditor
[2018.02.15-10.32.54:189][856]LogCook: Display: Unable to read previous cook inisettings for platform WindowsNoEditor invalidating cook
[2018.02.15-10.32.54:242][856]LogCook: Display: Cooked content cleared for platform WindowsServer
[2018.02.15-10.32.54:243][856]LogCook: Display: Unable to read previous cook inisettings for platform WindowsServer invalidating cook
[2018.02.15-10.32.54:295][856]LogCook: Display: Cooked content cleared for platform Windows
[2018.02.15-10.32.54:295][856]LogCook: Display: Unable to read previous cook inisettings for platform Windows invalidating cook
[2018.02.15-10.32.54:346][856]LogCook: Display: Cooked content cleared for platform Android_ASTC
[2018.02.15-10.32.54:346][856]LogCook: Display: Unable to read previous cook inisettings for platform Android_ASTC invalidating cook
[2018.02.15-10.32.54:397][856]LogCook: Display: Cooked content cleared for platform Android_ATC
[2018.02.15-10.32.54:398][856]LogCook: Display: Unable to read previous cook inisettings for platform Android_ATC invalidating cook
[2018.02.15-10.32.54:449][856]LogCook: Display: Cooked content cleared for platform Android_DXT
[2018.02.15-10.32.54:449][856]LogCook: Display: Unable to read previous cook inisettings for platform Android_DXT invalidating cook
[2018.02.15-10.32.54:503][856]LogCook: Display: Cooked content cleared for platform Android_ETC1
[2018.02.15-10.32.54:503][856]LogCook: Display: Unable to read previous cook inisettings for platform Android_ETC1 invalidating cook
[2018.02.15-10.32.54:556][856]LogCook: Display: Cooked content cleared for platform Android_ETC2
[2018.02.15-10.32.54:556][856]LogCook: Display: Unable to read previous cook inisettings for platform Android_ETC2 invalidating cook
[2018.02.15-10.32.54:609][856]LogCook: Display: Cooked content cleared for platform Android_Multi
[2018.02.15-10.32.54:610][856]LogCook: Display: Unable to read previous cook inisettings for platform Android_Multi invalidating cook
[2018.02.15-10.32.54:661][856]LogCook: Display: Cooked content cleared for platform Android_PVRTC
[2018.02.15-10.32.54:661][856]LogCook: Display: Unable to read previous cook inisettings for platform Android_PVRTC invalidating cook
[2018.02.15-10.32.54:712][856]LogCook: Display: Cooked content cleared for platform Android
[2018.02.15-10.32.54:712][856]LogCook: Display: Unable to read previous cook inisettings for platform Android invalidating cook
[2018.02.15-10.32.54:765][856]LogCook: Display: Cooked content cleared for platform HTML5
[2018.02.15-10.32.54:766][856]LogCook: Display: Unable to read previous cook inisettings for platform HTML5 invalidating cook
[2018.02.15-10.32.54:816][856]LogCook: Display: Cooked content cleared for platform IOS
[2018.02.15-10.32.54:817][856]LogCook: Display: Unable to read previous cook inisettings for platform IOS invalidating cook
[2018.02.15-10.32.54:868][856]LogCook: Display: Cooked content cleared for platform TVOS
[2018.02.15-10.32.54:869][856]LogCook: Display: Unable to read previous cook inisettings for platform TVOS invalidating cook
[2018.02.15-10.32.54:920][856]LogCook: Display: Cooked content cleared for platform LinuxClient
[2018.02.15-10.32.54:921][856]LogCook: Display: Unable to read previous cook inisettings for platform LinuxClient invalidating cook
[2018.02.15-10.32.54:974][856]LogCook: Display: Cooked content cleared for platform LinuxNoEditor
[2018.02.15-10.32.54:974][856]LogCook: Display: Unable to read previous cook inisettings for platform LinuxNoEditor invalidating cook
[2018.02.15-10.32.55:036][856]LogCook: Display: Cooked content cleared for platform LinuxServer
[2018.02.15-10.32.55:036][856]LogCook: Display: Unable to read previous cook inisettings for platform LinuxServer invalidating cook
[2018.02.15-10.32.55:094][856]LogCook: Display: Cooked content cleared for platform Linux
[2018.02.15-10.32.55:094][856]LogCook: Display: Unable to read previous cook inisettings for platform Linux invalidating cook
[2018.02.15-10.32.55:156][856]LogCook: Display: Sandbox cleanup took 1.331 seconds for platforms AllDesktop MacClient MacNoEditor MacServer Mac WindowsClient WindowsNoEditor WindowsServer Windows Android_ASTC Android_ATC Android_DXT Android_ETC1 Android_ETC2 Android_Multi Android_PVRTC Android HTML5 IOS TVOS LinuxClient LinuxNoEditor LinuxServer Linux  iterative false
[2018.02.15-10.32.56:125][856]LogMaterial: Verifying Global Shaders for PCD3D_SM4
[2018.02.15-10.32.56:585][857]LogMaterial: Missing cached shader map for material MatineeCam_mat, compiling. 
[2018.02.15-10.32.56:762][858]LogCook: Display: Cooking /Engine/Tutorial/Landscape/Landscape_Manage_Mode -> C:/Users/ASUS/Desktop/Cassiopée/stier/Saved/EditorCooked/WindowsNoEditor/Engine/Content/Tutorial/Landscape/Landscape_Manage_Mode.uasset
[2018.02.15-10.32.56:763][858]LogSavePackage: Display: No exports found (or all exports are editor-only) for Landscape_Manage_Mode. Package will not be saved.
[2018.02.15-10.32.56:948][858]LogContentBrowser: Native class hierarchy updated for 'BlueprintNativeCodeGen' in 0.0010 seconds. Added 0 classes and 0 folders.
[2018.02.15-10.32.57:072][859]LogCook: Display: Cooking /Engine/Tutorial/Landscape/Landscape_Sculpt_Mode -> C:/Users/ASUS/Desktop/Cassiopée/stier/Saved/EditorCooked/WindowsNoEditor/Engine/Content/Tutorial/Landscape/Landscape_Sculpt_Mode.uasset
[2018.02.15-10.32.57:072][859]LogSavePackage: Display: No exports found (or all exports are editor-only) for Landscape_Sculpt_Mode. Package will not be saved.
[2018.02.15-10.32.57:072][859]LogCook: Display: Cooking /Engine/EditorResources/S_Actor -> C:/Users/ASUS/Desktop/Cassiopée/stier/Saved/EditorCooked/WindowsNoEditor/Engine/Content/EditorResources/S_Actor.uasset
[2018.02.15-10.32.57:073][859]LogSavePackage: Save=0.75ms
[2018.02.15-10.32.57:073][859]LogSavePackage: Async saving from memory to 'C:/Users/ASUS/Desktop/Cassiopée/stier/Saved/EditorCooked/WindowsNoEditor/Engine/Content/EditorResources/S_Actor.uasset'
[2018.02.15-10.32.57:073][859]LogSavePackage: Display: Finished SavePackage C:/Users/ASUS/Desktop/Cassiopée/stier/Saved/EditorCooked/WindowsNoEditor/Engine/Content/EditorResources/S_Actor.uasset
[2018.02.15-10.32.57:163][859]LogCook: Display: Cooking /Engine/EditorResources/S_ExpoHeightFog -> C:/Users/ASUS/Desktop/Cassiopée/stier/Saved/EditorCooked/WindowsNoEditor/Engine/Content/EditorResources/S_ExpoHeightFog.uasset
[2018.02.15-10.32.57:164][859]LogSavePackage: Save=0.63ms
[2018.02.15-10.32.57:164][859]LogSavePackage: Async saving from memory to 'C:/Users/ASUS/Desktop/Cassiopée/stier/Saved/EditorCooked/WindowsNoEditor/Engine/Content/EditorResources/S_ExpoHeightFog.uasset'
[2018.02.15-10.32.57:164][859]LogSavePackage: Display: Finished SavePackage C:/Users/ASUS/Desktop/Cassiopée/stier/Saved/EditorCooked/WindowsNoEditor/Engine/Content/EditorResources/S_ExpoHeightFog.uasset
[2018.02.15-10.32.57:210][860]LogCook: Display: Cooking /Engine/Tutorial/Landscape/Landscape_Painting_Mode -> C:/Users/ASUS/Desktop/Cassiopée/stier/Saved/EditorCooked/WindowsNoEditor/Engine/Content/Tutorial/Landscape/Landscape_Painting_Mode.uasset
[2018.02.15-10.32.57:211][860]LogSavePackage: Display: No exports found (or all exports are editor-only) for Landscape_Painting_Mode. Package will not be saved.
[2018.02.15-10.32.57:211][860]LogCook: Display: Cooking /Engine/EditorResources/S_ReflActorIcon -> C:/Users/ASUS/Desktop/Cassiopée/stier/Saved/EditorCooked/WindowsNoEditor/Engine/Content/EditorResources/S_ReflActorIcon.uasset
[2018.02.15-10.32.57:211][860]LogSavePackage: Save=0.49ms
[2018.02.15-10.32.57:211][860]LogSavePackage: Async saving from memory to 'C:/Users/ASUS/Desktop/Cassiopée/stier/Saved/EditorCooked/WindowsNoEditor/Engine/Content/EditorResources/S_ReflActorIcon.uasset'
[2018.02.15-10.32.57:211][860]LogSavePackage: Display: Finished SavePackage C:/Users/ASUS/Desktop/Cassiopée/stier/Saved/EditorCooked/WindowsNoEditor/Engine/Content/EditorResources/S_ReflActorIcon.uasset
[2018.02.15-10.32.57:212][860]LogCook: Display: Cooking /Engine/EditorMeshes/MatineeCam_SM -> C:/Users/ASUS/Desktop/Cassiopée/stier/Saved/EditorCooked/WindowsNoEditor/Engine/Content/EditorMeshes/MatineeCam_SM.uasset
[2018.02.15-10.32.57:213][860]LogSavePackage: Save=1.46ms
[2018.02.15-10.32.57:213][860]LogSavePackage: Async saving from memory to 'C:/Users/ASUS/Desktop/Cassiopée/stier/Saved/EditorCooked/WindowsNoEditor/Engine/Content/EditorMeshes/MatineeCam_SM.uasset'
[2018.02.15-10.32.57:213][860]LogSavePackage: Display: Finished SavePackage C:/Users/ASUS/Desktop/Cassiopée/stier/Saved/EditorCooked/WindowsNoEditor/Engine/Content/EditorMeshes/MatineeCam_SM.uasset
[2018.02.15-10.32.57:253][860]LogMaterial: Missing cached shader map for material WorldGridMaterial, compiling. Is special engine material.
